16:50:28 **** Build of configuration Debug for project SudokuQlik ****
make all 
Building file: ../src/Solver.cpp
Invoking: GCC C++ Compiler
g++ -D_DEBUG=1 -O0 -g3 -Wall -c -fmessage-length=0 -MMD -MP -MF"src/Solver.d" -MT"src/Solver.d" -o "src/Solver.o" "../src/Solver.cpp"
Finished building: ../src/Solver.cpp
 
Building file: ../src/Sudoku.cpp
Invoking: GCC C++ Compiler
g++ -D_DEBUG=1 -O0 -g3 -Wall -c -fmessage-length=0 -MMD -MP -MF"src/Sudoku.d" -MT"src/Sudoku.d" -o "src/Sudoku.o" "../src/Sudoku.cpp"
Finished building: ../src/Sudoku.cpp
 
Building file: ../src/SudokuQlik.cpp
Invoking: GCC C++ Compiler
g++ -D_DEBUG=1 -O0 -g3 -Wall -c -fmessage-length=0 -MMD -MP -MF"src/SudokuQlik.d" -MT"src/SudokuQlik.d" -o "src/SudokuQlik.o" "../src/SudokuQlik.cpp"
Finished building: ../src/SudokuQlik.cpp
 
Building target: SudokuQlik
Invoking: GCC C++ Linker
g++ -pthread -L-L/opt/boost/boost_1_57_0/stage/lib -o "SudokuQlik"  ./src/Solver.o ./src/Sudoku.o ./src/SudokuQlik.o   -lboost_system -lboost_thread
Finished building target: SudokuQlik
 
16:51:37 **** Clean-only build of configuration Debug for project SudokuQlik ****
make clean 
rm -rf  ./src/Solver.o ./src/Sudoku.o ./src/SudokuQlik.o  ./src/Solver.d ./src/Sudoku.d ./src/SudokuQlik.d  SudokuQlik
 
16:51:40 **** Build of configuration Debug for project SudokuQlik ****
make all 
Building file: ../src/Solver.cpp
Invoking: GCC C++ Compiler
g++ -D_DEBUG=1 -O0 -g3 -Wall -c -fmessage-length=0 -MMD -MP -MF"src/Solver.d" -MT"src/Solver.d" -o "src/Solver.o" "../src/Solver.cpp"
Finished building: ../src/Solver.cpp
 
Building file: ../src/Sudoku.cpp
Invoking: GCC C++ Compiler
g++ -D_DEBUG=1 -O0 -g3 -Wall -c -fmessage-length=0 -MMD -MP -MF"src/Sudoku.d" -MT"src/Sudoku.d" -o "src/Sudoku.o" "../src/Sudoku.cpp"
Finished building: ../src/Sudoku.cpp
 
Building file: ../src/SudokuQlik.cpp
Invoking: GCC C++ Compiler
g++ -D_DEBUG=1 -O0 -g3 -Wall -c -fmessage-length=0 -MMD -MP -MF"src/SudokuQlik.d" -MT"src/SudokuQlik.d" -o "src/SudokuQlik.o" "../src/SudokuQlik.cpp"
Finished building: ../src/SudokuQlik.cpp
 
Building target: SudokuQlik
Invoking: GCC C++ Linker
g++ -pthread -L-L/opt/boost/boost_1_57_0/stage/lib -o "SudokuQlik"  ./src/Solver.o ./src/Sudoku.o ./src/SudokuQlik.o   -lboost_system -lboost_thread
Finished building target: SudokuQlik
 
17:25:27 **** Incremental Build of configuration Debug for project SudokuQlik ****
make all 
Building file: ../src/Solver.cpp
Invoking: GCC C++ Compiler
g++ -D_DEBUG=1 -O0 -g3 -Wall -c -fmessage-length=0 -MMD -MP -MF"src/Solver.d" -MT"src/Solver.d" -o "src/Solver.o" "../src/Solver.cpp"
Finished building: ../src/Solver.cpp
 
Building target: SudokuQlik
Invoking: GCC C++ Linker
g++ -pthread -L-L/opt/boost/boost_1_57_0/stage/lib -o "SudokuQlik"  ./src/Solver.o ./src/Sudoku.o ./src/SudokuQlik.o   -lboost_system -lboost_thread
Finished building target: SudokuQlik
 
17:37:36 **** Incremental Build of configuration Debug for project SudokuQlik ****
make all 
Building file: ../src/Solver.cpp
Invoking: GCC C++ Compiler
g++ -D_DEBUG=1 -O0 -g3 -Wall -c -fmessage-length=0 -MMD -MP -MF"src/Solver.d" -MT"src/Solver.d" -o "src/Solver.o" "../src/Solver.cpp"
../src/Solver.cpp: In member function ‘bool sudoku::BTSolver::update_line(sudoku::Symbol*, sudoku::Line*)’:
../src/Solver.cpp:247:25: error: ‘line’ was not declared in this scope
             curSymbol = line->getSymbols()[i];
                         ^
make: *** [src/Solver.o] Error 1
17:37:59 **** Incremental Build of configuration Debug for project SudokuQlik ****
make all 
Building file: ../src/Solver.cpp
Invoking: GCC C++ Compiler
g++ -D_DEBUG=1 -O0 -g3 -Wall -c -fmessage-length=0 -MMD -MP -MF"src/Solver.d" -MT"src/Solver.d" -o "src/Solver.o" "../src/Solver.cpp"
Finished building: ../src/Solver.cpp
 
Building file: ../src/SudokuQlik.cpp
Invoking: GCC C++ Compiler
g++ -D_DEBUG=1 -O0 -g3 -Wall -c -fmessage-length=0 -MMD -MP -MF"src/SudokuQlik.d" -MT"src/SudokuQlik.d" -o "src/SudokuQlik.o" "../src/SudokuQlik.cpp"
Finished building: ../src/SudokuQlik.cpp
 
Building target: SudokuQlik
Invoking: GCC C++ Linker
g++ -pthread -L-L/opt/boost/boost_1_57_0/stage/lib -o "SudokuQlik"  ./src/Solver.o ./src/Sudoku.o ./src/SudokuQlik.o   -lboost_system -lboost_thread
Finished building target: SudokuQlik
 
17:39:49 **** Incremental Build of configuration Debug for project SudokuQlik ****
make all 
Building file: ../src/Solver.cpp
Invoking: GCC C++ Compiler
g++ -D_DEBUG=1 -O0 -g3 -Wall -c -fmessage-length=0 -MMD -MP -MF"src/Solver.d" -MT"src/Solver.d" -o "src/Solver.o" "../src/Solver.cpp"
Finished building: ../src/Solver.cpp
 
Building file: ../src/SudokuQlik.cpp
Invoking: GCC C++ Compiler
g++ -D_DEBUG=1 -O0 -g3 -Wall -c -fmessage-length=0 -MMD -MP -MF"src/SudokuQlik.d" -MT"src/SudokuQlik.d" -o "src/SudokuQlik.o" "../src/SudokuQlik.cpp"
Finished building: ../src/SudokuQlik.cpp
 
Building target: SudokuQlik
Invoking: GCC C++ Linker
g++ -pthread -L-L/opt/boost/boost_1_57_0/stage/lib -o "SudokuQlik"  ./src/Solver.o ./src/Sudoku.o ./src/SudokuQlik.o   -lboost_system -lboost_thread
Finished building target: SudokuQlik
 
17:50:36 **** Incremental Build of configuration Debug for project SudokuQlik ****
make all 
Building file: ../src/Solver.cpp
Invoking: GCC C++ Compiler
g++ -D_DEBUG=1 -O0 -g3 -Wall -c -fmessage-length=0 -MMD -MP -MF"src/Solver.d" -MT"src/Solver.d" -o "src/Solver.o" "../src/Solver.cpp"
Finished building: ../src/Solver.cpp
 
Building file: ../src/SudokuQlik.cpp
Invoking: GCC C++ Compiler
g++ -D_DEBUG=1 -O0 -g3 -Wall -c -fmessage-length=0 -MMD -MP -MF"src/SudokuQlik.d" -MT"src/SudokuQlik.d" -o "src/SudokuQlik.o" "../src/SudokuQlik.cpp"
Finished building: ../src/SudokuQlik.cpp
 
Building target: SudokuQlik
Invoking: GCC C++ Linker
g++ -pthread -L-L/opt/boost/boost_1_57_0/stage/lib -o "SudokuQlik"  ./src/Solver.o ./src/Sudoku.o ./src/SudokuQlik.o   -lboost_system -lboost_thread
Finished building target: SudokuQlik
 
17:52:51 **** Incremental Build of configuration Debug for project SudokuQlik ****
make all 
Building file: ../src/Solver.cpp
Invoking: GCC C++ Compiler
g++ -D_DEBUG=1 -O0 -g3 -Wall -c -fmessage-length=0 -MMD -MP -MF"src/Solver.d" -MT"src/Solver.d" -o "src/Solver.o" "../src/Solver.cpp"
Finished building: ../src/Solver.cpp
 
Building file: ../src/SudokuQlik.cpp
Invoking: GCC C++ Compiler
g++ -D_DEBUG=1 -O0 -g3 -Wall -c -fmessage-length=0 -MMD -MP -MF"src/SudokuQlik.d" -MT"src/SudokuQlik.d" -o "src/SudokuQlik.o" "../src/SudokuQlik.cpp"
Finished building: ../src/SudokuQlik.cpp
 
Building target: SudokuQlik
Invoking: GCC C++ Linker
g++ -pthread -L-L/opt/boost/boost_1_57_0/stage/lib -o "SudokuQlik"  ./src/Solver.o ./src/Sudoku.o ./src/SudokuQlik.o   -lboost_system -lboost_thread
Finished building target: SudokuQlik
 
17:53:53 **** Incremental Build of configuration Debug for project SudokuQlik ****
make all 
Building file: ../src/Solver.cpp
Invoking: GCC C++ Compiler
g++ -D_DEBUG=1 -O0 -g3 -Wall -c -fmessage-length=0 -MMD -MP -MF"src/Solver.d" -MT"src/Solver.d" -o "src/Solver.o" "../src/Solver.cpp"
../src/Solver.cpp: In member function ‘bool sudoku::BTSolver::update_region(sudoku::Symbol*, sudoku::Region*)’:
../src/Solver.cpp:296:54: error: ‘class sudoku::Region’ has no member named ‘getDim’
           res |= update_symbols(s,r->getSymbols(),r->getDim());
                                                      ^
make: *** [src/Solver.o] Error 1
17:55:12 **** Incremental Build of configuration Debug for project SudokuQlik ****
make all 
Building file: ../src/Solver.cpp
Invoking: GCC C++ Compiler
g++ -D_DEBUG=1 -O0 -g3 -Wall -c -fmessage-length=0 -MMD -MP -MF"src/Solver.d" -MT"src/Solver.d" -o "src/Solver.o" "../src/Solver.cpp"
Finished building: ../src/Solver.cpp
 
Building file: ../src/Sudoku.cpp
Invoking: GCC C++ Compiler
g++ -D_DEBUG=1 -O0 -g3 -Wall -c -fmessage-length=0 -MMD -MP -MF"src/Sudoku.d" -MT"src/Sudoku.d" -o "src/Sudoku.o" "../src/Sudoku.cpp"
Finished building: ../src/Sudoku.cpp
 
Building file: ../src/SudokuQlik.cpp
Invoking: GCC C++ Compiler
g++ -D_DEBUG=1 -O0 -g3 -Wall -c -fmessage-length=0 -MMD -MP -MF"src/SudokuQlik.d" -MT"src/SudokuQlik.d" -o "src/SudokuQlik.o" "../src/SudokuQlik.cpp"
Finished building: ../src/SudokuQlik.cpp
 
Building target: SudokuQlik
Invoking: GCC C++ Linker
g++ -pthread -L-L/opt/boost/boost_1_57_0/stage/lib -o "SudokuQlik"  ./src/Solver.o ./src/Sudoku.o ./src/SudokuQlik.o   -lboost_system -lboost_thread
Finished building target: SudokuQlik
 
18:00:15 **** Incremental Build of configuration Debug for project SudokuQlik ****
make all 
Building file: ../src/Solver.cpp
Invoking: GCC C++ Compiler
g++ -D_DEBUG=1 -O0 -g3 -Wall -c -fmessage-length=0 -MMD -MP -MF"src/Solver.d" -MT"src/Solver.d" -o "src/Solver.o" "../src/Solver.cpp"
Finished building: ../src/Solver.cpp
 
Building target: SudokuQlik
Invoking: GCC C++ Linker
g++ -pthread -L-L/opt/boost/boost_1_57_0/stage/lib -o "SudokuQlik"  ./src/Solver.o ./src/Sudoku.o ./src/SudokuQlik.o   -lboost_system -lboost_thread
Finished building target: SudokuQlik
 
18:12:55 **** Incremental Build of configuration Debug for project SudokuQlik ****
make all 
Building file: ../src/Solver.cpp
Invoking: GCC C++ Compiler
g++ -D_DEBUG=1 -O0 -g3 -Wall -c -fmessage-length=0 -MMD -MP -MF"src/Solver.d" -MT"src/Solver.d" -o "src/Solver.o" "../src/Solver.cpp"
Finished building: ../src/Solver.cpp
 
Building target: SudokuQlik
Invoking: GCC C++ Linker
g++ -pthread -L-L/opt/boost/boost_1_57_0/stage/lib -o "SudokuQlik"  ./src/Solver.o ./src/Sudoku.o ./src/SudokuQlik.o   -lboost_system -lboost_thread
Finished building target: SudokuQlik
 
21:12:17 **** Incremental Build of configuration Debug for project SudokuQlik ****
make all 
Building file: ../src/Solver.cpp
Invoking: GCC C++ Compiler
g++ -D_DEBUG=1 -O0 -g3 -Wall -c -fmessage-length=0 -MMD -MP -MF"src/Solver.d" -MT"src/Solver.d" -o "src/Solver.o" "../src/Solver.cpp"
../src/Solver.cpp: In member function ‘bool sudoku::BTSolver::solve_internal(std::vector<std::list<std::pair<sudoku::Symbol*, std::list<char>*> >*>&, std::stack<sudoku::Symbol*>&)’:
../src/Solver.cpp:346:31: warning: unused variable ‘prevSymbol’ [-Wunused-variable]
    Symbol * curSymbol=NULL, * prevSymbol=NULL;
                               ^
Finished building: ../src/Solver.cpp
 
Building target: SudokuQlik
Invoking: GCC C++ Linker
g++ -pthread -L-L/opt/boost/boost_1_57_0/stage/lib -o "SudokuQlik"  ./src/Solver.o ./src/Sudoku.o ./src/SudokuQlik.o   -lboost_system -lboost_thread
Finished building target: SudokuQlik
 
21:13:30 **** Incremental Build of configuration Debug for project SudokuQlik ****
make all 
Building file: ../src/Solver.cpp
Invoking: GCC C++ Compiler
g++ -D_DEBUG=1 -O0 -g3 -Wall -c -fmessage-length=0 -MMD -MP -MF"src/Solver.d" -MT"src/Solver.d" -o "src/Solver.o" "../src/Solver.cpp"
../src/Solver.cpp: In member function ‘bool sudoku::BTSolver::solve_internal(std::vector<std::list<std::pair<sudoku::Symbol*, std::list<char>*> >*>&, std::stack<sudoku::Symbol*>&)’:
../src/Solver.cpp:346:31: warning: variable ‘prevSymbol’ set but not used [-Wunused-but-set-variable]
    Symbol * curSymbol=NULL, * prevSymbol=NULL;
                               ^
Finished building: ../src/Solver.cpp
 
Building target: SudokuQlik
Invoking: GCC C++ Linker
g++ -pthread -L-L/opt/boost/boost_1_57_0/stage/lib -o "SudokuQlik"  ./src/Solver.o ./src/Sudoku.o ./src/SudokuQlik.o   -lboost_system -lboost_thread
Finished building target: SudokuQlik
 
21:14:53 **** Incremental Build of configuration Debug for project SudokuQlik ****
make all 
Building file: ../src/Solver.cpp
Invoking: GCC C++ Compiler
g++ -D_DEBUG=1 -O0 -g3 -Wall -c -fmessage-length=0 -MMD -MP -MF"src/Solver.d" -MT"src/Solver.d" -o "src/Solver.o" "../src/Solver.cpp"
../src/Solver.cpp: In member function ‘bool sudoku::BTSolver::solve_internal(std::vector<std::list<std::pair<sudoku::Symbol*, std::list<char>*> >*>&, std::stack<sudoku::Symbol*>&)’:
../src/Solver.cpp:346:31: warning: variable ‘prevSymbol’ set but not used [-Wunused-but-set-variable]
    Symbol * curSymbol=NULL, * prevSymbol=NULL;
                               ^
Finished building: ../src/Solver.cpp
 
Building target: SudokuQlik
Invoking: GCC C++ Linker
g++ -pthread -L-L/opt/boost/boost_1_57_0/stage/lib -o "SudokuQlik"  ./src/Solver.o ./src/Sudoku.o ./src/SudokuQlik.o   -lboost_system -lboost_thread
Finished building target: SudokuQlik
 
21:30:06 **** Incremental Build of configuration Debug for project SudokuQlik ****
make all 
Building file: ../src/Solver.cpp
Invoking: GCC C++ Compiler
g++ -D_DEBUG=1 -O0 -g3 -Wall -c -fmessage-length=0 -MMD -MP -MF"src/Solver.d" -MT"src/Solver.d" -o "src/Solver.o" "../src/Solver.cpp"
../src/Solver.cpp: In member function ‘bool sudoku::BTSolver::solve_internal(std::vector<std::list<std::pair<sudoku::Symbol*, std::list<char>*> >*>&, std::stack<sudoku::Symbol*>&)’:
../src/Solver.cpp:346:31: warning: variable ‘prevSymbol’ set but not used [-Wunused-but-set-variable]
    Symbol * curSymbol=NULL, * prevSymbol=NULL;
                               ^
Finished building: ../src/Solver.cpp
 
Building target: SudokuQlik
Invoking: GCC C++ Linker
g++ -pthread -L-L/opt/boost/boost_1_57_0/stage/lib -o "SudokuQlik"  ./src/Solver.o ./src/Sudoku.o ./src/SudokuQlik.o   -lboost_system -lboost_thread
Finished building target: SudokuQlik
 
22:02:30 **** Incremental Build of configuration Debug for project SudokuQlik ****
make all 
Building file: ../src/Solver.cpp
Invoking: GCC C++ Compiler
g++ -D_DEBUG=1 -O0 -g3 -Wall -c -fmessage-length=0 -MMD -MP -MF"src/Solver.d" -MT"src/Solver.d" -o "src/Solver.o" "../src/Solver.cpp"
../src/Solver.cpp: In member function ‘bool sudoku::BTSolver::solve_internal(std::vector<std::list<std::pair<sudoku::Symbol*, std::list<char>*> >*>&, std::stack<sudoku::Symbol*>&)’:
../src/Solver.cpp:346:31: warning: variable ‘prevSymbol’ set but not used [-Wunused-but-set-variable]
    Symbol * curSymbol=NULL, * prevSymbol=NULL;
                               ^
Finished building: ../src/Solver.cpp
 
Building target: SudokuQlik
Invoking: GCC C++ Linker
g++ -pthread -L-L/opt/boost/boost_1_57_0/stage/lib -o "SudokuQlik"  ./src/Solver.o ./src/Sudoku.o ./src/SudokuQlik.o   -lboost_system -lboost_thread
Finished building target: SudokuQlik
 
09:44:14 **** Incremental Build of configuration Debug for project SudokuQlik ****
make all 
Building file: ../src/Solver.cpp
Invoking: GCC C++ Compiler
g++ -D_DEBUG=1 -O0 -g3 -Wall -c -fmessage-length=0 -MMD -MP -MF"src/Solver.d" -MT"src/Solver.d" -o "src/Solver.o" "../src/Solver.cpp"
../src/Solver.cpp: In member function ‘bool sudoku::BTSolver::update_symbols(sudoku::Symbol*, sudoku::Symbol**, unsigned char)’:
../src/Solver.cpp:261:50: error: no matching function for call to ‘std::list<char>::remove(std::list<char>::iterator&)’
                        curAssignments->remove(itA);
                                                  ^
../src/Solver.cpp:261:50: note: candidate is:
In file included from /usr/include/c++/4.8/list:64:0,
                 from ../src/Solver.h:13,
                 from ../src/Solver.cpp:8:
/usr/include/c++/4.8/bits/list.tcc:238:5: note: void std::list<_Tp, _Alloc>::remove(const value_type&) [with _Tp = char; _Alloc = std::allocator<char>; std::list<_Tp, _Alloc>::value_type = char]
     list<_Tp, _Alloc>::
     ^
/usr/include/c++/4.8/bits/list.tcc:238:5: note:   no known conversion for argument 1 from ‘std::list<char>::iterator {aka std::_List_iterator<char>}’ to ‘const value_type& {aka const char&}’
make: *** [src/Solver.o] Error 1
09:49:18 **** Incremental Build of configuration Debug for project SudokuQlik ****
make all 
Building file: ../src/Solver.cpp
Invoking: GCC C++ Compiler
g++ -D_DEBUG=1 -O0 -g3 -Wall -c -fmessage-length=0 -MMD -MP -MF"src/Solver.d" -MT"src/Solver.d" -o "src/Solver.o" "../src/Solver.cpp"
../src/Solver.cpp: In member function ‘bool sudoku::BTSolver::solve_internal(std::vector<std::list<std::pair<sudoku::Symbol*, std::list<char>*> >*>&, std::stack<sudoku::Symbol*>&)’:
../src/Solver.cpp:348:31: warning: variable ‘prevSymbol’ set but not used [-Wunused-but-set-variable]
    Symbol * curSymbol=NULL, * prevSymbol=NULL;
                               ^
Finished building: ../src/Solver.cpp
 
Building file: ../src/SudokuQlik.cpp
Invoking: GCC C++ Compiler
g++ -D_DEBUG=1 -O0 -g3 -Wall -c -fmessage-length=0 -MMD -MP -MF"src/SudokuQlik.d" -MT"src/SudokuQlik.d" -o "src/SudokuQlik.o" "../src/SudokuQlik.cpp"
Finished building: ../src/SudokuQlik.cpp
 
Building target: SudokuQlik
Invoking: GCC C++ Linker
g++ -pthread -L-L/opt/boost/boost_1_57_0/stage/lib -o "SudokuQlik"  ./src/Solver.o ./src/Sudoku.o ./src/SudokuQlik.o   -lboost_system -lboost_thread
Finished building target: SudokuQlik
 
09:50:02 **** Incremental Build of configuration Debug for project SudokuQlik ****
make all 
Building file: ../src/Solver.cpp
Invoking: GCC C++ Compiler
g++ -D_DEBUG=1 -O0 -g3 -Wall -c -fmessage-length=0 -MMD -MP -MF"src/Solver.d" -MT"src/Solver.d" -o "src/Solver.o" "../src/Solver.cpp"
../src/Solver.cpp: In member function ‘bool sudoku::BTSolver::solve_internal(std::vector<std::list<std::pair<sudoku::Symbol*, std::list<char>*> >*>&, std::stack<sudoku::Symbol*>&)’:
../src/Solver.cpp:348:31: warning: variable ‘prevSymbol’ set but not used [-Wunused-but-set-variable]
    Symbol * curSymbol=NULL, * prevSymbol=NULL;
                               ^
Finished building: ../src/Solver.cpp
 
Building target: SudokuQlik
Invoking: GCC C++ Linker
g++ -pthread -L-L/opt/boost/boost_1_57_0/stage/lib -o "SudokuQlik"  ./src/Solver.o ./src/Sudoku.o ./src/SudokuQlik.o   -lboost_system -lboost_thread
Finished building target: SudokuQlik
 
09:51:42 **** Incremental Build of configuration Debug for project SudokuQlik ****
make all 
Building file: ../src/Solver.cpp
Invoking: GCC C++ Compiler
g++ -D_DEBUG=1 -O0 -g3 -Wall -c -fmessage-length=0 -MMD -MP -MF"src/Solver.d" -MT"src/Solver.d" -o "src/Solver.o" "../src/Solver.cpp"
../src/Solver.cpp: In member function ‘bool sudoku::BTSolver::solve_internal(std::vector<std::list<std::pair<sudoku::Symbol*, std::list<char>*> >*>&, std::stack<sudoku::Symbol*>&)’:
../src/Solver.cpp:349:31: warning: variable ‘prevSymbol’ set but not used [-Wunused-but-set-variable]
    Symbol * curSymbol=NULL, * prevSymbol=NULL;
                               ^
Finished building: ../src/Solver.cpp
 
Building target: SudokuQlik
Invoking: GCC C++ Linker
g++ -pthread -L-L/opt/boost/boost_1_57_0/stage/lib -o "SudokuQlik"  ./src/Solver.o ./src/Sudoku.o ./src/SudokuQlik.o   -lboost_system -lboost_thread
Finished building target: SudokuQlik
 
10:00:18 **** Incremental Build of configuration Debug for project SudokuQlik ****
make all 
Building file: ../src/Solver.cpp
Invoking: GCC C++ Compiler
g++ -D_DEBUG=1 -O0 -g3 -Wall -c -fmessage-length=0 -MMD -MP -MF"src/Solver.d" -MT"src/Solver.d" -o "src/Solver.o" "../src/Solver.cpp"
../src/Solver.cpp: In member function ‘bool sudoku::BTSolver::solve_internal(std::vector<std::list<std::pair<sudoku::Symbol*, std::list<char>*> >*>&, std::stack<sudoku::Symbol*>&)’:
../src/Solver.cpp:336:31: warning: variable ‘prevSymbol’ set but not used [-Wunused-but-set-variable]
    Symbol * curSymbol=NULL, * prevSymbol=NULL;
                               ^
Finished building: ../src/Solver.cpp
 
Building target: SudokuQlik
Invoking: GCC C++ Linker
g++ -pthread -L-L/opt/boost/boost_1_57_0/stage/lib -o "SudokuQlik"  ./src/Solver.o ./src/Sudoku.o ./src/SudokuQlik.o   -lboost_system -lboost_thread
Finished building target: SudokuQlik
 
10:04:46 **** Incremental Build of configuration Debug for project SudokuQlik ****
make all 
Building file: ../src/Solver.cpp
Invoking: GCC C++ Compiler
g++ -D_DEBUG=1 -O0 -g3 -Wall -c -fmessage-length=0 -MMD -MP -MF"src/Solver.d" -MT"src/Solver.d" -o "src/Solver.o" "../src/Solver.cpp"
../src/Solver.cpp: In member function ‘bool sudoku::BTSolver::solve_internal(std::vector<std::list<std::pair<sudoku::Symbol*, std::list<char>*> >*>&, std::stack<sudoku::Symbol*>&)’:
../src/Solver.cpp:344:31: warning: variable ‘prevSymbol’ set but not used [-Wunused-but-set-variable]
    Symbol * curSymbol=NULL, * prevSymbol=NULL;
                               ^
Finished building: ../src/Solver.cpp
 
Building file: ../src/SudokuQlik.cpp
Invoking: GCC C++ Compiler
g++ -D_DEBUG=1 -O0 -g3 -Wall -c -fmessage-length=0 -MMD -MP -MF"src/SudokuQlik.d" -MT"src/SudokuQlik.d" -o "src/SudokuQlik.o" "../src/SudokuQlik.cpp"
Finished building: ../src/SudokuQlik.cpp
 
Building target: SudokuQlik
Invoking: GCC C++ Linker
g++ -pthread -L-L/opt/boost/boost_1_57_0/stage/lib -o "SudokuQlik"  ./src/Solver.o ./src/Sudoku.o ./src/SudokuQlik.o   -lboost_system -lboost_thread
Finished building target: SudokuQlik
 
10:14:24 **** Incremental Build of configuration Debug for project SudokuQlik ****
make all 
Building file: ../src/Solver.cpp
Invoking: GCC C++ Compiler
g++ -D_DEBUG=1 -O0 -g3 -Wall -c -fmessage-length=0 -MMD -MP -MF"src/Solver.d" -MT"src/Solver.d" -o "src/Solver.o" "../src/Solver.cpp"
../src/Solver.cpp: In member function ‘bool sudoku::BTSolver::solve_internal(std::vector<std::list<std::pair<sudoku::Symbol*, std::list<char>*> >*>&, std::stack<sudoku::Symbol*>&)’:
../src/Solver.cpp:375:31: warning: variable ‘prevSymbol’ set but not used [-Wunused-but-set-variable]
    Symbol * curSymbol=NULL, * prevSymbol=NULL;
                               ^
Finished building: ../src/Solver.cpp
 
Building file: ../src/SudokuQlik.cpp
Invoking: GCC C++ Compiler
g++ -D_DEBUG=1 -O0 -g3 -Wall -c -fmessage-length=0 -MMD -MP -MF"src/SudokuQlik.d" -MT"src/SudokuQlik.d" -o "src/SudokuQlik.o" "../src/SudokuQlik.cpp"
Finished building: ../src/SudokuQlik.cpp
 
Building target: SudokuQlik
Invoking: GCC C++ Linker
g++ -pthread -L-L/opt/boost/boost_1_57_0/stage/lib -o "SudokuQlik"  ./src/Solver.o ./src/Sudoku.o ./src/SudokuQlik.o   -lboost_system -lboost_thread
Finished building target: SudokuQlik
 
10:30:01 **** Incremental Build of configuration Debug for project SudokuQlik ****
make all 
Building file: ../src/Solver.cpp
Invoking: GCC C++ Compiler
g++ -D_DEBUG=1 -O0 -g3 -Wall -c -fmessage-length=0 -MMD -MP -MF"src/Solver.d" -MT"src/Solver.d" -o "src/Solver.o" "../src/Solver.cpp"
../src/Solver.cpp: In member function ‘bool sudoku::BTSolver::solve_internal(std::vector<std::list<std::pair<sudoku::Symbol*, std::list<char>*> >*>&, std::stack<sudoku::Symbol*>&)’:
../src/Solver.cpp:380:31: warning: variable ‘prevSymbol’ set but not used [-Wunused-but-set-variable]
    Symbol * curSymbol=NULL, * prevSymbol=NULL;
                               ^
Finished building: ../src/Solver.cpp
 
Building target: SudokuQlik
Invoking: GCC C++ Linker
g++ -pthread -L-L/opt/boost/boost_1_57_0/stage/lib -o "SudokuQlik"  ./src/Solver.o ./src/Sudoku.o ./src/SudokuQlik.o   -lboost_system -lboost_thread
Finished building target: SudokuQlik
 
10:32:28 **** Incremental Build of configuration Debug for project SudokuQlik ****
make all 
Building file: ../src/Solver.cpp
Invoking: GCC C++ Compiler
g++ -D_DEBUG=1 -O0 -g3 -Wall -c -fmessage-length=0 -MMD -MP -MF"src/Solver.d" -MT"src/Solver.d" -o "src/Solver.o" "../src/Solver.cpp"
../src/Solver.cpp: In member function ‘bool sudoku::BTSolver::solve_internal(std::vector<std::list<std::pair<sudoku::Symbol*, std::list<char>*> >*>&, std::stack<sudoku::Symbol*>&)’:
../src/Solver.cpp:380:31: warning: variable ‘prevSymbol’ set but not used [-Wunused-but-set-variable]
    Symbol * curSymbol=NULL, * prevSymbol=NULL;
                               ^
Finished building: ../src/Solver.cpp
 
Building target: SudokuQlik
Invoking: GCC C++ Linker
g++ -pthread -L-L/opt/boost/boost_1_57_0/stage/lib -o "SudokuQlik"  ./src/Solver.o ./src/Sudoku.o ./src/SudokuQlik.o   -lboost_system -lboost_thread
Finished building target: SudokuQlik
 
10:38:54 **** Incremental Build of configuration Debug for project SudokuQlik ****
make all 
Building file: ../src/Solver.cpp
Invoking: GCC C++ Compiler
g++ -D_DEBUG=1 -O0 -g3 -Wall -c -fmessage-length=0 -MMD -MP -MF"src/Solver.d" -MT"src/Solver.d" -o "src/Solver.o" "../src/Solver.cpp"
../src/Solver.cpp: In member function ‘bool sudoku::BTSolver::solve_internal(std::vector<std::list<std::pair<sudoku::Symbol*, std::list<char>*> >*>&, std::stack<sudoku::Symbol*>&)’:
../src/Solver.cpp:393:31: warning: variable ‘prevSymbol’ set but not used [-Wunused-but-set-variable]
    Symbol * curSymbol=NULL, * prevSymbol=NULL;
                               ^
Finished building: ../src/Solver.cpp
 
Building target: SudokuQlik
Invoking: GCC C++ Linker
g++ -pthread -L-L/opt/boost/boost_1_57_0/stage/lib -o "SudokuQlik"  ./src/Solver.o ./src/Sudoku.o ./src/SudokuQlik.o   -lboost_system -lboost_thread
Finished building target: SudokuQlik
 
11:04:17 **** Incremental Build of configuration Debug for project SudokuQlik ****
make all 
Building file: ../src/Solver.cpp
Invoking: GCC C++ Compiler
g++ -D_DEBUG=1 -O0 -g3 -Wall -c -fmessage-length=0 -MMD -MP -MF"src/Solver.d" -MT"src/Solver.d" -o "src/Solver.o" "../src/Solver.cpp"
../src/Solver.cpp: In member function ‘bool sudoku::BTSolver::solve_internal(std::vector<std::list<std::pair<sudoku::Symbol*, std::list<char>*> >*>&, std::stack<sudoku::Symbol*>&)’:
../src/Solver.cpp:405:31: warning: variable ‘prevSymbol’ set but not used [-Wunused-but-set-variable]
    Symbol * curSymbol=NULL, * prevSymbol=NULL;
                               ^
Finished building: ../src/Solver.cpp
 
Building file: ../src/Sudoku.cpp
Invoking: GCC C++ Compiler
g++ -D_DEBUG=1 -O0 -g3 -Wall -c -fmessage-length=0 -MMD -MP -MF"src/Sudoku.d" -MT"src/Sudoku.d" -o "src/Sudoku.o" "../src/Sudoku.cpp"
Finished building: ../src/Sudoku.cpp
 
Building file: ../src/SudokuQlik.cpp
Invoking: GCC C++ Compiler
g++ -D_DEBUG=1 -O0 -g3 -Wall -c -fmessage-length=0 -MMD -MP -MF"src/SudokuQlik.d" -MT"src/SudokuQlik.d" -o "src/SudokuQlik.o" "../src/SudokuQlik.cpp"
Finished building: ../src/SudokuQlik.cpp
 
Building target: SudokuQlik
Invoking: GCC C++ Linker
g++ -pthread -L-L/opt/boost/boost_1_57_0/stage/lib -o "SudokuQlik"  ./src/Solver.o ./src/Sudoku.o ./src/SudokuQlik.o   -lboost_system -lboost_thread
Finished building target: SudokuQlik
 
11:16:23 **** Incremental Build of configuration Debug for project SudokuQlik ****
make all 
make: Nothing to be done for `all'.
11:57:59 **** Incremental Build of configuration Debug for project SudokuQlik ****
make all 
Building file: ../src/Solver.cpp
Invoking: GCC C++ Compiler
g++ -D_DEBUG=1 -O0 -g3 -Wall -c -fmessage-length=0 -MMD -MP -MF"src/Solver.d" -MT"src/Solver.d" -o "src/Solver.o" "../src/Solver.cpp"
../src/Solver.cpp: In member function ‘bool sudoku::BTSolver::solve_internal(std::vector<std::list<std::pair<sudoku::Symbol*, std::list<char>*> >*>&, std::stack<sudoku::Symbol*>&)’:
../src/Solver.cpp:408:31: warning: variable ‘prevSymbol’ set but not used [-Wunused-but-set-variable]
    Symbol * curSymbol=NULL, * prevSymbol=NULL;
                               ^
Finished building: ../src/Solver.cpp
 
Building target: SudokuQlik
Invoking: GCC C++ Linker
g++ -pthread -L-L/opt/boost/boost_1_57_0/stage/lib -o "SudokuQlik"  ./src/Solver.o ./src/Sudoku.o ./src/SudokuQlik.o   -lboost_system -lboost_thread
Finished building target: SudokuQlik
 
12:05:29 **** Incremental Build of configuration Debug for project SudokuQlik ****
make all 
Building file: ../src/Solver.cpp
Invoking: GCC C++ Compiler
g++ -D_DEBUG=1 -O0 -g3 -Wall -c -fmessage-length=0 -MMD -MP -MF"src/Solver.d" -MT"src/Solver.d" -o "src/Solver.o" "../src/Solver.cpp"
../src/Solver.cpp: In member function ‘bool sudoku::BTSolver::solve_internal(std::vector<std::list<std::pair<sudoku::Symbol*, std::list<char>*> >*>&, std::stack<sudoku::Symbol*>&)’:
../src/Solver.cpp:408:31: warning: variable ‘prevSymbol’ set but not used [-Wunused-but-set-variable]
    Symbol * curSymbol=NULL, * prevSymbol=NULL;
                               ^
Finished building: ../src/Solver.cpp
 
Building target: SudokuQlik
Invoking: GCC C++ Linker
g++ -pthread -L-L/opt/boost/boost_1_57_0/stage/lib -o "SudokuQlik"  ./src/Solver.o ./src/Sudoku.o ./src/SudokuQlik.o   -lboost_system -lboost_thread
Finished building target: SudokuQlik
 
12:19:31 **** Incremental Build of configuration Debug for project SudokuQlik ****
make all 
Building file: ../src/Solver.cpp
Invoking: GCC C++ Compiler
g++ -D_DEBUG=1 -O0 -g3 -Wall -c -fmessage-length=0 -MMD -MP -MF"src/Solver.d" -MT"src/Solver.d" -o "src/Solver.o" "../src/Solver.cpp"
../src/Solver.cpp: In member function ‘bool sudoku::BTSolver::solve_internal(std::vector<std::list<std::pair<sudoku::Symbol*, std::list<char>*> >*>&, std::stack<sudoku::Symbol*>&)’:
../src/Solver.cpp:460:8: error: expected ‘;’ before ‘return’
        return false;
        ^
../src/Solver.cpp:459:17: warning: statement has no effect [-Wunused-value]
        m_lError != SUDOKU_ERROR_UNSOLVABLE_CONFIGURATION
                 ^
../src/Solver.cpp:408:31: warning: unused variable ‘prevSymbol’ [-Wunused-variable]
    Symbol * curSymbol=NULL, * prevSymbol=NULL;
                               ^
make: *** [src/Solver.o] Error 1
12:20:04 **** Incremental Build of configuration Debug for project SudokuQlik ****
make all 
Building file: ../src/Solver.cpp
Invoking: GCC C++ Compiler
g++ -D_DEBUG=1 -O0 -g3 -Wall -c -fmessage-length=0 -MMD -MP -MF"src/Solver.d" -MT"src/Solver.d" -o "src/Solver.o" "../src/Solver.cpp"
../src/Solver.cpp: In member function ‘bool sudoku::BTSolver::solve_internal(std::vector<std::list<std::pair<sudoku::Symbol*, std::list<char>*> >*>&, std::stack<sudoku::Symbol*>&)’:
../src/Solver.cpp:460:8: error: expected ‘;’ before ‘return’
        return false;
        ^
../src/Solver.cpp:459:17: warning: statement has no effect [-Wunused-value]
        m_lError != SUDOKU_ERROR_UNSOLVABLE_CONFIGURATION
                 ^
../src/Solver.cpp:408:31: warning: unused variable ‘prevSymbol’ [-Wunused-variable]
    Symbol * curSymbol=NULL, * prevSymbol=NULL;
                               ^
make: *** [src/Solver.o] Error 1
12:27:09 **** Incremental Build of configuration Debug for project SudokuQlik ****
make all 
Building file: ../src/Solver.cpp
Invoking: GCC C++ Compiler
g++ -D_DEBUG=1 -O0 -g3 -Wall -c -fmessage-length=0 -MMD -MP -MF"src/Solver.d" -MT"src/Solver.d" -o "src/Solver.o" "../src/Solver.cpp"
../src/Solver.cpp: In member function ‘bool sudoku::BTSolver::solve_internal(std::vector<std::list<std::pair<sudoku::Symbol*, std::list<char>*> >*>&, std::stack<sudoku::Symbol*>&)’:
../src/Solver.cpp:460:8: error: expected ‘;’ before ‘return’
        return false;
        ^
../src/Solver.cpp:459:17: warning: statement has no effect [-Wunused-value]
        m_lError != SUDOKU_ERROR_UNSOLVABLE_CONFIGURATION
                 ^
../src/Solver.cpp:408:31: warning: unused variable ‘prevSymbol’ [-Wunused-variable]
    Symbol * curSymbol=NULL, * prevSymbol=NULL;
                               ^
make: *** [src/Solver.o] Error 1
12:27:19 **** Incremental Build of configuration Debug for project SudokuQlik ****
make all 
Building file: ../src/Solver.cpp
Invoking: GCC C++ Compiler
g++ -D_DEBUG=1 -O0 -g3 -Wall -c -fmessage-length=0 -MMD -MP -MF"src/Solver.d" -MT"src/Solver.d" -o "src/Solver.o" "../src/Solver.cpp"
../src/Solver.cpp: In member function ‘bool sudoku::BTSolver::solve_internal(std::vector<std::list<std::pair<sudoku::Symbol*, std::list<char>*> >*>&, std::stack<sudoku::Symbol*>&)’:
../src/Solver.cpp:459:17: warning: statement has no effect [-Wunused-value]
        m_lError != SUDOKU_ERROR_UNSOLVABLE_CONFIGURATION;
                 ^
../src/Solver.cpp:408:31: warning: unused variable ‘prevSymbol’ [-Wunused-variable]
    Symbol * curSymbol=NULL, * prevSymbol=NULL;
                               ^
Finished building: ../src/Solver.cpp
 
Building file: ../src/Sudoku.cpp
Invoking: GCC C++ Compiler
g++ -D_DEBUG=1 -O0 -g3 -Wall -c -fmessage-length=0 -MMD -MP -MF"src/Sudoku.d" -MT"src/Sudoku.d" -o "src/Sudoku.o" "../src/Sudoku.cpp"
Finished building: ../src/Sudoku.cpp
 
Building file: ../src/SudokuQlik.cpp
Invoking: GCC C++ Compiler
g++ -D_DEBUG=1 -O0 -g3 -Wall -c -fmessage-length=0 -MMD -MP -MF"src/SudokuQlik.d" -MT"src/SudokuQlik.d" -o "src/SudokuQlik.o" "../src/SudokuQlik.cpp"
Finished building: ../src/SudokuQlik.cpp
 
Building target: SudokuQlik
Invoking: GCC C++ Linker
g++ -pthread -L-L/opt/boost/boost_1_57_0/stage/lib -o "SudokuQlik"  ./src/Solver.o ./src/Sudoku.o ./src/SudokuQlik.o   -lboost_system -lboost_thread
Finished building target: SudokuQlik
 
12:27:31 **** Incremental Build of configuration Debug for project SudokuQlik ****
make all 
Building file: ../src/Solver.cpp
Invoking: GCC C++ Compiler
g++ -D_DEBUG=1 -O0 -g3 -Wall -c -fmessage-length=0 -MMD -MP -MF"src/Solver.d" -MT"src/Solver.d" -o "src/Solver.o" "../src/Solver.cpp"
../src/Solver.cpp: In member function ‘bool sudoku::BTSolver::solve_internal(std::vector<std::list<std::pair<sudoku::Symbol*, std::list<char>*> >*>&, std::stack<sudoku::Symbol*>&)’:
../src/Solver.cpp:408:31: warning: unused variable ‘prevSymbol’ [-Wunused-variable]
    Symbol * curSymbol=NULL, * prevSymbol=NULL;
                               ^
Finished building: ../src/Solver.cpp
 
Building target: SudokuQlik
Invoking: GCC C++ Linker
g++ -pthread -L-L/opt/boost/boost_1_57_0/stage/lib -o "SudokuQlik"  ./src/Solver.o ./src/Sudoku.o ./src/SudokuQlik.o   -lboost_system -lboost_thread
Finished building target: SudokuQlik
 
12:29:03 **** Incremental Build of configuration Debug for project SudokuQlik ****
make all 
Building file: ../src/Solver.cpp
Invoking: GCC C++ Compiler
g++ -D_DEBUG=1 -O0 -g3 -Wall -c -fmessage-length=0 -MMD -MP -MF"src/Solver.d" -MT"src/Solver.d" -o "src/Solver.o" "../src/Solver.cpp"
../src/Solver.cpp: In member function ‘bool sudoku::BTSolver::solve_internal(std::vector<std::list<std::pair<sudoku::Symbol*, std::list<char>*> >*>&, std::stack<sudoku::Symbol*>&)’:
../src/Solver.cpp:408:31: warning: unused variable ‘prevSymbol’ [-Wunused-variable]
    Symbol * curSymbol=NULL, * prevSymbol=NULL;
                               ^
Finished building: ../src/Solver.cpp
 
Building target: SudokuQlik
Invoking: GCC C++ Linker
g++ -pthread -L-L/opt/boost/boost_1_57_0/stage/lib -o "SudokuQlik"  ./src/Solver.o ./src/Sudoku.o ./src/SudokuQlik.o   -lboost_system -lboost_thread
Finished building target: SudokuQlik
 
12:37:57 **** Incremental Build of configuration Debug for project SudokuQlik ****
make all 
Building file: ../src/Solver.cpp
Invoking: GCC C++ Compiler
g++ -D_DEBUG=1 -O0 -g3 -Wall -c -fmessage-length=0 -MMD -MP -MF"src/Solver.d" -MT"src/Solver.d" -o "src/Solver.o" "../src/Solver.cpp"
../src/Solver.cpp: In member function ‘bool sudoku::BTSolver::solve_internal(std::vector<std::list<std::pair<sudoku::Symbol*, std::list<char>*> >*>&, std::stack<sudoku::Symbol*>&)’:
../src/Solver.cpp:408:31: warning: unused variable ‘prevSymbol’ [-Wunused-variable]
    Symbol * curSymbol=NULL, * prevSymbol=NULL;
                               ^
Finished building: ../src/Solver.cpp
 
Building target: SudokuQlik
Invoking: GCC C++ Linker
g++ -pthread -L-L/opt/boost/boost_1_57_0/stage/lib -o "SudokuQlik"  ./src/Solver.o ./src/Sudoku.o ./src/SudokuQlik.o   -lboost_system -lboost_thread
Finished building target: SudokuQlik
 
12:43:43 **** Incremental Build of configuration Debug for project SudokuQlik ****
make all 
Building file: ../src/Solver.cpp
Invoking: GCC C++ Compiler
g++ -D_DEBUG=1 -O0 -g3 -Wall -c -fmessage-length=0 -MMD -MP -MF"src/Solver.d" -MT"src/Solver.d" -o "src/Solver.o" "../src/Solver.cpp"
../src/Solver.cpp: In member function ‘bool sudoku::BTSolver::solve_internal(std::vector<std::list<std::pair<sudoku::Symbol*, std::list<char>*> >*>&, std::stack<sudoku::Symbol*>&)’:
../src/Solver.cpp:435:63: warning: comparison between signed and unsigned integer expressions [-Wsign-compare]
                           while (idx++ < curAssignments->size())
                                                               ^
../src/Solver.cpp:408:31: warning: unused variable ‘prevSymbol’ [-Wunused-variable]
    Symbol * curSymbol=NULL, * prevSymbol=NULL;
                               ^
Finished building: ../src/Solver.cpp
 
Building target: SudokuQlik
Invoking: GCC C++ Linker
g++ -pthread -L-L/opt/boost/boost_1_57_0/stage/lib -o "SudokuQlik"  ./src/Solver.o ./src/Sudoku.o ./src/SudokuQlik.o   -lboost_system -lboost_thread
Finished building target: SudokuQlik
 
12:43:59 **** Incremental Build of configuration Debug for project SudokuQlik ****
make all 
Building file: ../src/Solver.cpp
Invoking: GCC C++ Compiler
g++ -D_DEBUG=1 -O0 -g3 -Wall -c -fmessage-length=0 -MMD -MP -MF"src/Solver.d" -MT"src/Solver.d" -o "src/Solver.o" "../src/Solver.cpp"
../src/Solver.cpp: In member function ‘bool sudoku::BTSolver::solve_internal(std::vector<std::list<std::pair<sudoku::Symbol*, std::list<char>*> >*>&, std::stack<sudoku::Symbol*>&)’:
../src/Solver.cpp:408:31: warning: unused variable ‘prevSymbol’ [-Wunused-variable]
    Symbol * curSymbol=NULL, * prevSymbol=NULL;
                               ^
Finished building: ../src/Solver.cpp
 
Building target: SudokuQlik
Invoking: GCC C++ Linker
g++ -pthread -L-L/opt/boost/boost_1_57_0/stage/lib -o "SudokuQlik"  ./src/Solver.o ./src/Sudoku.o ./src/SudokuQlik.o   -lboost_system -lboost_thread
Finished building target: SudokuQlik
 
12:46:15 **** Incremental Build of configuration Debug for project SudokuQlik ****
make all 
Building file: ../src/Solver.cpp
Invoking: GCC C++ Compiler
g++ -D_DEBUG=1 -O0 -g3 -Wall -c -fmessage-length=0 -MMD -MP -MF"src/Solver.d" -MT"src/Solver.d" -o "src/Solver.o" "../src/Solver.cpp"
../src/Solver.cpp: In member function ‘bool sudoku::BTSolver::solve_internal(std::vector<std::list<std::pair<sudoku::Symbol*, std::list<char>*> >*>&, std::stack<sudoku::Symbol*>&)’:
../src/Solver.cpp:408:31: warning: unused variable ‘prevSymbol’ [-Wunused-variable]
    Symbol * curSymbol=NULL, * prevSymbol=NULL;
                               ^
Finished building: ../src/Solver.cpp
 
Building target: SudokuQlik
Invoking: GCC C++ Linker
g++ -pthread -L-L/opt/boost/boost_1_57_0/stage/lib -o "SudokuQlik"  ./src/Solver.o ./src/Sudoku.o ./src/SudokuQlik.o   -lboost_system -lboost_thread
Finished building target: SudokuQlik
 
12:47:06 **** Incremental Build of configuration Debug for project SudokuQlik ****
make all 
Building file: ../src/Solver.cpp
Invoking: GCC C++ Compiler
g++ -D_DEBUG=1 -O0 -g3 -Wall -c -fmessage-length=0 -MMD -MP -MF"src/Solver.d" -MT"src/Solver.d" -o "src/Solver.o" "../src/Solver.cpp"
../src/Solver.cpp: In member function ‘bool sudoku::BTSolver::solve_internal(std::vector<std::list<std::pair<sudoku::Symbol*, std::list<char>*> >*>&, std::stack<sudoku::Symbol*>&)’:
../src/Solver.cpp:408:31: warning: unused variable ‘prevSymbol’ [-Wunused-variable]
    Symbol * curSymbol=NULL, * prevSymbol=NULL;
                               ^
Finished building: ../src/Solver.cpp
 
Building target: SudokuQlik
Invoking: GCC C++ Linker
g++ -pthread -L-L/opt/boost/boost_1_57_0/stage/lib -o "SudokuQlik"  ./src/Solver.o ./src/Sudoku.o ./src/SudokuQlik.o   -lboost_system -lboost_thread
Finished building target: SudokuQlik
 
12:50:34 **** Incremental Build of configuration Debug for project SudokuQlik ****
make all 
Building file: ../src/Solver.cpp
Invoking: GCC C++ Compiler
g++ -D_DEBUG=1 -O0 -g3 -Wall -c -fmessage-length=0 -MMD -MP -MF"src/Solver.d" -MT"src/Solver.d" -o "src/Solver.o" "../src/Solver.cpp"
../src/Solver.cpp: In member function ‘bool sudoku::BTSolver::solve_internal(std::vector<std::list<std::pair<sudoku::Symbol*, std::list<char>*> >*>&, std::stack<sudoku::Symbol*>&)’:
../src/Solver.cpp:408:31: warning: unused variable ‘prevSymbol’ [-Wunused-variable]
    Symbol * curSymbol=NULL, * prevSymbol=NULL;
                               ^
Finished building: ../src/Solver.cpp
 
Building target: SudokuQlik
Invoking: GCC C++ Linker
g++ -pthread -L-L/opt/boost/boost_1_57_0/stage/lib -o "SudokuQlik"  ./src/Solver.o ./src/Sudoku.o ./src/SudokuQlik.o   -lboost_system -lboost_thread
Finished building target: SudokuQlik
 
12:53:08 **** Incremental Build of configuration Debug for project SudokuQlik ****
make all 
Building file: ../src/Solver.cpp
Invoking: GCC C++ Compiler
g++ -D_DEBUG=1 -O0 -g3 -Wall -c -fmessage-length=0 -MMD -MP -MF"src/Solver.d" -MT"src/Solver.d" -o "src/Solver.o" "../src/Solver.cpp"
../src/Solver.cpp: In member function ‘bool sudoku::BTSolver::solve_internal(std::vector<std::list<std::pair<sudoku::Symbol*, std::list<char>*> >*>&, std::stack<sudoku::Symbol*>&)’:
../src/Solver.cpp:408:31: warning: unused variable ‘prevSymbol’ [-Wunused-variable]
    Symbol * curSymbol=NULL, * prevSymbol=NULL;
                               ^
Finished building: ../src/Solver.cpp
 
Building target: SudokuQlik
Invoking: GCC C++ Linker
g++ -pthread -L-L/opt/boost/boost_1_57_0/stage/lib -o "SudokuQlik"  ./src/Solver.o ./src/Sudoku.o ./src/SudokuQlik.o   -lboost_system -lboost_thread
Finished building target: SudokuQlik
 
13:02:22 **** Incremental Build of configuration Debug for project TestSudoku ****
make all 
Building file: ../src/TestSudoku.cpp
Invoking: GCC C++ Compiler
g++ -O0 -g3 -Wall -c -fmessage-length=0 -MMD -MP -MF"src/TestSudoku.d" -MT"src/TestSudoku.d" -o "src/TestSudoku.o" "../src/TestSudoku.cpp"
Finished building: ../src/TestSudoku.cpp
 
Building target: TestSudoku
Invoking: GCC C++ Linker
g++  -o "TestSudoku"  ./src/TestSudoku.o   
Finished building target: TestSudoku
 
13:03:34 **** Incremental Build of configuration Debug for project TestSudoku ****
make all 
Building file: ../src/TestSudoku.cpp
Invoking: GCC C++ Compiler
g++ -O0 -g3 -Wall -c -fmessage-length=0 -MMD -MP -MF"src/TestSudoku.d" -MT"src/TestSudoku.d" -o "src/TestSudoku.o" "../src/TestSudoku.cpp"
Finished building: ../src/TestSudoku.cpp
 
Building target: TestSudoku
Invoking: GCC C++ Linker
g++  -o "TestSudoku"  ./src/TestSudoku.o   
Finished building target: TestSudoku
 
13:04:00 **** Incremental Build of configuration Debug for project TestSudoku ****
make all 
Building file: ../src/TestSudoku.cpp
Invoking: GCC C++ Compiler
g++ -O0 -g3 -Wall -c -fmessage-length=0 -MMD -MP -MF"src/TestSudoku.d" -MT"src/TestSudoku.d" -o "src/TestSudoku.o" "../src/TestSudoku.cpp"
Finished building: ../src/TestSudoku.cpp
 
Building target: TestSudoku
Invoking: GCC C++ Linker
g++  -o "TestSudoku"  ./src/TestSudoku.o   
Finished building target: TestSudoku
 
13:04:31 **** Incremental Build of configuration Debug for project TestSudoku ****
make all 
Building file: ../src/TestSudoku.cpp
Invoking: GCC C++ Compiler
g++ -O0 -g3 -Wall -c -fmessage-length=0 -MMD -MP -MF"src/TestSudoku.d" -MT"src/TestSudoku.d" -o "src/TestSudoku.o" "../src/TestSudoku.cpp"
Finished building: ../src/TestSudoku.cpp
 
Building target: TestSudoku
Invoking: GCC C++ Linker
g++  -o "TestSudoku"  ./src/TestSudoku.o   
Finished building target: TestSudoku
 
13:05:11 **** Incremental Build of configuration Debug for project TestSudoku ****
make all 
Building file: ../src/TestSudoku.cpp
Invoking: GCC C++ Compiler
g++ -O0 -g3 -Wall -c -fmessage-length=0 -MMD -MP -MF"src/TestSudoku.d" -MT"src/TestSudoku.d" -o "src/TestSudoku.o" "../src/TestSudoku.cpp"
Finished building: ../src/TestSudoku.cpp
 
Building target: TestSudoku
Invoking: GCC C++ Linker
g++  -o "TestSudoku"  ./src/TestSudoku.o   
Finished building target: TestSudoku
 
13:06:49 **** Incremental Build of configuration Debug for project SudokuQlik ****
make all 
Building file: ../src/Solver.cpp
Invoking: GCC C++ Compiler
g++ -D_DEBUG=1 -O0 -g3 -Wall -c -fmessage-length=0 -MMD -MP -MF"src/Solver.d" -MT"src/Solver.d" -o "src/Solver.o" "../src/Solver.cpp"
../src/Solver.cpp: In member function ‘bool sudoku::BTSolver::solve_internal(std::vector<std::list<std::pair<sudoku::Symbol*, std::list<char>*> >*>&, std::stack<sudoku::Symbol*>&)’:
../src/Solver.cpp:408:31: warning: variable ‘prevSymbol’ set but not used [-Wunused-but-set-variable]
    Symbol * curSymbol=NULL, * prevSymbol=NULL;
                               ^
Finished building: ../src/Solver.cpp
 
Building target: SudokuQlik
Invoking: GCC C++ Linker
g++ -pthread -L-L/opt/boost/boost_1_57_0/stage/lib -o "SudokuQlik"  ./src/Solver.o ./src/Sudoku.o ./src/SudokuQlik.o   -lboost_system -lboost_thread
Finished building target: SudokuQlik
 
13:12:01 **** Incremental Build of configuration Debug for project SudokuQlik ****
make all 
Building file: ../src/Solver.cpp
Invoking: GCC C++ Compiler
g++ -D_DEBUG=1 -O0 -g3 -Wall -c -fmessage-length=0 -MMD -MP -MF"src/Solver.d" -MT"src/Solver.d" -o "src/Solver.o" "../src/Solver.cpp"
Finished building: ../src/Solver.cpp
 
Building target: SudokuQlik
Invoking: GCC C++ Linker
g++ -pthread -L-L/opt/boost/boost_1_57_0/stage/lib -o "SudokuQlik"  ./src/Solver.o ./src/Sudoku.o ./src/SudokuQlik.o   -lboost_system -lboost_thread
Finished building target: SudokuQlik
 
13:15:01 **** Incremental Build of configuration Debug for project SudokuQlik ****
make all 
Building file: ../src/Solver.cpp
Invoking: GCC C++ Compiler
g++ -D_DEBUG=1 -O0 -g3 -Wall -c -fmessage-length=0 -MMD -MP -MF"src/Solver.d" -MT"src/Solver.d" -o "src/Solver.o" "../src/Solver.cpp"
Finished building: ../src/Solver.cpp
 
Building target: SudokuQlik
Invoking: GCC C++ Linker
g++ -pthread -L-L/opt/boost/boost_1_57_0/stage/lib -o "SudokuQlik"  ./src/Solver.o ./src/Sudoku.o ./src/SudokuQlik.o   -lboost_system -lboost_thread
Finished building target: SudokuQlik
 
13:36:12 **** Incremental Build of configuration Debug for project SudokuQlik ****
make all 
Building file: ../src/Solver.cpp
Invoking: GCC C++ Compiler
g++ -D_DEBUG=1 -O0 -g3 -Wall -c -fmessage-length=0 -MMD -MP -MF"src/Solver.d" -MT"src/Solver.d" -o "src/Solver.o" "../src/Solver.cpp"
Finished building: ../src/Solver.cpp
 
Building target: SudokuQlik
Invoking: GCC C++ Linker
g++ -pthread -L-L/opt/boost/boost_1_57_0/stage/lib -o "SudokuQlik"  ./src/Solver.o ./src/Sudoku.o ./src/SudokuQlik.o   -lboost_system -lboost_thread
Finished building target: SudokuQlik
 
13:38:42 **** Incremental Build of configuration Debug for project SudokuQlik ****
make all 
Building file: ../src/Solver.cpp
Invoking: GCC C++ Compiler
g++ -D_DEBUG=1 -O0 -g3 -Wall -c -fmessage-length=0 -MMD -MP -MF"src/Solver.d" -MT"src/Solver.d" -o "src/Solver.o" "../src/Solver.cpp"
Finished building: ../src/Solver.cpp
 
Building file: ../src/SudokuQlik.cpp
Invoking: GCC C++ Compiler
g++ -D_DEBUG=1 -O0 -g3 -Wall -c -fmessage-length=0 -MMD -MP -MF"src/SudokuQlik.d" -MT"src/SudokuQlik.d" -o "src/SudokuQlik.o" "../src/SudokuQlik.cpp"
Finished building: ../src/SudokuQlik.cpp
 
Building target: SudokuQlik
Invoking: GCC C++ Linker
g++ -pthread -L-L/opt/boost/boost_1_57_0/stage/lib -o "SudokuQlik"  ./src/Solver.o ./src/Sudoku.o ./src/SudokuQlik.o   -lboost_system -lboost_thread
Finished building target: SudokuQlik
 
13:40:14 **** Incremental Build of configuration Debug for project SudokuQlik ****
make all 
Building file: ../src/Solver.cpp
Invoking: GCC C++ Compiler
g++ -D_DEBUG=1 -O0 -g3 -Wall -c -fmessage-length=0 -MMD -MP -MF"src/Solver.d" -MT"src/Solver.d" -o "src/Solver.o" "../src/Solver.cpp"
In file included from ../src/Solver.cpp:8:0:
../src/Solver.h:93:24: error: ISO C++ forbids declaration of ‘printer’ with no type [-fpermissive]
     printer(ostream& os) : m_os(os) {}
                        ^
../src/Solver.h: In member function ‘int sudoku::Printer::printer(std::ostream&)’:
../src/Solver.h:93:28: error: only constructors take member initializers
     printer(ostream& os) : m_os(os) {}
                            ^
../src/Solver.h:93:38: warning: no return statement in function returning non-void [-Wreturn-type]
     printer(ostream& os) : m_os(os) {}
                                      ^
../src/Solver.h: At global scope:
../src/Solver.h:101:18: error: ISO C++ forbids declaration of ‘remover’ with no type [-fpermissive]
  remover(char val) : m_cVal(val) {}
                  ^
../src/Solver.h: In member function ‘int sudoku::Remover::remover(char)’:
../src/Solver.h:101:22: error: only constructors take member initializers
  remover(char val) : m_cVal(val) {}
                      ^
../src/Solver.h:101:35: warning: no return statement in function returning non-void [-Wreturn-type]
  remover(char val) : m_cVal(val) {}
                                   ^
../src/Solver.h: In member function ‘void sudoku::BTSolver::print_collection(Iterator, Iterator)’:
../src/Solver.h:156:34: error: there are no arguments to ‘printer’ that depend on a template parameter, so a declaration of ‘printer’ must be available [-fpermissive]
   for_each(begin,end,printer(cout));
                                  ^
../src/Solver.h:156:34: note: (if you use ‘-fpermissive’, G++ will accept your code, but allowing the use of an undeclared name is deprecated)
../src/Solver.cpp: In member function ‘bool sudoku::BTSolver::update_symbols(sudoku::Symbol*, sudoku::Symbol**, unsigned char)’:
../src/Solver.cpp:254:69: error: ‘remover’ was not declared in this scope
                      curAssignments->remove_if(remover(s->getValue()));
                                                                     ^
In file included from ../src/Solver.cpp:8:0:
../src/Solver.h: In instantiation of ‘void sudoku::BTSolver::print_collection(Iterator, Iterator) [with Iterator = std::_Rb_tree_const_iterator<char>]’:
../src/Solver.cpp:132:57:   required from here
../src/Solver.h:156:34: error: ‘printer’ was not declared in this scope
   for_each(begin,end,printer(cout));
                                  ^
make: *** [src/Solver.o] Error 1
13:40:27 **** Incremental Build of configuration Debug for project SudokuQlik ****
make all 
Building file: ../src/Solver.cpp
Invoking: GCC C++ Compiler
g++ -D_DEBUG=1 -O0 -g3 -Wall -c -fmessage-length=0 -MMD -MP -MF"src/Solver.d" -MT"src/Solver.d" -o "src/Solver.o" "../src/Solver.cpp"
In file included from ../src/Solver.cpp:8:0:
../src/Solver.h: In member function ‘void sudoku::BTSolver::print_collection(Iterator, Iterator)’:
../src/Solver.h:156:34: error: there are no arguments to ‘printer’ that depend on a template parameter, so a declaration of ‘printer’ must be available [-fpermissive]
   for_each(begin,end,printer(cout));
                                  ^
../src/Solver.h:156:34: note: (if you use ‘-fpermissive’, G++ will accept your code, but allowing the use of an undeclared name is deprecated)
../src/Solver.cpp: In member function ‘bool sudoku::BTSolver::update_symbols(sudoku::Symbol*, sudoku::Symbol**, unsigned char)’:
../src/Solver.cpp:254:69: error: ‘remover’ was not declared in this scope
                      curAssignments->remove_if(remover(s->getValue()));
                                                                     ^
In file included from ../src/Solver.cpp:8:0:
../src/Solver.h: In instantiation of ‘void sudoku::BTSolver::print_collection(Iterator, Iterator) [with Iterator = std::_Rb_tree_const_iterator<char>]’:
../src/Solver.cpp:132:57:   required from here
../src/Solver.h:156:34: error: ‘printer’ was not declared in this scope
   for_each(begin,end,printer(cout));
                                  ^
make: *** [src/Solver.o] Error 1
13:41:41 **** Incremental Build of configuration Debug for project SudokuQlik ****
make all 
Building file: ../src/Solver.cpp
Invoking: GCC C++ Compiler
g++ -D_DEBUG=1 -O0 -g3 -Wall -c -fmessage-length=0 -MMD -MP -MF"src/Solver.d" -MT"src/Solver.d" -o "src/Solver.o" "../src/Solver.cpp"
Finished building: ../src/Solver.cpp
 
Building file: ../src/SudokuQlik.cpp
Invoking: GCC C++ Compiler
g++ -D_DEBUG=1 -O0 -g3 -Wall -c -fmessage-length=0 -MMD -MP -MF"src/SudokuQlik.d" -MT"src/SudokuQlik.d" -o "src/SudokuQlik.o" "../src/SudokuQlik.cpp"
Finished building: ../src/SudokuQlik.cpp
 
Building target: SudokuQlik
Invoking: GCC C++ Linker
g++ -pthread -L-L/opt/boost/boost_1_57_0/stage/lib -o "SudokuQlik"  ./src/Solver.o ./src/Sudoku.o ./src/SudokuQlik.o   -lboost_system -lboost_thread
Finished building target: SudokuQlik
 
13:43:33 **** Incremental Build of configuration Debug for project SudokuQlik ****
make all 
Building file: ../src/Solver.cpp
Invoking: GCC C++ Compiler
g++ -D_DEBUG=1 -O0 -g3 -Wall -c -fmessage-length=0 -MMD -MP -MF"src/Solver.d" -MT"src/Solver.d" -o "src/Solver.o" "../src/Solver.cpp"
Finished building: ../src/Solver.cpp
 
Building file: ../src/SudokuQlik.cpp
Invoking: GCC C++ Compiler
g++ -D_DEBUG=1 -O0 -g3 -Wall -c -fmessage-length=0 -MMD -MP -MF"src/SudokuQlik.d" -MT"src/SudokuQlik.d" -o "src/SudokuQlik.o" "../src/SudokuQlik.cpp"
Finished building: ../src/SudokuQlik.cpp
 
Building target: SudokuQlik
Invoking: GCC C++ Linker
g++ -pthread -L-L/opt/boost/boost_1_57_0/stage/lib -o "SudokuQlik"  ./src/Solver.o ./src/Sudoku.o ./src/SudokuQlik.o   -lboost_system -lboost_thread
Finished building target: SudokuQlik
 
14:20:48 **** Incremental Build of configuration Debug for project SudokuQlik ****
make all 
Building file: ../src/Solver.cpp
Invoking: GCC C++ Compiler
g++ -D_DEBUG=1 -O0 -g3 -Wall -c -fmessage-length=0 -MMD -MP -MF"src/Solver.d" -MT"src/Solver.d" -o "src/Solver.o" "../src/Solver.cpp"
Finished building: ../src/Solver.cpp
 
Building file: ../src/SudokuQlik.cpp
Invoking: GCC C++ Compiler
g++ -D_DEBUG=1 -O0 -g3 -Wall -c -fmessage-length=0 -MMD -MP -MF"src/SudokuQlik.d" -MT"src/SudokuQlik.d" -o "src/SudokuQlik.o" "../src/SudokuQlik.cpp"
Finished building: ../src/SudokuQlik.cpp
 
Building target: SudokuQlik
Invoking: GCC C++ Linker
g++ -pthread -L-L/opt/boost/boost_1_57_0/stage/lib -o "SudokuQlik"  ./src/Solver.o ./src/Sudoku.o ./src/SudokuQlik.o   -lboost_system -lboost_thread
Finished building target: SudokuQlik
 
14:27:06 **** Incremental Build of configuration Debug for project SudokuQlik ****
make all 
Building file: ../src/Solver.cpp
Invoking: GCC C++ Compiler
g++ -D_DEBUG=1 -O0 -g3 -Wall -c -fmessage-length=0 -MMD -MP -MF"src/Solver.d" -MT"src/Solver.d" -o "src/Solver.o" "../src/Solver.cpp"
Finished building: ../src/Solver.cpp
 
Building file: ../src/SudokuQlik.cpp
Invoking: GCC C++ Compiler
g++ -D_DEBUG=1 -O0 -g3 -Wall -c -fmessage-length=0 -MMD -MP -MF"src/SudokuQlik.d" -MT"src/SudokuQlik.d" -o "src/SudokuQlik.o" "../src/SudokuQlik.cpp"
Finished building: ../src/SudokuQlik.cpp
 
Building target: SudokuQlik
Invoking: GCC C++ Linker
g++ -pthread -L-L/opt/boost/boost_1_57_0/stage/lib -o "SudokuQlik"  ./src/Solver.o ./src/Sudoku.o ./src/SudokuQlik.o   -lboost_system -lboost_thread
Finished building target: SudokuQlik
 
14:31:10 **** Incremental Build of configuration Debug for project SudokuQlik ****
make all 
Building file: ../src/Solver.cpp
Invoking: GCC C++ Compiler
g++ -D_DEBUG=1 -O0 -g3 -Wall -c -fmessage-length=0 -MMD -MP -MF"src/Solver.d" -MT"src/Solver.d" -o "src/Solver.o" "../src/Solver.cpp"
Finished building: ../src/Solver.cpp
 
Building file: ../src/SudokuQlik.cpp
Invoking: GCC C++ Compiler
g++ -D_DEBUG=1 -O0 -g3 -Wall -c -fmessage-length=0 -MMD -MP -MF"src/SudokuQlik.d" -MT"src/SudokuQlik.d" -o "src/SudokuQlik.o" "../src/SudokuQlik.cpp"
Finished building: ../src/SudokuQlik.cpp
 
Building target: SudokuQlik
Invoking: GCC C++ Linker
g++ -pthread -L-L/opt/boost/boost_1_57_0/stage/lib -o "SudokuQlik"  ./src/Solver.o ./src/Sudoku.o ./src/SudokuQlik.o   -lboost_system -lboost_thread
Finished building target: SudokuQlik
 
14:34:50 **** Incremental Build of configuration Debug for project SudokuQlik ****
make all 
Building file: ../src/Solver.cpp
Invoking: GCC C++ Compiler
g++ -D_DEBUG=1 -O0 -g3 -Wall -c -fmessage-length=0 -MMD -MP -MF"src/Solver.d" -MT"src/Solver.d" -o "src/Solver.o" "../src/Solver.cpp"
../src/Solver.cpp: In member function ‘sudoku::RankNode* sudoku::BTSolver::init_rank_node_list(std::vector<std::list<std::pair<sudoku::Symbol*, std::list<char>*> >*>&)’:
../src/Solver.cpp:44:13: warning: unused variable ‘curSymbol’ [-Wunused-variable]
    Symbol * curSymbol=NULL, * prevSymbol=NULL;
             ^
../src/Solver.cpp:44:31: warning: unused variable ‘prevSymbol’ [-Wunused-variable]
    Symbol * curSymbol=NULL, * prevSymbol=NULL;
                               ^
../src/Solver.cpp:45:17: warning: unused variable ‘curAssignments’ [-Wunused-variable]
    list<char> * curAssignments=NULL;
                 ^
../src/Solver.cpp:46:9: warning: unused variable ‘curChar’ [-Wunused-variable]
    char curChar= 0;
         ^
Finished building: ../src/Solver.cpp
 
Building target: SudokuQlik
Invoking: GCC C++ Linker
g++ -pthread -L-L/opt/boost/boost_1_57_0/stage/lib -o "SudokuQlik"  ./src/Solver.o ./src/Sudoku.o ./src/SudokuQlik.o   -lboost_system -lboost_thread
Finished building target: SudokuQlik
 
14:35:26 **** Incremental Build of configuration Debug for project SudokuQlik ****
make all 
Building file: ../src/Solver.cpp
Invoking: GCC C++ Compiler
g++ -D_DEBUG=1 -O0 -g3 -Wall -c -fmessage-length=0 -MMD -MP -MF"src/Solver.d" -MT"src/Solver.d" -o "src/Solver.o" "../src/Solver.cpp"
../src/Solver.cpp: In member function ‘sudoku::RankNode* sudoku::BTSolver::init_rank_node_list(std::vector<std::list<std::pair<sudoku::Symbol*, std::list<char>*> >*>&)’:
../src/Solver.cpp:44:13: warning: unused variable ‘curSymbol’ [-Wunused-variable]
    Symbol * curSymbol=NULL, * prevSymbol=NULL;
             ^
../src/Solver.cpp:44:31: warning: unused variable ‘prevSymbol’ [-Wunused-variable]
    Symbol * curSymbol=NULL, * prevSymbol=NULL;
                               ^
../src/Solver.cpp:45:17: warning: unused variable ‘curAssignments’ [-Wunused-variable]
    list<char> * curAssignments=NULL;
                 ^
../src/Solver.cpp:46:9: warning: unused variable ‘curChar’ [-Wunused-variable]
    char curChar= 0;
         ^
Finished building: ../src/Solver.cpp
 
Building file: ../src/SudokuQlik.cpp
Invoking: GCC C++ Compiler
g++ -D_DEBUG=1 -O0 -g3 -Wall -c -fmessage-length=0 -MMD -MP -MF"src/SudokuQlik.d" -MT"src/SudokuQlik.d" -o "src/SudokuQlik.o" "../src/SudokuQlik.cpp"
Finished building: ../src/SudokuQlik.cpp
 
Building target: SudokuQlik
Invoking: GCC C++ Linker
g++ -pthread -L-L/opt/boost/boost_1_57_0/stage/lib -o "SudokuQlik"  ./src/Solver.o ./src/Sudoku.o ./src/SudokuQlik.o   -lboost_system -lboost_thread
Finished building target: SudokuQlik
 
15:05:04 **** Incremental Build of configuration Debug for project SudokuQlik ****
make all 
Building file: ../src/Solver.cpp
Invoking: GCC C++ Compiler
g++ -D_DEBUG=1 -O0 -g3 -Wall -c -fmessage-length=0 -MMD -MP -MF"src/Solver.d" -MT"src/Solver.d" -o "src/Solver.o" "../src/Solver.cpp"
../src/Solver.cpp: In member function ‘sudoku::RankNode* sudoku::BTSolver::init_rank_node_list(std::vector<std::list<std::pair<sudoku::Symbol*, std::list<char>*> >*>&)’:
../src/Solver.cpp:39:30: warning: unused variable ‘cur’ [-Wunused-variable]
    RankNode * head = NULL, * cur = NULL, * prev = NULL;
                              ^
../src/Solver.cpp:39:44: warning: unused variable ‘prev’ [-Wunused-variable]
    RankNode * head = NULL, * cur = NULL, * prev = NULL;
                                            ^
../src/Solver.cpp: In member function ‘bool sudoku::BTSolver::solve_internal(sudoku::RankNode*, std::stack<sudoku::Symbol*>&)’:
../src/Solver.cpp:708:37: error: cannot convert ‘sudoku::rank_pair* {aka std::pair<sudoku::Symbol*, std::list<char>*>*}’ to ‘sudoku::RankNode*’ in assignment
                             curNode = curNode->Prev;
                                     ^
../src/Solver.cpp:740:18: error: cannot convert ‘sudoku::rank_pair* {aka std::pair<sudoku::Symbol*, std::list<char>*>*}’ to ‘sudoku::RankNode*’ in assignment
          curNode = curNode->Next;
                  ^
make: *** [src/Solver.o] Error 1
15:05:44 **** Incremental Build of configuration Debug for project SudokuQlik ****
make all 
Building file: ../src/Solver.cpp
Invoking: GCC C++ Compiler
g++ -D_DEBUG=1 -O0 -g3 -Wall -c -fmessage-length=0 -MMD -MP -MF"src/Solver.d" -MT"src/Solver.d" -o "src/Solver.o" "../src/Solver.cpp"
In file included from ../src/Solver.cpp:8:0:
../src/Solver.h: In constructor ‘sudoku::RankNode::RankNode(sudoku::rank_pair*)’:
../src/Solver.h:86:62: error: cannot convert ‘sudoku::rank_pair* {aka std::pair<sudoku::Symbol*, std::list<char>*>*}’ to ‘sudoku::RankNode*’ in initialization
  RankNode (rank_pair * cur) : Cur(cur), Prev(NULL), Next(NULL) {};
                                                              ^
../src/Solver.cpp: In member function ‘sudoku::RankNode* sudoku::BTSolver::init_rank_node_list(std::vector<std::list<std::pair<sudoku::Symbol*, std::list<char>*> >*>&)’:
../src/Solver.cpp:39:30: warning: unused variable ‘cur’ [-Wunused-variable]
    RankNode * head = NULL, * cur = NULL, * prev = NULL;
                              ^
../src/Solver.cpp:39:44: warning: unused variable ‘prev’ [-Wunused-variable]
    RankNode * head = NULL, * cur = NULL, * prev = NULL;
                                            ^
../src/Solver.cpp: In member function ‘bool sudoku::BTSolver::solve_internal(sudoku::RankNode*, std::stack<sudoku::Symbol*>&)’:
../src/Solver.cpp:631:36: error: ‘struct sudoku::RankNode’ has no member named ‘first’
          curSymbol = curNode->Cur->first;
                                    ^
make: *** [src/Solver.o] Error 1
15:06:47 **** Incremental Build of configuration Debug for project SudokuQlik ****
make all 
Building file: ../src/Solver.cpp
Invoking: GCC C++ Compiler
g++ -D_DEBUG=1 -O0 -g3 -Wall -c -fmessage-length=0 -MMD -MP -MF"src/Solver.d" -MT"src/Solver.d" -o "src/Solver.o" "../src/Solver.cpp"
In file included from ../src/Solver.cpp:8:0:
../src/Solver.h: In constructor ‘sudoku::RankNode::RankNode(sudoku::rank_pair*)’:
../src/Solver.h:86:35: error: ‘vval’ was not declared in this scope
  RankNode (rank_pair * val) : Val(vval), Prev(NULL), Next(NULL) {};
                                   ^
../src/Solver.cpp: In member function ‘sudoku::RankNode* sudoku::BTSolver::init_rank_node_list(std::vector<std::list<std::pair<sudoku::Symbol*, std::list<char>*> >*>&)’:
../src/Solver.cpp:39:30: warning: unused variable ‘cur’ [-Wunused-variable]
    RankNode * head = NULL, * cur = NULL, * prev = NULL;
                              ^
../src/Solver.cpp:39:44: warning: unused variable ‘prev’ [-Wunused-variable]
    RankNode * head = NULL, * cur = NULL, * prev = NULL;
                                            ^
../src/Solver.cpp: In member function ‘bool sudoku::BTSolver::solve_internal(sudoku::RankNode*, std::stack<sudoku::Symbol*>&)’:
../src/Solver.cpp:631:31: error: ‘struct sudoku::RankNode’ has no member named ‘Cur’
          curSymbol = curNode->Cur->first;
                               ^
make: *** [src/Solver.o] Error 1
15:06:57 **** Incremental Build of configuration Debug for project SudokuQlik ****
make all 
Building file: ../src/Solver.cpp
Invoking: GCC C++ Compiler
g++ -D_DEBUG=1 -O0 -g3 -Wall -c -fmessage-length=0 -MMD -MP -MF"src/Solver.d" -MT"src/Solver.d" -o "src/Solver.o" "../src/Solver.cpp"
../src/Solver.cpp: In member function ‘sudoku::RankNode* sudoku::BTSolver::init_rank_node_list(std::vector<std::list<std::pair<sudoku::Symbol*, std::list<char>*> >*>&)’:
../src/Solver.cpp:39:30: warning: unused variable ‘cur’ [-Wunused-variable]
    RankNode * head = NULL, * cur = NULL, * prev = NULL;
                              ^
../src/Solver.cpp:39:44: warning: unused variable ‘prev’ [-Wunused-variable]
    RankNode * head = NULL, * cur = NULL, * prev = NULL;
                                            ^
../src/Solver.cpp: In member function ‘bool sudoku::BTSolver::solve_internal(sudoku::RankNode*, std::stack<sudoku::Symbol*>&)’:
../src/Solver.cpp:631:31: error: ‘struct sudoku::RankNode’ has no member named ‘Cur’
          curSymbol = curNode->Cur->first;
                               ^
make: *** [src/Solver.o] Error 1
15:07:23 **** Incremental Build of configuration Debug for project SudokuQlik ****
make all 
Building file: ../src/Solver.cpp
Invoking: GCC C++ Compiler
g++ -D_DEBUG=1 -O0 -g3 -Wall -c -fmessage-length=0 -MMD -MP -MF"src/Solver.d" -MT"src/Solver.d" -o "src/Solver.o" "../src/Solver.cpp"
../src/Solver.cpp: In member function ‘sudoku::RankNode* sudoku::BTSolver::init_rank_node_list(std::vector<std::list<std::pair<sudoku::Symbol*, std::list<char>*> >*>&)’:
../src/Solver.cpp:39:30: warning: unused variable ‘cur’ [-Wunused-variable]
    RankNode * head = NULL, * cur = NULL, * prev = NULL;
                              ^
../src/Solver.cpp:39:44: warning: unused variable ‘prev’ [-Wunused-variable]
    RankNode * head = NULL, * cur = NULL, * prev = NULL;
                                            ^
Finished building: ../src/Solver.cpp
 
Building file: ../src/SudokuQlik.cpp
Invoking: GCC C++ Compiler
g++ -D_DEBUG=1 -O0 -g3 -Wall -c -fmessage-length=0 -MMD -MP -MF"src/SudokuQlik.d" -MT"src/SudokuQlik.d" -o "src/SudokuQlik.o" "../src/SudokuQlik.cpp"
Finished building: ../src/SudokuQlik.cpp
 
Building target: SudokuQlik
Invoking: GCC C++ Linker
g++ -pthread -L-L/opt/boost/boost_1_57_0/stage/lib -o "SudokuQlik"  ./src/Solver.o ./src/Sudoku.o ./src/SudokuQlik.o   -lboost_system -lboost_thread
Finished building target: SudokuQlik
 
15:08:43 **** Incremental Build of configuration Debug for project SudokuQlik ****
make all 
Building file: ../src/Solver.cpp
Invoking: GCC C++ Compiler
g++ -D_DEBUG=1 -O0 -g3 -Wall -c -fmessage-length=0 -MMD -MP -MF"src/Solver.d" -MT"src/Solver.d" -o "src/Solver.o" "../src/Solver.cpp"
../src/Solver.cpp: In member function ‘sudoku::RankNode* sudoku::BTSolver::init_rank_node_list(std::vector<std::list<std::pair<sudoku::Symbol*, std::list<char>*> >*>&)’:
../src/Solver.cpp:39:30: warning: unused variable ‘cur’ [-Wunused-variable]
    RankNode * head = NULL, * cur = NULL, * prev = NULL;
                              ^
../src/Solver.cpp:39:44: warning: unused variable ‘prev’ [-Wunused-variable]
    RankNode * head = NULL, * cur = NULL, * prev = NULL;
                                            ^
../src/Solver.cpp: In member function ‘bool sudoku::BTSolver::solve_internal(sudoku::RankNode*)’:
../src/Solver.cpp:678:9: error: ‘s’ was not declared in this scope
         s.push(curSymbol);
         ^
../src/Solver.cpp:691:27: error: ‘s’ was not declared in this scope
                       if (s.empty() || curSymbol != s.top())
                           ^
make: *** [src/Solver.o] Error 1
15:30:39 **** Incremental Build of configuration Debug for project SudokuQlik ****
make all 
Building file: ../src/Solver.cpp
Invoking: GCC C++ Compiler
g++ -D_DEBUG=1 -O0 -g3 -Wall -c -fmessage-length=0 -MMD -MP -MF"src/Solver.d" -MT"src/Solver.d" -o "src/Solver.o" "../src/Solver.cpp"
../src/Solver.cpp: In member function ‘sudoku::RankNode* sudoku::BTSolver::init_rank_node_list(std::vector<std::list<std::pair<sudoku::Symbol*, std::list<char>*> >*>&)’:
../src/Solver.cpp:39:30: warning: unused variable ‘cur’ [-Wunused-variable]
    RankNode * head = NULL, * cur = NULL, * prev = NULL;
                              ^
../src/Solver.cpp:39:44: warning: unused variable ‘prev’ [-Wunused-variable]
    RankNode * head = NULL, * cur = NULL, * prev = NULL;
                                            ^
../src/Solver.cpp: In member function ‘bool sudoku::BTSolver::solve_internal(sudoku::RankNode*)’:
../src/Solver.cpp:626:31: warning: unused variable ‘prevSymbol’ [-Wunused-variable]
    Symbol * curSymbol=NULL, * prevSymbol=NULL;
                               ^
Finished building: ../src/Solver.cpp
 
Building file: ../src/SudokuQlik.cpp
Invoking: GCC C++ Compiler
g++ -D_DEBUG=1 -O0 -g3 -Wall -c -fmessage-length=0 -MMD -MP -MF"src/SudokuQlik.d" -MT"src/SudokuQlik.d" -o "src/SudokuQlik.o" "../src/SudokuQlik.cpp"
Finished building: ../src/SudokuQlik.cpp
 
Building target: SudokuQlik
Invoking: GCC C++ Linker
g++ -pthread -L-L/opt/boost/boost_1_57_0/stage/lib -o "SudokuQlik"  ./src/Solver.o ./src/Sudoku.o ./src/SudokuQlik.o   -lboost_system -lboost_thread
Finished building target: SudokuQlik
 
15:33:38 **** Incremental Build of configuration Debug for project SudokuQlik ****
make all 
Building file: ../src/Solver.cpp
Invoking: GCC C++ Compiler
g++ -D_DEBUG=1 -O0 -g3 -Wall -c -fmessage-length=0 -MMD -MP -MF"src/Solver.d" -MT"src/Solver.d" -o "src/Solver.o" "../src/Solver.cpp"
../src/Solver.cpp: In member function ‘sudoku::RankNode* sudoku::BTSolver::init_rank_node_list(std::vector<std::list<std::pair<sudoku::Symbol*, std::list<char>*> >*>&)’:
../src/Solver.cpp:39:30: warning: unused variable ‘cur’ [-Wunused-variable]
    RankNode * head = NULL, * cur = NULL, * prev = NULL;
                              ^
../src/Solver.cpp:39:44: warning: unused variable ‘prev’ [-Wunused-variable]
    RankNode * head = NULL, * cur = NULL, * prev = NULL;
                                            ^
../src/Solver.cpp: In member function ‘bool sudoku::BTSolver::solve_internal(sudoku::RankNode*)’:
../src/Solver.cpp:626:31: warning: unused variable ‘prevSymbol’ [-Wunused-variable]
    Symbol * curSymbol=NULL, * prevSymbol=NULL;
                               ^
Finished building: ../src/Solver.cpp
 
Building target: SudokuQlik
Invoking: GCC C++ Linker
g++ -pthread -L-L/opt/boost/boost_1_57_0/stage/lib -o "SudokuQlik"  ./src/Solver.o ./src/Sudoku.o ./src/SudokuQlik.o   -lboost_system -lboost_thread
Finished building target: SudokuQlik
 
15:35:53 **** Incremental Build of configuration Debug for project SudokuQlik ****
make all 
Building file: ../src/Solver.cpp
Invoking: GCC C++ Compiler
g++ -D_DEBUG=1 -O0 -g3 -Wall -c -fmessage-length=0 -MMD -MP -MF"src/Solver.d" -MT"src/Solver.d" -o "src/Solver.o" "../src/Solver.cpp"
../src/Solver.cpp: In member function ‘sudoku::RankNode* sudoku::BTSolver::init_rank_node_list(std::vector<std::list<std::pair<sudoku::Symbol*, std::list<char>*> >*>&)’:
../src/Solver.cpp:39:30: warning: unused variable ‘cur’ [-Wunused-variable]
    RankNode * head = NULL, * cur = NULL, * prev = NULL;
                              ^
../src/Solver.cpp:39:44: warning: unused variable ‘prev’ [-Wunused-variable]
    RankNode * head = NULL, * cur = NULL, * prev = NULL;
                                            ^
../src/Solver.cpp: In member function ‘bool sudoku::BTSolver::solve_internal(sudoku::RankNode*)’:
../src/Solver.cpp:624:31: warning: unused variable ‘prevSymbol’ [-Wunused-variable]
    Symbol * curSymbol=NULL, * prevSymbol=NULL;
                               ^
Finished building: ../src/Solver.cpp
 
Building target: SudokuQlik
Invoking: GCC C++ Linker
g++ -pthread -L-L/opt/boost/boost_1_57_0/stage/lib -o "SudokuQlik"  ./src/Solver.o ./src/Sudoku.o ./src/SudokuQlik.o   -lboost_system -lboost_thread
Finished building target: SudokuQlik
 
15:42:46 **** Incremental Build of configuration Debug for project SudokuQlik ****
make all 
Building file: ../src/Solver.cpp
Invoking: GCC C++ Compiler
g++ -D_DEBUG=1 -O0 -g3 -Wall -c -fmessage-length=0 -MMD -MP -MF"src/Solver.d" -MT"src/Solver.d" -o "src/Solver.o" "../src/Solver.cpp"
../src/Solver.cpp: In member function ‘sudoku::RankNode* sudoku::BTSolver::init_rank_node_list(std::vector<std::list<std::pair<sudoku::Symbol*, std::list<char>*> >*>&)’:
../src/Solver.cpp:51:38: error: no matching function for call to ‘sudoku::RankNode::RankNode(std::list<std::pair<sudoku::Symbol*, std::list<char>*> >::iterator&)’
               cur = new RankNode(itRL);
                                      ^
../src/Solver.cpp:51:38: note: candidates are:
In file included from ../src/Solver.cpp:8:0:
../src/Solver.h:86:2: note: sudoku::RankNode::RankNode(sudoku::rank_pair*)
  RankNode (rank_pair * val) : Val(val), Prev(NULL), Next(NULL) {};
  ^
../src/Solver.h:86:2: note:   no known conversion for argument 1 from ‘std::list<std::pair<sudoku::Symbol*, std::list<char>*> >::iterator {aka std::_List_iterator<std::pair<sudoku::Symbol*, std::list<char>*> >}’ to ‘sudoku::rank_pair* {aka std::pair<sudoku::Symbol*, std::list<char>*>*}’
../src/Solver.h:84:8: note: sudoku::RankNode::RankNode(const sudoku::RankNode&)
 struct RankNode
        ^
../src/Solver.h:84:8: note:   no known conversion for argument 1 from ‘std::list<std::pair<sudoku::Symbol*, std::list<char>*> >::iterator {aka std::_List_iterator<std::pair<sudoku::Symbol*, std::list<char>*> >}’ to ‘const sudoku::RankNode&’
../src/Solver.cpp:39:44: warning: unused variable ‘prev’ [-Wunused-variable]
    RankNode * head = NULL, * cur = NULL, * prev = NULL;
                                            ^
../src/Solver.cpp: In member function ‘bool sudoku::BTSolver::solve_internal(sudoku::RankNode*)’:
../src/Solver.cpp:624:31: warning: unused variable ‘prevSymbol’ [-Wunused-variable]
    Symbol * curSymbol=NULL, * prevSymbol=NULL;
                               ^
make: *** [src/Solver.o] Error 1
15:43:37 **** Incremental Build of configuration Debug for project SudokuQlik ****
make all 
Building file: ../src/Solver.cpp
Invoking: GCC C++ Compiler
g++ -D_DEBUG=1 -O0 -g3 -Wall -c -fmessage-length=0 -MMD -MP -MF"src/Solver.d" -MT"src/Solver.d" -o "src/Solver.o" "../src/Solver.cpp"
../src/Solver.cpp: In member function ‘sudoku::RankNode* sudoku::BTSolver::init_rank_node_list(std::vector<std::list<std::pair<sudoku::Symbol*, std::list<char>*> >*>&)’:
../src/Solver.cpp:39:30: warning: variable ‘cur’ set but not used [-Wunused-but-set-variable]
    RankNode * head = NULL, * cur = NULL, * prev = NULL;
                              ^
../src/Solver.cpp:39:44: warning: unused variable ‘prev’ [-Wunused-variable]
    RankNode * head = NULL, * cur = NULL, * prev = NULL;
                                            ^
../src/Solver.cpp: In member function ‘bool sudoku::BTSolver::solve_internal(sudoku::RankNode*)’:
../src/Solver.cpp:624:31: warning: unused variable ‘prevSymbol’ [-Wunused-variable]
    Symbol * curSymbol=NULL, * prevSymbol=NULL;
                               ^
Finished building: ../src/Solver.cpp
 
Building target: SudokuQlik
Invoking: GCC C++ Linker
g++ -pthread -L-L/opt/boost/boost_1_57_0/stage/lib -o "SudokuQlik"  ./src/Solver.o ./src/Sudoku.o ./src/SudokuQlik.o   -lboost_system -lboost_thread
Finished building target: SudokuQlik
 
15:47:02 **** Incremental Build of configuration Debug for project SudokuQlik ****
make all 
Building file: ../src/Solver.cpp
Invoking: GCC C++ Compiler
g++ -D_DEBUG=1 -O0 -g3 -Wall -c -fmessage-length=0 -MMD -MP -MF"src/Solver.d" -MT"src/Solver.d" -o "src/Solver.o" "../src/Solver.cpp"
../src/Solver.cpp: In member function ‘sudoku::RankNode* sudoku::BTSolver::init_rank_node_list(std::vector<std::list<std::pair<sudoku::Symbol*, std::list<char>*> >*>&)’:
../src/Solver.cpp:39:30: warning: variable ‘cur’ set but not used [-Wunused-but-set-variable]
    RankNode * head = NULL, * cur = NULL, * prev = NULL;
                              ^
../src/Solver.cpp:39:44: warning: unused variable ‘prev’ [-Wunused-variable]
    RankNode * head = NULL, * cur = NULL, * prev = NULL;
                                            ^
../src/Solver.cpp: In member function ‘bool sudoku::BTSolver::solve_internal(sudoku::RankNode*)’:
../src/Solver.cpp:624:31: warning: unused variable ‘prevSymbol’ [-Wunused-variable]
    Symbol * curSymbol=NULL, * prevSymbol=NULL;
                               ^
Finished building: ../src/Solver.cpp
 
Building target: SudokuQlik
Invoking: GCC C++ Linker
g++ -pthread -L-L/opt/boost/boost_1_57_0/stage/lib -o "SudokuQlik"  ./src/Solver.o ./src/Sudoku.o ./src/SudokuQlik.o   -lboost_system -lboost_thread
Finished building target: SudokuQlik
 
15:47:38 **** Incremental Build of configuration Debug for project SudokuQlik ****
make all 
Building file: ../src/Solver.cpp
Invoking: GCC C++ Compiler
g++ -D_DEBUG=1 -O0 -g3 -Wall -c -fmessage-length=0 -MMD -MP -MF"src/Solver.d" -MT"src/Solver.d" -o "src/Solver.o" "../src/Solver.cpp"
../src/Solver.cpp: In member function ‘sudoku::RankNode* sudoku::BTSolver::init_rank_node_list(std::vector<std::list<std::pair<sudoku::Symbol*, std::list<char>*> >*>&)’:
../src/Solver.cpp:51:40: error: no matching function for call to ‘sudoku::RankNode::RankNode(std::list<std::pair<sudoku::Symbol*, std::list<char>*> >::iterator&)’
               cur = new RankNode(*&itRL);
                                        ^
../src/Solver.cpp:51:40: note: candidates are:
In file included from ../src/Solver.cpp:8:0:
../src/Solver.h:86:2: note: sudoku::RankNode::RankNode(sudoku::rank_pair*)
  RankNode (rank_pair * val) : Val(val), Prev(NULL), Next(NULL) {};
  ^
../src/Solver.h:86:2: note:   no known conversion for argument 1 from ‘std::list<std::pair<sudoku::Symbol*, std::list<char>*> >::iterator {aka std::_List_iterator<std::pair<sudoku::Symbol*, std::list<char>*> >}’ to ‘sudoku::rank_pair* {aka std::pair<sudoku::Symbol*, std::list<char>*>*}’
../src/Solver.h:84:8: note: sudoku::RankNode::RankNode(const sudoku::RankNode&)
 struct RankNode
        ^
../src/Solver.h:84:8: note:   no known conversion for argument 1 from ‘std::list<std::pair<sudoku::Symbol*, std::list<char>*> >::iterator {aka std::_List_iterator<std::pair<sudoku::Symbol*, std::list<char>*> >}’ to ‘const sudoku::RankNode&’
../src/Solver.cpp:39:44: warning: unused variable ‘prev’ [-Wunused-variable]
    RankNode * head = NULL, * cur = NULL, * prev = NULL;
                                            ^
../src/Solver.cpp: In member function ‘bool sudoku::BTSolver::solve_internal(sudoku::RankNode*)’:
../src/Solver.cpp:624:31: warning: unused variable ‘prevSymbol’ [-Wunused-variable]
    Symbol * curSymbol=NULL, * prevSymbol=NULL;
                               ^
make: *** [src/Solver.o] Error 1
15:47:49 **** Incremental Build of configuration Debug for project SudokuQlik ****
make all 
Building file: ../src/Solver.cpp
Invoking: GCC C++ Compiler
g++ -D_DEBUG=1 -O0 -g3 -Wall -c -fmessage-length=0 -MMD -MP -MF"src/Solver.d" -MT"src/Solver.d" -o "src/Solver.o" "../src/Solver.cpp"
../src/Solver.cpp: In member function ‘sudoku::RankNode* sudoku::BTSolver::init_rank_node_list(std::vector<std::list<std::pair<sudoku::Symbol*, std::list<char>*> >*>&)’:
../src/Solver.cpp:39:30: warning: variable ‘cur’ set but not used [-Wunused-but-set-variable]
    RankNode * head = NULL, * cur = NULL, * prev = NULL;
                              ^
../src/Solver.cpp:39:44: warning: unused variable ‘prev’ [-Wunused-variable]
    RankNode * head = NULL, * cur = NULL, * prev = NULL;
                                            ^
../src/Solver.cpp: In member function ‘bool sudoku::BTSolver::solve_internal(sudoku::RankNode*)’:
../src/Solver.cpp:624:31: warning: unused variable ‘prevSymbol’ [-Wunused-variable]
    Symbol * curSymbol=NULL, * prevSymbol=NULL;
                               ^
Finished building: ../src/Solver.cpp
 
Building target: SudokuQlik
Invoking: GCC C++ Linker
g++ -pthread -L-L/opt/boost/boost_1_57_0/stage/lib -o "SudokuQlik"  ./src/Solver.o ./src/Sudoku.o ./src/SudokuQlik.o   -lboost_system -lboost_thread
Finished building target: SudokuQlik
 
15:50:46 **** Incremental Build of configuration Debug for project TestSudoku ****
make all 
Building file: ../src/TestSudoku.cpp
Invoking: GCC C++ Compiler
g++ -O0 -g3 -Wall -c -fmessage-length=0 -MMD -MP -MF"src/TestSudoku.d" -MT"src/TestSudoku.d" -o "src/TestSudoku.o" "../src/TestSudoku.cpp"
Finished building: ../src/TestSudoku.cpp
 
Building target: TestSudoku
Invoking: GCC C++ Linker
g++  -o "TestSudoku"  ./src/TestSudoku.o   
Finished building target: TestSudoku
 
15:53:17 **** Incremental Build of configuration Debug for project SudokuQlik ****
make all 
Building file: ../src/Solver.cpp
Invoking: GCC C++ Compiler
g++ -D_DEBUG=1 -O0 -g3 -Wall -c -fmessage-length=0 -MMD -MP -MF"src/Solver.d" -MT"src/Solver.d" -o "src/Solver.o" "../src/Solver.cpp"
../src/Solver.cpp: In member function ‘bool sudoku::BTSolver::solve_internal(sudoku::RankNode*)’:
../src/Solver.cpp:632:31: warning: unused variable ‘prevSymbol’ [-Wunused-variable]
    Symbol * curSymbol=NULL, * prevSymbol=NULL;
                               ^
Finished building: ../src/Solver.cpp
 
Building target: SudokuQlik
Invoking: GCC C++ Linker
g++ -pthread -L-L/opt/boost/boost_1_57_0/stage/lib -o "SudokuQlik"  ./src/Solver.o ./src/Sudoku.o ./src/SudokuQlik.o   -lboost_system -lboost_thread
Finished building target: SudokuQlik
 
15:57:47 **** Incremental Build of configuration Debug for project SudokuQlik ****
make all 
Building file: ../src/Solver.cpp
Invoking: GCC C++ Compiler
g++ -D_DEBUG=1 -O0 -g3 -Wall -c -fmessage-length=0 -MMD -MP -MF"src/Solver.d" -MT"src/Solver.d" -o "src/Solver.o" "../src/Solver.cpp"
../src/Solver.cpp: In member function ‘bool sudoku::BTSolver::solve_internal(sudoku::RankNode*)’:
../src/Solver.cpp:633:31: warning: unused variable ‘prevSymbol’ [-Wunused-variable]
    Symbol * curSymbol=NULL, * prevSymbol=NULL;
                               ^
Finished building: ../src/Solver.cpp
 
Building target: SudokuQlik
Invoking: GCC C++ Linker
g++ -pthread -L-L/opt/boost/boost_1_57_0/stage/lib -o "SudokuQlik"  ./src/Solver.o ./src/Sudoku.o ./src/SudokuQlik.o   -lboost_system -lboost_thread
Finished building target: SudokuQlik
 
16:03:29 **** Incremental Build of configuration Debug for project SudokuQlik ****
make all 
make: Nothing to be done for `all'.
16:04:15 **** Incremental Build of configuration Debug for project SudokuQlik ****
make all 
Building file: ../src/Solver.cpp
Invoking: GCC C++ Compiler
g++ -D_DEBUG=1 -O0 -g3 -Wall -c -fmessage-length=0 -MMD -MP -MF"src/Solver.d" -MT"src/Solver.d" -o "src/Solver.o" "../src/Solver.cpp"
../src/Solver.cpp: In member function ‘bool sudoku::BTSolver::solve_internal(sudoku::RankNode*)’:
../src/Solver.cpp:493:31: warning: unused variable ‘prevSymbol’ [-Wunused-variable]
    Symbol * curSymbol=NULL, * prevSymbol=NULL;
                               ^
Finished building: ../src/Solver.cpp
 
Building file: ../src/SudokuQlik.cpp
Invoking: GCC C++ Compiler
g++ -D_DEBUG=1 -O0 -g3 -Wall -c -fmessage-length=0 -MMD -MP -MF"src/SudokuQlik.d" -MT"src/SudokuQlik.d" -o "src/SudokuQlik.o" "../src/SudokuQlik.cpp"
Finished building: ../src/SudokuQlik.cpp
 
Building target: SudokuQlik
Invoking: GCC C++ Linker
g++ -pthread -L-L/opt/boost/boost_1_57_0/stage/lib -o "SudokuQlik"  ./src/Solver.o ./src/Sudoku.o ./src/SudokuQlik.o   -lboost_system -lboost_thread
Finished building target: SudokuQlik
 
16:04:39 **** Incremental Build of configuration Debug for project SudokuQlik ****
make all 
Building file: ../src/Solver.cpp
Invoking: GCC C++ Compiler
g++ -D_DEBUG=1 -O0 -g3 -Wall -c -fmessage-length=0 -MMD -MP -MF"src/Solver.d" -MT"src/Solver.d" -o "src/Solver.o" "../src/Solver.cpp"
Finished building: ../src/Solver.cpp
 
Building target: SudokuQlik
Invoking: GCC C++ Linker
g++ -pthread -L-L/opt/boost/boost_1_57_0/stage/lib -o "SudokuQlik"  ./src/Solver.o ./src/Sudoku.o ./src/SudokuQlik.o   -lboost_system -lboost_thread
Finished building target: SudokuQlik
 
16:05:37 **** Incremental Build of configuration Debug for project SudokuQlik ****
make all 
Building file: ../src/Solver.cpp
Invoking: GCC C++ Compiler
g++ -D_DEBUG=1 -O0 -g3 -Wall -c -fmessage-length=0 -MMD -MP -MF"src/Solver.d" -MT"src/Solver.d" -o "src/Solver.o" "../src/Solver.cpp"
Finished building: ../src/Solver.cpp
 
Building target: SudokuQlik
Invoking: GCC C++ Linker
g++ -pthread -L-L/opt/boost/boost_1_57_0/stage/lib -o "SudokuQlik"  ./src/Solver.o ./src/Sudoku.o ./src/SudokuQlik.o   -lboost_system -lboost_thread
Finished building target: SudokuQlik
 
16:05:57 **** Incremental Build of configuration Debug for project SudokuQlik ****
make all 
Building file: ../src/Solver.cpp
Invoking: GCC C++ Compiler
g++ -D_DEBUG=1 -O0 -g3 -Wall -c -fmessage-length=0 -MMD -MP -MF"src/Solver.d" -MT"src/Solver.d" -o "src/Solver.o" "../src/Solver.cpp"
Finished building: ../src/Solver.cpp
 
Building target: SudokuQlik
Invoking: GCC C++ Linker
g++ -pthread -L-L/opt/boost/boost_1_57_0/stage/lib -o "SudokuQlik"  ./src/Solver.o ./src/Sudoku.o ./src/SudokuQlik.o   -lboost_system -lboost_thread
Finished building target: SudokuQlik
 
16:09:18 **** Incremental Build of configuration Debug for project SudokuQlik ****
make all 
Building file: ../src/Solver.cpp
Invoking: GCC C++ Compiler
g++ -D_DEBUG=1 -O0 -g3 -Wall -c -fmessage-length=0 -MMD -MP -MF"src/Solver.d" -MT"src/Solver.d" -o "src/Solver.o" "../src/Solver.cpp"
Finished building: ../src/Solver.cpp
 
Building target: SudokuQlik
Invoking: GCC C++ Linker
g++ -pthread -L-L/opt/boost/boost_1_57_0/stage/lib -o "SudokuQlik"  ./src/Solver.o ./src/Sudoku.o ./src/SudokuQlik.o   -lboost_system -lboost_thread
Finished building target: SudokuQlik
 
16:31:50 **** Incremental Build of configuration Debug for project SudokuQlik ****
make all 
Building file: ../src/Solver.cpp
Invoking: GCC C++ Compiler
g++ -D_DEBUG=1 -O0 -g3 -Wall -c -fmessage-length=0 -MMD -MP -MF"src/Solver.d" -MT"src/Solver.d" -o "src/Solver.o" "../src/Solver.cpp"
Finished building: ../src/Solver.cpp
 
Building file: ../src/SudokuQlik.cpp
Invoking: GCC C++ Compiler
g++ -D_DEBUG=1 -O0 -g3 -Wall -c -fmessage-length=0 -MMD -MP -MF"src/SudokuQlik.d" -MT"src/SudokuQlik.d" -o "src/SudokuQlik.o" "../src/SudokuQlik.cpp"
Finished building: ../src/SudokuQlik.cpp
 
Building target: SudokuQlik
Invoking: GCC C++ Linker
g++ -pthread -L-L/opt/boost/boost_1_57_0/stage/lib -o "SudokuQlik"  ./src/Solver.o ./src/Sudoku.o ./src/SudokuQlik.o   -lboost_system -lboost_thread
Finished building target: SudokuQlik
 
16:32:19 **** Incremental Build of configuration Debug for project SudokuQlik ****
make all 
Building file: ../src/Solver.cpp
Invoking: GCC C++ Compiler
g++ -D_DEBUG=1 -O0 -g3 -Wall -c -fmessage-length=0 -MMD -MP -MF"src/Solver.d" -MT"src/Solver.d" -o "src/Solver.o" "../src/Solver.cpp"
Finished building: ../src/Solver.cpp
 
Building target: SudokuQlik
Invoking: GCC C++ Linker
g++ -pthread -L-L/opt/boost/boost_1_57_0/stage/lib -o "SudokuQlik"  ./src/Solver.o ./src/Sudoku.o ./src/SudokuQlik.o   -lboost_system -lboost_thread
Finished building target: SudokuQlik
 
16:35:43 **** Incremental Build of configuration Debug for project SudokuQlik ****
make all 
Building file: ../src/Solver.cpp
Invoking: GCC C++ Compiler
g++ -D_DEBUG=1 -O0 -g3 -Wall -c -fmessage-length=0 -MMD -MP -MF"src/Solver.d" -MT"src/Solver.d" -o "src/Solver.o" "../src/Solver.cpp"
Finished building: ../src/Solver.cpp
 
Building target: SudokuQlik
Invoking: GCC C++ Linker
g++ -pthread -L-L/opt/boost/boost_1_57_0/stage/lib -o "SudokuQlik"  ./src/Solver.o ./src/Sudoku.o ./src/SudokuQlik.o   -lboost_system -lboost_thread
Finished building target: SudokuQlik
 
16:43:48 **** Incremental Build of configuration Debug for project SudokuQlik ****
make all 
make: Nothing to be done for `all'.
16:47:40 **** Incremental Build of configuration Debug for project SudokuQlik ****
make all 
make: Nothing to be done for `all'.
16:47:45 **** Incremental Build of configuration Debug for project SudokuQlik ****
make all 
Building file: ../src/Solver.cpp
Invoking: GCC C++ Compiler
g++ -D_DEBUG=1 -O0 -g3 -Wall -c -fmessage-length=0 -MMD -MP -MF"src/Solver.d" -MT"src/Solver.d" -o "src/Solver.o" "../src/Solver.cpp"
Finished building: ../src/Solver.cpp
 
Building target: SudokuQlik
Invoking: GCC C++ Linker
g++ -pthread -L-L/opt/boost/boost_1_57_0/stage/lib -o "SudokuQlik"  ./src/Solver.o ./src/Sudoku.o ./src/SudokuQlik.o   -lboost_system -lboost_thread
Finished building target: SudokuQlik
 
16:48:10 **** Incremental Build of configuration Debug for project SudokuQlik ****
make all 
Building file: ../src/Solver.cpp
Invoking: GCC C++ Compiler
g++ -D_DEBUG=1 -O0 -g3 -Wall -c -fmessage-length=0 -MMD -MP -MF"src/Solver.d" -MT"src/Solver.d" -o "src/Solver.o" "../src/Solver.cpp"
Finished building: ../src/Solver.cpp
 
Building target: SudokuQlik
Invoking: GCC C++ Linker
g++ -pthread -L-L/opt/boost/boost_1_57_0/stage/lib -o "SudokuQlik"  ./src/Solver.o ./src/Sudoku.o ./src/SudokuQlik.o   -lboost_system -lboost_thread
Finished building target: SudokuQlik
 
16:55:16 **** Incremental Build of configuration Debug for project SudokuQlik ****
make all 
Building file: ../src/Solver.cpp
Invoking: GCC C++ Compiler
g++ -D_DEBUG=1 -O0 -g3 -Wall -c -fmessage-length=0 -MMD -MP -MF"src/Solver.d" -MT"src/Solver.d" -o "src/Solver.o" "../src/Solver.cpp"
Finished building: ../src/Solver.cpp
 
Building target: SudokuQlik
Invoking: GCC C++ Linker
g++ -pthread -L-L/opt/boost/boost_1_57_0/stage/lib -o "SudokuQlik"  ./src/Solver.o ./src/Sudoku.o ./src/SudokuQlik.o   -lboost_system -lboost_thread
Finished building target: SudokuQlik
 
17:14:38 **** Incremental Build of configuration Debug for project SudokuQlik ****
make all 
Building file: ../src/Solver.cpp
Invoking: GCC C++ Compiler
g++ -D_DEBUG=1 -O0 -g3 -Wall -c -fmessage-length=0 -MMD -MP -MF"src/Solver.d" -MT"src/Solver.d" -o "src/Solver.o" "../src/Solver.cpp"
Finished building: ../src/Solver.cpp
 
Building file: ../src/Sudoku.cpp
Invoking: GCC C++ Compiler
g++ -D_DEBUG=1 -O0 -g3 -Wall -c -fmessage-length=0 -MMD -MP -MF"src/Sudoku.d" -MT"src/Sudoku.d" -o "src/Sudoku.o" "../src/Sudoku.cpp"
Finished building: ../src/Sudoku.cpp
 
Building file: ../src/SudokuQlik.cpp
Invoking: GCC C++ Compiler
g++ -D_DEBUG=1 -O0 -g3 -Wall -c -fmessage-length=0 -MMD -MP -MF"src/SudokuQlik.d" -MT"src/SudokuQlik.d" -o "src/SudokuQlik.o" "../src/SudokuQlik.cpp"
Finished building: ../src/SudokuQlik.cpp
 
Building target: SudokuQlik
Invoking: GCC C++ Linker
g++ -pthread -L-L/opt/boost/boost_1_57_0/stage/lib -o "SudokuQlik"  ./src/Solver.o ./src/Sudoku.o ./src/SudokuQlik.o   -lboost_system -lboost_thread
Finished building target: SudokuQlik
 
17:21:51 **** Incremental Build of configuration Debug for project SudokuQlik ****
make all 
Building file: ../src/Solver.cpp
Invoking: GCC C++ Compiler
g++ -D_DEBUG=1 -O0 -g3 -Wall -c -fmessage-length=0 -MMD -MP -MF"src/Solver.d" -MT"src/Solver.d" -o "src/Solver.o" "../src/Solver.cpp"
Finished building: ../src/Solver.cpp
 
Building file: ../src/Sudoku.cpp
Invoking: GCC C++ Compiler
g++ -D_DEBUG=1 -O0 -g3 -Wall -c -fmessage-length=0 -MMD -MP -MF"src/Sudoku.d" -MT"src/Sudoku.d" -o "src/Sudoku.o" "../src/Sudoku.cpp"
Finished building: ../src/Sudoku.cpp
 
Building file: ../src/SudokuQlik.cpp
Invoking: GCC C++ Compiler
g++ -D_DEBUG=1 -O0 -g3 -Wall -c -fmessage-length=0 -MMD -MP -MF"src/SudokuQlik.d" -MT"src/SudokuQlik.d" -o "src/SudokuQlik.o" "../src/SudokuQlik.cpp"
Finished building: ../src/SudokuQlik.cpp
 
Building target: SudokuQlik
Invoking: GCC C++ Linker
g++ -pthread -L-L/opt/boost/boost_1_57_0/stage/lib -o "SudokuQlik"  ./src/Solver.o ./src/Sudoku.o ./src/SudokuQlik.o   -lboost_system -lboost_thread
Finished building target: SudokuQlik
 
17:29:50 **** Incremental Build of configuration Debug for project SudokuQlik ****
make all 
Building file: ../src/Solver.cpp
Invoking: GCC C++ Compiler
g++ -D_DEBUG=1 -O0 -g3 -Wall -c -fmessage-length=0 -MMD -MP -MF"src/Solver.d" -MT"src/Solver.d" -o "src/Solver.o" "../src/Solver.cpp"
Finished building: ../src/Solver.cpp
 
Building target: SudokuQlik
Invoking: GCC C++ Linker
g++ -pthread -L-L/opt/boost/boost_1_57_0/stage/lib -o "SudokuQlik"  ./src/Solver.o ./src/Sudoku.o ./src/SudokuQlik.o   -lboost_system -lboost_thread
Finished building target: SudokuQlik
 
17:33:24 **** Incremental Build of configuration Debug for project SudokuQlik ****
make all 
Building file: ../src/SudokuQlik.cpp
Invoking: GCC C++ Compiler
g++ -D_DEBUG=1 -O0 -g3 -Wall -c -fmessage-length=0 -MMD -MP -MF"src/SudokuQlik.d" -MT"src/SudokuQlik.d" -o "src/SudokuQlik.o" "../src/SudokuQlik.cpp"
Finished building: ../src/SudokuQlik.cpp
 
Building target: SudokuQlik
Invoking: GCC C++ Linker
g++ -pthread -L-L/opt/boost/boost_1_57_0/stage/lib -o "SudokuQlik"  ./src/Solver.o ./src/Sudoku.o ./src/SudokuQlik.o   -lboost_system -lboost_thread
Finished building target: SudokuQlik
 
17:35:05 **** Incremental Build of configuration Debug for project SudokuQlik ****
make all 
Building file: ../src/SudokuQlik.cpp
Invoking: GCC C++ Compiler
g++ -D_DEBUG=1 -O0 -g3 -Wall -c -fmessage-length=0 -MMD -MP -MF"src/SudokuQlik.d" -MT"src/SudokuQlik.d" -o "src/SudokuQlik.o" "../src/SudokuQlik.cpp"
Finished building: ../src/SudokuQlik.cpp
 
Building target: SudokuQlik
Invoking: GCC C++ Linker
g++ -pthread -L-L/opt/boost/boost_1_57_0/stage/lib -o "SudokuQlik"  ./src/Solver.o ./src/Sudoku.o ./src/SudokuQlik.o   -lboost_system -lboost_thread
Finished building target: SudokuQlik
 
17:40:58 **** Incremental Build of configuration Debug for project SudokuQlik ****
make all 
Building file: ../src/Solver.cpp
Invoking: GCC C++ Compiler
g++ -D_DEBUG=1 -O0 -g3 -Wall -c -fmessage-length=0 -MMD -MP -MF"src/Solver.d" -MT"src/Solver.d" -o "src/Solver.o" "../src/Solver.cpp"
Finished building: ../src/Solver.cpp
 
Building file: ../src/Sudoku.cpp
Invoking: GCC C++ Compiler
g++ -D_DEBUG=1 -O0 -g3 -Wall -c -fmessage-length=0 -MMD -MP -MF"src/Sudoku.d" -MT"src/Sudoku.d" -o "src/Sudoku.o" "../src/Sudoku.cpp"
Finished building: ../src/Sudoku.cpp
 
Building file: ../src/SudokuQlik.cpp
Invoking: GCC C++ Compiler
g++ -D_DEBUG=1 -O0 -g3 -Wall -c -fmessage-length=0 -MMD -MP -MF"src/SudokuQlik.d" -MT"src/SudokuQlik.d" -o "src/SudokuQlik.o" "../src/SudokuQlik.cpp"
Finished building: ../src/SudokuQlik.cpp
 
Building target: SudokuQlik
Invoking: GCC C++ Linker
g++ -pthread -L-L/opt/boost/boost_1_57_0/stage/lib -o "SudokuQlik"  ./src/Solver.o ./src/Sudoku.o ./src/SudokuQlik.o   -lboost_system -lboost_thread
Finished building target: SudokuQlik
 
17:41:58 **** Incremental Build of configuration Debug for project SudokuQlik ****
make all 
Building file: ../src/Solver.cpp
Invoking: GCC C++ Compiler
g++ -D_DEBUG=1 -O0 -g3 -Wall -c -fmessage-length=0 -MMD -MP -MF"src/Solver.d" -MT"src/Solver.d" -o "src/Solver.o" "../src/Solver.cpp"
Finished building: ../src/Solver.cpp
 
Building file: ../src/Sudoku.cpp
Invoking: GCC C++ Compiler
g++ -D_DEBUG=1 -O0 -g3 -Wall -c -fmessage-length=0 -MMD -MP -MF"src/Sudoku.d" -MT"src/Sudoku.d" -o "src/Sudoku.o" "../src/Sudoku.cpp"
Finished building: ../src/Sudoku.cpp
 
Building file: ../src/SudokuQlik.cpp
Invoking: GCC C++ Compiler
g++ -D_DEBUG=1 -O0 -g3 -Wall -c -fmessage-length=0 -MMD -MP -MF"src/SudokuQlik.d" -MT"src/SudokuQlik.d" -o "src/SudokuQlik.o" "../src/SudokuQlik.cpp"
Finished building: ../src/SudokuQlik.cpp
 
Building target: SudokuQlik
Invoking: GCC C++ Linker
g++ -pthread -L-L/opt/boost/boost_1_57_0/stage/lib -o "SudokuQlik"  ./src/Solver.o ./src/Sudoku.o ./src/SudokuQlik.o   -lboost_system -lboost_thread
Finished building target: SudokuQlik
 
17:45:06 **** Incremental Build of configuration Debug for project SudokuQlik ****
make all 
Building file: ../src/Sudoku.cpp
Invoking: GCC C++ Compiler
g++ -D_DEBUG=1 -O0 -g3 -Wall -c -fmessage-length=0 -MMD -MP -MF"src/Sudoku.d" -MT"src/Sudoku.d" -o "src/Sudoku.o" "../src/Sudoku.cpp"
../src/Sudoku.cpp: In member function ‘void sudoku::Puzzle::printToConsole()’:
../src/Sudoku.cpp:380:31: error: request for member ‘getDim’ in ‘*((sudoku::Puzzle*)this)->sudoku::Puzzle::m_pRows’, which is of pointer type ‘sudoku::HorizLine*’ (maybe you meant to use ‘->’ ?)
    for (int i=0; i < m_pRows->getDim(); i++)
                               ^
make: *** [src/Sudoku.o] Error 1
17:46:02 **** Incremental Build of configuration Debug for project SudokuQlik ****
make all 
Building file: ../src/Sudoku.cpp
Invoking: GCC C++ Compiler
g++ -D_DEBUG=1 -O0 -g3 -Wall -c -fmessage-length=0 -MMD -MP -MF"src/Sudoku.d" -MT"src/Sudoku.d" -o "src/Sudoku.o" "../src/Sudoku.cpp"
../src/Sudoku.cpp: In member function ‘void sudoku::Puzzle::printToConsole()’:
../src/Sudoku.cpp:380:22: error: ‘m_pDim’ was not declared in this scope
    for (int i=0; i < m_pDim; i++)
                      ^
make: *** [src/Sudoku.o] Error 1
17:46:44 **** Incremental Build of configuration Debug for project SudokuQlik ****
make all 
Building file: ../src/Sudoku.cpp
Invoking: GCC C++ Compiler
g++ -D_DEBUG=1 -O0 -g3 -Wall -c -fmessage-length=0 -MMD -MP -MF"src/Sudoku.d" -MT"src/Sudoku.d" -o "src/Sudoku.o" "../src/Sudoku.cpp"
Finished building: ../src/Sudoku.cpp
 
Building target: SudokuQlik
Invoking: GCC C++ Linker
g++ -pthread -L-L/opt/boost/boost_1_57_0/stage/lib -o "SudokuQlik"  ./src/Solver.o ./src/Sudoku.o ./src/SudokuQlik.o   -lboost_system -lboost_thread
Finished building target: SudokuQlik
 
17:48:33 **** Incremental Build of configuration Debug for project SudokuQlik ****
make all 
Building file: ../src/Sudoku.cpp
Invoking: GCC C++ Compiler
g++ -D_DEBUG=1 -O0 -g3 -Wall -c -fmessage-length=0 -MMD -MP -MF"src/Sudoku.d" -MT"src/Sudoku.d" -o "src/Sudoku.o" "../src/Sudoku.cpp"
../src/Sudoku.cpp: In member function ‘void sudoku::Puzzle::printToConsole()’:
../src/Sudoku.cpp:380:14: warning: variable ‘curRow’ set but not used [-Wunused-but-set-variable]
  HorizLine * curRow=NULL;
              ^
../src/Sudoku.cpp:381:11: warning: unused variable ‘curSymbol’ [-Wunused-variable]
  Symbol * curSymbol=NULL;
           ^
Finished building: ../src/Sudoku.cpp
 
Building target: SudokuQlik
Invoking: GCC C++ Linker
g++ -pthread -L-L/opt/boost/boost_1_57_0/stage/lib -o "SudokuQlik"  ./src/Solver.o ./src/Sudoku.o ./src/SudokuQlik.o   -lboost_system -lboost_thread
Finished building target: SudokuQlik
 
17:50:42 **** Incremental Build of configuration Debug for project SudokuQlik ****
make all 
Building file: ../src/Sudoku.cpp
Invoking: GCC C++ Compiler
g++ -D_DEBUG=1 -O0 -g3 -Wall -c -fmessage-length=0 -MMD -MP -MF"src/Sudoku.d" -MT"src/Sudoku.d" -o "src/Sudoku.o" "../src/Sudoku.cpp"
Finished building: ../src/Sudoku.cpp
 
Building target: SudokuQlik
Invoking: GCC C++ Linker
g++ -pthread -L-L/opt/boost/boost_1_57_0/stage/lib -o "SudokuQlik"  ./src/Solver.o ./src/Sudoku.o ./src/SudokuQlik.o   -lboost_system -lboost_thread
Finished building target: SudokuQlik
 
17:53:14 **** Incremental Build of configuration Debug for project SudokuQlik ****
make all 
Building file: ../src/Solver.cpp
Invoking: GCC C++ Compiler
g++ -D_DEBUG=1 -O0 -g3 -Wall -c -fmessage-length=0 -MMD -MP -MF"src/Solver.d" -MT"src/Solver.d" -o "src/Solver.o" "../src/Solver.cpp"
Finished building: ../src/Solver.cpp
 
Building file: ../src/SudokuQlik.cpp
Invoking: GCC C++ Compiler
g++ -D_DEBUG=1 -O0 -g3 -Wall -c -fmessage-length=0 -MMD -MP -MF"src/SudokuQlik.d" -MT"src/SudokuQlik.d" -o "src/SudokuQlik.o" "../src/SudokuQlik.cpp"
Finished building: ../src/SudokuQlik.cpp
 
Building target: SudokuQlik
Invoking: GCC C++ Linker
g++ -pthread -L-L/opt/boost/boost_1_57_0/stage/lib -o "SudokuQlik"  ./src/Solver.o ./src/Sudoku.o ./src/SudokuQlik.o   -lboost_system -lboost_thread
Finished building target: SudokuQlik
 
17:54:07 **** Incremental Build of configuration Debug for project SudokuQlik ****
make all 
Building file: ../src/SudokuQlik.cpp
Invoking: GCC C++ Compiler
g++ -D_DEBUG=1 -O0 -g3 -Wall -c -fmessage-length=0 -MMD -MP -MF"src/SudokuQlik.d" -MT"src/SudokuQlik.d" -o "src/SudokuQlik.o" "../src/SudokuQlik.cpp"
../src/SudokuQlik.cpp: In function ‘int main()’:
../src/SudokuQlik.cpp:46:5: error: expected ‘;’ before ‘s’
     s->printToConsole();
     ^
make: *** [src/SudokuQlik.o] Error 1
17:54:22 **** Incremental Build of configuration Debug for project SudokuQlik ****
make all 
Building file: ../src/SudokuQlik.cpp
Invoking: GCC C++ Compiler
g++ -D_DEBUG=1 -O0 -g3 -Wall -c -fmessage-length=0 -MMD -MP -MF"src/SudokuQlik.d" -MT"src/SudokuQlik.d" -o "src/SudokuQlik.o" "../src/SudokuQlik.cpp"
Finished building: ../src/SudokuQlik.cpp
 
Building target: SudokuQlik
Invoking: GCC C++ Linker
g++ -pthread -L-L/opt/boost/boost_1_57_0/stage/lib -o "SudokuQlik"  ./src/Solver.o ./src/Sudoku.o ./src/SudokuQlik.o   -lboost_system -lboost_thread
Finished building target: SudokuQlik
 
17:57:13 **** Incremental Build of configuration Debug for project SudokuQlik ****
make all 
Building file: ../src/SudokuQlik.cpp
Invoking: GCC C++ Compiler
g++ -D_DEBUG=1 -O0 -g3 -Wall -c -fmessage-length=0 -MMD -MP -MF"src/SudokuQlik.d" -MT"src/SudokuQlik.d" -o "src/SudokuQlik.o" "../src/SudokuQlik.cpp"
Finished building: ../src/SudokuQlik.cpp
 
Building target: SudokuQlik
Invoking: GCC C++ Linker
g++ -pthread -L-L/opt/boost/boost_1_57_0/stage/lib -o "SudokuQlik"  ./src/Solver.o ./src/Sudoku.o ./src/SudokuQlik.o   -lboost_system -lboost_thread
Finished building target: SudokuQlik
 
18:02:14 **** Incremental Build of configuration Debug for project SudokuQlik ****
make all 
Building file: ../src/SudokuQlik.cpp
Invoking: GCC C++ Compiler
g++ -D_DEBUG=1 -O0 -g3 -Wall -c -fmessage-length=0 -MMD -MP -MF"src/SudokuQlik.d" -MT"src/SudokuQlik.d" -o "src/SudokuQlik.o" "../src/SudokuQlik.cpp"
Finished building: ../src/SudokuQlik.cpp
 
Building target: SudokuQlik
Invoking: GCC C++ Linker
g++ -pthread -L-L/opt/boost/boost_1_57_0/stage/lib -o "SudokuQlik"  ./src/Solver.o ./src/Sudoku.o ./src/SudokuQlik.o   -lboost_system -lboost_thread
Finished building target: SudokuQlik
 
18:03:55 **** Incremental Build of configuration Debug for project SudokuQlik ****
make all 
Building file: ../src/SudokuQlik.cpp
Invoking: GCC C++ Compiler
g++ -D_DEBUG=1 -O0 -g3 -Wall -c -fmessage-length=0 -MMD -MP -MF"src/SudokuQlik.d" -MT"src/SudokuQlik.d" -o "src/SudokuQlik.o" "../src/SudokuQlik.cpp"
Finished building: ../src/SudokuQlik.cpp
 
Building target: SudokuQlik
Invoking: GCC C++ Linker
g++ -pthread -L-L/opt/boost/boost_1_57_0/stage/lib -o "SudokuQlik"  ./src/Solver.o ./src/Sudoku.o ./src/SudokuQlik.o   -lboost_system -lboost_thread
Finished building target: SudokuQlik
 
18:05:30 **** Incremental Build of configuration Debug for project SudokuQlik ****
make all 
Building file: ../src/SudokuQlik.cpp
Invoking: GCC C++ Compiler
g++ -D_DEBUG=1 -O0 -g3 -Wall -c -fmessage-length=0 -MMD -MP -MF"src/SudokuQlik.d" -MT"src/SudokuQlik.d" -o "src/SudokuQlik.o" "../src/SudokuQlik.cpp"
Finished building: ../src/SudokuQlik.cpp
 
Building target: SudokuQlik
Invoking: GCC C++ Linker
g++ -pthread -L-L/opt/boost/boost_1_57_0/stage/lib -o "SudokuQlik"  ./src/Solver.o ./src/Sudoku.o ./src/SudokuQlik.o   -lboost_system -lboost_thread
Finished building target: SudokuQlik
 
18:36:10 **** Incremental Build of configuration Debug for project SudokuQlik ****
make all 
Building file: ../src/SudokuQlik.cpp
Invoking: GCC C++ Compiler
g++ -D_DEBUG=1 -O0 -g3 -Wall -c -fmessage-length=0 -MMD -MP -MF"src/SudokuQlik.d" -MT"src/SudokuQlik.d" -o "src/SudokuQlik.o" "../src/SudokuQlik.cpp"
Finished building: ../src/SudokuQlik.cpp
 
Building target: SudokuQlik
Invoking: GCC C++ Linker
g++ -pthread -L-L/opt/boost/boost_1_57_0/stage/lib -o "SudokuQlik"  ./src/Solver.o ./src/Sudoku.o ./src/SudokuQlik.o   -lboost_system -lboost_thread
Finished building target: SudokuQlik
 
18:36:37 **** Incremental Build of configuration Debug for project SudokuQlik ****
make all 
Building file: ../src/SudokuQlik.cpp
Invoking: GCC C++ Compiler
g++ -D_DEBUG=1 -O0 -g3 -Wall -c -fmessage-length=0 -MMD -MP -MF"src/SudokuQlik.d" -MT"src/SudokuQlik.d" -o "src/SudokuQlik.o" "../src/SudokuQlik.cpp"
Finished building: ../src/SudokuQlik.cpp
 
Building target: SudokuQlik
Invoking: GCC C++ Linker
g++ -pthread -L-L/opt/boost/boost_1_57_0/stage/lib -o "SudokuQlik"  ./src/Solver.o ./src/Sudoku.o ./src/SudokuQlik.o   -lboost_system -lboost_thread
Finished building target: SudokuQlik
 
18:38:06 **** Incremental Build of configuration Debug for project SudokuQlik ****
make all 
Building file: ../src/SudokuQlik.cpp
Invoking: GCC C++ Compiler
g++ -D_DEBUG=1 -O0 -g3 -Wall -c -fmessage-length=0 -MMD -MP -MF"src/SudokuQlik.d" -MT"src/SudokuQlik.d" -o "src/SudokuQlik.o" "../src/SudokuQlik.cpp"
Finished building: ../src/SudokuQlik.cpp
 
Building target: SudokuQlik
Invoking: GCC C++ Linker
g++ -pthread -L-L/opt/boost/boost_1_57_0/stage/lib -o "SudokuQlik"  ./src/Solver.o ./src/Sudoku.o ./src/SudokuQlik.o   -lboost_system -lboost_thread
Finished building target: SudokuQlik
 
18:45:56 **** Incremental Build of configuration Debug for project SudokuQlik ****
make all 
Building file: ../src/SudokuQlik.cpp
Invoking: GCC C++ Compiler
g++ -D_DEBUG=1 -O0 -g3 -Wall -c -fmessage-length=0 -MMD -MP -MF"src/SudokuQlik.d" -MT"src/SudokuQlik.d" -o "src/SudokuQlik.o" "../src/SudokuQlik.cpp"
Finished building: ../src/SudokuQlik.cpp
 
Building target: SudokuQlik
Invoking: GCC C++ Linker
g++ -pthread -L-L/opt/boost/boost_1_57_0/stage/lib -o "SudokuQlik"  ./src/Solver.o ./src/Sudoku.o ./src/SudokuQlik.o   -lboost_system -lboost_thread
Finished building target: SudokuQlik
 
18:47:08 **** Incremental Build of configuration Debug for project SudokuQlik ****
make all 
Building file: ../src/SudokuQlik.cpp
Invoking: GCC C++ Compiler
g++ -D_DEBUG=1 -O0 -g3 -Wall -c -fmessage-length=0 -MMD -MP -MF"src/SudokuQlik.d" -MT"src/SudokuQlik.d" -o "src/SudokuQlik.o" "../src/SudokuQlik.cpp"
Finished building: ../src/SudokuQlik.cpp
 
Building target: SudokuQlik
Invoking: GCC C++ Linker
g++ -pthread -L-L/opt/boost/boost_1_57_0/stage/lib -o "SudokuQlik"  ./src/Solver.o ./src/Sudoku.o ./src/SudokuQlik.o   -lboost_system -lboost_thread
Finished building target: SudokuQlik
 
19:14:50 **** Incremental Build of configuration Debug for project SudokuQlik ****
make all 
Building file: ../src/Solver.cpp
Invoking: GCC C++ Compiler
g++ -D_DEBUG=1 -O0 -g3 -Wall -c -fmessage-length=0 -MMD -MP -MF"src/Solver.d" -MT"src/Solver.d" -o "src/Solver.o" "../src/Solver.cpp"
../src/Solver.cpp: In member function ‘bool sudoku::BTSolver::update_symbols(sudoku::Symbol*, sudoku::Symbol**, unsigned char)’:
../src/Solver.cpp:277:33: error: ‘curAssignment’ was not declared in this scope
             unsigned short sz = curAssignment->size();
                                 ^
make: *** [src/Solver.o] Error 1
19:15:15 **** Incremental Build of configuration Debug for project SudokuQlik ****
make all 
Building file: ../src/Solver.cpp
Invoking: GCC C++ Compiler
g++ -D_DEBUG=1 -O0 -g3 -Wall -c -fmessage-length=0 -MMD -MP -MF"src/Solver.d" -MT"src/Solver.d" -o "src/Solver.o" "../src/Solver.cpp"
Finished building: ../src/Solver.cpp
 
Building target: SudokuQlik
Invoking: GCC C++ Linker
g++ -pthread -L-L/opt/boost/boost_1_57_0/stage/lib -o "SudokuQlik"  ./src/Solver.o ./src/Sudoku.o ./src/SudokuQlik.o   -lboost_system -lboost_thread
Finished building target: SudokuQlik
 
19:19:00 **** Incremental Build of configuration Debug for project SudokuQlik ****
make all 
Building file: ../src/Solver.cpp
Invoking: GCC C++ Compiler
g++ -D_DEBUG=1 -O0 -g3 -Wall -c -fmessage-length=0 -MMD -MP -MF"src/Solver.d" -MT"src/Solver.d" -o "src/Solver.o" "../src/Solver.cpp"
../src/Solver.cpp: In member function ‘bool sudoku::BTSolver::update_symbols(sudoku::Symbol*, sudoku::Symbol**, unsigned char)’:
../src/Solver.cpp:285:26: error: expected ‘,’ or ‘;’ before ‘if’
                          if (curRankList != NULL)
                          ^
../src/Solver.cpp:284:38: warning: unused variable ‘curRankList’ [-Wunused-variable]
                          rank_list * curRankList = m_vRankedCandidates[sz-1]
                                      ^
../src/Solver.cpp:289:26: error: expected ‘}’ before ‘else’
                          else
                          ^
../src/Solver.cpp:299:18: error: ‘sz’ was not declared in this scope
              if (sz == 1)
                  ^
../src/Solver.cpp:262:9: warning: unused variable ‘res’ [-Wunused-variable]
    bool res = true;
         ^
../src/Solver.cpp: At global scope:
../src/Solver.cpp:324:4: error: expected unqualified-id before ‘return’
    return res;
    ^
../src/Solver.cpp:329:8: error: ‘BTSolver’ has not been declared
   bool BTSolver::update_line(Symbol * s, Line * l)
        ^
../src/Solver.cpp:329:30: error: ‘Symbol’ was not declared in this scope
   bool BTSolver::update_line(Symbol * s, Line * l)
                              ^
../src/Solver.cpp:329:30: note: suggested alternative:
In file included from ../src/Solver.h:16:0,
                 from ../src/Solver.cpp:8:
../src/Sudoku.h:42:7: note:   ‘sudoku::Symbol’
 class Symbol
       ^
../src/Solver.cpp:329:39: error: ‘s’ was not declared in this scope
   bool BTSolver::update_line(Symbol * s, Line * l)
                                       ^
../src/Solver.cpp:329:42: error: ‘Line’ was not declared in this scope
   bool BTSolver::update_line(Symbol * s, Line * l)
                                          ^
../src/Solver.cpp:329:42: note: suggested alternative:
In file included from ../src/Solver.h:16:0,
                 from ../src/Solver.cpp:8:
../src/Sudoku.h:169:7: note:   ‘sudoku::Line’
 class Line
       ^
../src/Solver.cpp:329:49: error: ‘l’ was not declared in this scope
   bool BTSolver::update_line(Symbol * s, Line * l)
                                                 ^
../src/Solver.cpp:329:50: error: expression list treated as compound expression in initializer [-fpermissive]
   bool BTSolver::update_line(Symbol * s, Line * l)
                                                  ^
../src/Solver.cpp:330:3: error: expected ‘,’ or ‘;’ before ‘{’ token
   {
   ^
../src/Solver.cpp: In member function ‘bool sudoku::BTSolver::update_symbols(sudoku::Symbol*, sudoku::Symbol**, unsigned char)’:
../src/Solver.cpp:322:7: warning: control reaches end of non-void function [-Wreturn-type]
       }
       ^
make: *** [src/Solver.o] Error 1
19:19:11 **** Incremental Build of configuration Debug for project SudokuQlik ****
make all 
Building file: ../src/Solver.cpp
Invoking: GCC C++ Compiler
g++ -D_DEBUG=1 -O0 -g3 -Wall -c -fmessage-length=0 -MMD -MP -MF"src/Solver.d" -MT"src/Solver.d" -o "src/Solver.o" "../src/Solver.cpp"
Finished building: ../src/Solver.cpp
 
Building target: SudokuQlik
Invoking: GCC C++ Linker
g++ -pthread -L-L/opt/boost/boost_1_57_0/stage/lib -o "SudokuQlik"  ./src/Solver.o ./src/Sudoku.o ./src/SudokuQlik.o   -lboost_system -lboost_thread
Finished building target: SudokuQlik
 
19:24:45 **** Incremental Build of configuration Debug for project SudokuQlik ****
make all 
Building file: ../src/Solver.cpp
Invoking: GCC C++ Compiler
g++ -D_DEBUG=1 -O0 -g3 -Wall -c -fmessage-length=0 -MMD -MP -MF"src/Solver.d" -MT"src/Solver.d" -o "src/Solver.o" "../src/Solver.cpp"
In file included from ../src/Solver.cpp:8:0:
../src/Solver.h: In constructor ‘sudoku::SymbolFinder::SymbolFinder(sudoku::Symbol)’:
../src/Solver.h:108:42: error: cannot convert ‘sudoku::Symbol’ to ‘sudoku::Symbol*’ in initialization
  SymbolFinder(Symbol symb) : m_pSymb(symb) {}
                                          ^
../src/Solver.cpp: In member function ‘bool sudoku::BTSolver::update_symbols(sudoku::Symbol*, sudoku::Symbol**, unsigned char)’:
../src/Solver.cpp:287:75: error: no matching function for call to ‘sudoku::SymbolFinder::SymbolFinder(sudoku::Symbol*&)’
                              curRankList->remove_if(SymbolFinder(curSymbol));
                                                                           ^
../src/Solver.cpp:287:75: note: candidates are:
In file included from ../src/Solver.cpp:8:0:
../src/Solver.h:108:2: note: sudoku::SymbolFinder::SymbolFinder(sudoku::Symbol)
  SymbolFinder(Symbol symb) : m_pSymb(symb) {}
  ^
../src/Solver.h:108:2: note:   no known conversion for argument 1 from ‘sudoku::Symbol*’ to ‘sudoku::Symbol’
../src/Solver.h:106:8: note: sudoku::SymbolFinder::SymbolFinder(const sudoku::SymbolFinder&)
 struct SymbolFinder {
        ^
../src/Solver.h:106:8: note:   no known conversion for argument 1 from ‘sudoku::Symbol*’ to ‘const sudoku::SymbolFinder&’
make: *** [src/Solver.o] Error 1
19:27:14 **** Incremental Build of configuration Debug for project SudokuQlik ****
make all 
Building file: ../src/Solver.cpp
Invoking: GCC C++ Compiler
g++ -D_DEBUG=1 -O0 -g3 -Wall -c -fmessage-length=0 -MMD -MP -MF"src/Solver.d" -MT"src/Solver.d" -o "src/Solver.o" "../src/Solver.cpp"
In file included from ../src/Solver.cpp:8:0:
../src/Solver.h: In constructor ‘sudoku::SymbolFinder::SymbolFinder(sudoku::Symbol)’:
../src/Solver.h:108:42: error: cannot convert ‘sudoku::Symbol’ to ‘sudoku::Symbol*’ in initialization
  SymbolFinder(Symbol symb) : m_pSymb(symb) {}
                                          ^
../src/Solver.cpp: In member function ‘bool sudoku::BTSolver::update_symbols(sudoku::Symbol*, sudoku::Symbol**, unsigned char)’:
../src/Solver.cpp:287:75: error: no matching function for call to ‘sudoku::SymbolFinder::SymbolFinder(sudoku::Symbol*&)’
                              curRankList->remove_if(SymbolFinder(curSymbol));
                                                                           ^
../src/Solver.cpp:287:75: note: candidates are:
In file included from ../src/Solver.cpp:8:0:
../src/Solver.h:108:2: note: sudoku::SymbolFinder::SymbolFinder(sudoku::Symbol)
  SymbolFinder(Symbol symb) : m_pSymb(symb) {}
  ^
../src/Solver.h:108:2: note:   no known conversion for argument 1 from ‘sudoku::Symbol*’ to ‘sudoku::Symbol’
../src/Solver.h:106:8: note: sudoku::SymbolFinder::SymbolFinder(const sudoku::SymbolFinder&)
 struct SymbolFinder {
        ^
../src/Solver.h:106:8: note:   no known conversion for argument 1 from ‘sudoku::Symbol*’ to ‘const sudoku::SymbolFinder&’
make: *** [src/Solver.o] Error 1
19:28:06 **** Incremental Build of configuration Debug for project SudokuQlik ****
make all 
Building file: ../src/Solver.cpp
Invoking: GCC C++ Compiler
g++ -D_DEBUG=1 -O0 -g3 -Wall -c -fmessage-length=0 -MMD -MP -MF"src/Solver.d" -MT"src/Solver.d" -o "src/Solver.o" "../src/Solver.cpp"
In file included from ../src/Solver.cpp:8:0:
../src/Solver.h: In constructor ‘sudoku::SymbolFinder::SymbolFinder(sudoku::Symbol)’:
../src/Solver.h:108:42: error: cannot convert ‘sudoku::Symbol’ to ‘sudoku::Symbol*’ in initialization
  SymbolFinder(Symbol symb) : m_pSymb(symb) {}
                                          ^
../src/Solver.cpp: In member function ‘bool sudoku::BTSolver::update_symbols(sudoku::Symbol*, sudoku::Symbol**, unsigned char)’:
../src/Solver.cpp:287:75: error: no matching function for call to ‘sudoku::SymbolFinder::SymbolFinder(sudoku::Symbol*&)’
                              curRankList->remove_if(SymbolFinder(curSymbol));
                                                                           ^
../src/Solver.cpp:287:75: note: candidates are:
In file included from ../src/Solver.cpp:8:0:
../src/Solver.h:108:2: note: sudoku::SymbolFinder::SymbolFinder(sudoku::Symbol)
  SymbolFinder(Symbol symb) : m_pSymb(symb) {}
  ^
../src/Solver.h:108:2: note:   no known conversion for argument 1 from ‘sudoku::Symbol*’ to ‘sudoku::Symbol’
../src/Solver.h:106:8: note: sudoku::SymbolFinder::SymbolFinder(const sudoku::SymbolFinder&)
 struct SymbolFinder {
        ^
../src/Solver.h:106:8: note:   no known conversion for argument 1 from ‘sudoku::Symbol*’ to ‘const sudoku::SymbolFinder&’
make: *** [src/Solver.o] Error 1
19:28:17 **** Incremental Build of configuration Debug for project SudokuQlik ****
make all 
Building file: ../src/Solver.cpp
Invoking: GCC C++ Compiler
g++ -D_DEBUG=1 -O0 -g3 -Wall -c -fmessage-length=0 -MMD -MP -MF"src/Solver.d" -MT"src/Solver.d" -o "src/Solver.o" "../src/Solver.cpp"
Finished building: ../src/Solver.cpp
 
Building file: ../src/SudokuQlik.cpp
Invoking: GCC C++ Compiler
g++ -D_DEBUG=1 -O0 -g3 -Wall -c -fmessage-length=0 -MMD -MP -MF"src/SudokuQlik.d" -MT"src/SudokuQlik.d" -o "src/SudokuQlik.o" "../src/SudokuQlik.cpp"
Finished building: ../src/SudokuQlik.cpp
 
Building target: SudokuQlik
Invoking: GCC C++ Linker
g++ -pthread -L-L/opt/boost/boost_1_57_0/stage/lib -o "SudokuQlik"  ./src/Solver.o ./src/Sudoku.o ./src/SudokuQlik.o   -lboost_system -lboost_thread
Finished building target: SudokuQlik
 
19:29:55 **** Incremental Build of configuration Debug for project SudokuQlik ****
make all 
Building file: ../src/Solver.cpp
Invoking: GCC C++ Compiler
g++ -D_DEBUG=1 -O0 -g3 -Wall -c -fmessage-length=0 -MMD -MP -MF"src/Solver.d" -MT"src/Solver.d" -o "src/Solver.o" "../src/Solver.cpp"
../src/Solver.cpp: In member function ‘bool sudoku::BTSolver::update_symbols(sudoku::Symbol*, sudoku::Symbol**, unsigned char)’:
../src/Solver.cpp:287:114: error: cannot convert ‘std::_List_iterator<std::pair<sudoku::Symbol*, std::list<char>*> >’ to ‘sudoku::rank_pair* {aka std::pair<sudoku::Symbol*, std::list<char>*>*}’ in initialization
                             rank_pair* rp= find(curRankList->begin(), curRankList->end(), SymbolFinder(curSymbol));
                                                                                                                  ^
../src/Solver.cpp:287:40: warning: unused variable ‘rp’ [-Wunused-variable]
                             rank_pair* rp= find(curRankList->begin(), curRankList->end(), SymbolFinder(curSymbol));
                                        ^
In file included from /usr/include/c++/4.8/algorithm:62:0,
                 from ../src/Solver.h:13,
                 from ../src/Solver.cpp:8:
/usr/include/c++/4.8/bits/stl_algo.h: In instantiation of ‘_InputIterator std::__find(_InputIterator, _InputIterator, const _Tp&, std::input_iterator_tag) [with _InputIterator = std::_List_iterator<std::pair<sudoku::Symbol*, std::list<char>*> >; _Tp = sudoku::SymbolFinder]’:
/usr/include/c++/4.8/bits/stl_algo.h:4441:45:   required from ‘_IIter std::find(_IIter, _IIter, const _Tp&) [with _IIter = std::_List_iterator<std::pair<sudoku::Symbol*, std::list<char>*> >; _Tp = sudoku::SymbolFinder]’
../src/Solver.cpp:287:114:   required from here
/usr/include/c++/4.8/bits/stl_algo.h:139:46: error: no match for ‘operator==’ (operand types are ‘std::pair<sudoku::Symbol*, std::list<char>*>’ and ‘const sudoku::SymbolFinder’)
       while (__first != __last && !(*__first == __val))
                                              ^
/usr/include/c++/4.8/bits/stl_algo.h:139:46: note: candidates are:
In file included from /usr/include/c++/4.8/bits/stl_algobase.h:64:0,
                 from /usr/include/c++/4.8/vector:60,
                 from ../src/Solver.h:11,
                 from ../src/Solver.cpp:8:
/usr/include/c++/4.8/bits/stl_pair.h:214:5: note: template<class _T1, class _T2> bool std::operator==(const std::pair<_T1, _T2>&, const std::pair<_T1, _T2>&)
     operator==(const pair<_T1, _T2>& __x, const pair<_T1, _T2>& __y)
     ^
/usr/include/c++/4.8/bits/stl_pair.h:214:5: note:   template argument deduction/substitution failed:
In file included from /usr/include/c++/4.8/algorithm:62:0,
                 from ../src/Solver.h:13,
                 from ../src/Solver.cpp:8:
/usr/include/c++/4.8/bits/stl_algo.h:139:46: note:   ‘const sudoku::SymbolFinder’ is not derived from ‘const std::pair<_T1, _T2>’
       while (__first != __last && !(*__first == __val))
                                              ^
In file included from /usr/include/c++/4.8/bits/stl_algobase.h:67:0,
                 from /usr/include/c++/4.8/vector:60,
                 from ../src/Solver.h:11,
                 from ../src/Solver.cpp:8:
/usr/include/c++/4.8/bits/stl_iterator.h:291:5: note: template<class _Iterator> bool std::operator==(const std::reverse_iterator<_Iterator>&, const std::reverse_iterator<_Iterator>&)
     operator==(const reverse_iterator<_Iterator>& __x,
     ^
/usr/include/c++/4.8/bits/stl_iterator.h:291:5: note:   template argument deduction/substitution failed:
In file included from /usr/include/c++/4.8/algorithm:62:0,
                 from ../src/Solver.h:13,
                 from ../src/Solver.cpp:8:
/usr/include/c++/4.8/bits/stl_algo.h:139:46: note:   ‘std::pair<sudoku::Symbol*, std::list<char>*>’ is not derived from ‘const std::reverse_iterator<_Iterator>’
       while (__first != __last && !(*__first == __val))
                                              ^
In file included from /usr/include/c++/4.8/bits/stl_algobase.h:67:0,
                 from /usr/include/c++/4.8/vector:60,
                 from ../src/Solver.h:11,
                 from ../src/Solver.cpp:8:
/usr/include/c++/4.8/bits/stl_iterator.h:341:5: note: template<class _IteratorL, class _IteratorR> bool std::operator==(const std::reverse_iterator<_Iterator>&, const std::reverse_iterator<_IteratorR>&)
     operator==(const reverse_iterator<_IteratorL>& __x,
     ^
/usr/include/c++/4.8/bits/stl_iterator.h:341:5: note:   template argument deduction/substitution failed:
In file included from /usr/include/c++/4.8/algorithm:62:0,
                 from ../src/Solver.h:13,
                 from ../src/Solver.cpp:8:
/usr/include/c++/4.8/bits/stl_algo.h:139:46: note:   ‘std::pair<sudoku::Symbol*, std::list<char>*>’ is not derived from ‘const std::reverse_iterator<_Iterator>’
       while (__first != __last && !(*__first == __val))
                                              ^
In file included from /usr/include/c++/4.8/vector:61:0,
                 from ../src/Solver.h:11,
                 from ../src/Solver.cpp:8:
/usr/include/c++/4.8/bits/allocator.h:128:5: note: template<class _T1, class _T2> bool std::operator==(const std::allocator<_Tp1>&, const std::allocator<_T2>&)
     operator==(const allocator<_T1>&, const allocator<_T2>&)
     ^
/usr/include/c++/4.8/bits/allocator.h:128:5: note:   template argument deduction/substitution failed:
In file included from /usr/include/c++/4.8/algorithm:62:0,
                 from ../src/Solver.h:13,
                 from ../src/Solver.cpp:8:
/usr/include/c++/4.8/bits/stl_algo.h:139:46: note:   ‘std::pair<sudoku::Symbol*, std::list<char>*>’ is not derived from ‘const std::allocator<_Tp1>’
       while (__first != __last && !(*__first == __val))
                                              ^
In file included from /usr/include/c++/4.8/vector:61:0,
                 from ../src/Solver.h:11,
                 from ../src/Solver.cpp:8:
/usr/include/c++/4.8/bits/allocator.h:133:5: note: template<class _Tp> bool std::operator==(const std::allocator<_Tp1>&, const std::allocator<_Tp1>&)
     operator==(const allocator<_Tp>&, const allocator<_Tp>&)
     ^
/usr/include/c++/4.8/bits/allocator.h:133:5: note:   template argument deduction/substitution failed:
In file included from /usr/include/c++/4.8/algorithm:62:0,
                 from ../src/Solver.h:13,
                 from ../src/Solver.cpp:8:
/usr/include/c++/4.8/bits/stl_algo.h:139:46: note:   ‘std::pair<sudoku::Symbol*, std::list<char>*>’ is not derived from ‘const std::allocator<_Tp1>’
       while (__first != __last && !(*__first == __val))
                                              ^
In file included from /usr/include/c++/4.8/vector:64:0,
                 from ../src/Solver.h:11,
                 from ../src/Solver.cpp:8:
/usr/include/c++/4.8/bits/stl_vector.h:1404:5: note: template<class _Tp, class _Alloc> bool std::operator==(const std::vector<_Tp, _Alloc>&, const std::vector<_Tp, _Alloc>&)
     operator==(const vector<_Tp, _Alloc>& __x, const vector<_Tp, _Alloc>& __y)
     ^
/usr/include/c++/4.8/bits/stl_vector.h:1404:5: note:   template argument deduction/substitution failed:
In file included from /usr/include/c++/4.8/algorithm:62:0,
                 from ../src/Solver.h:13,
                 from ../src/Solver.cpp:8:
/usr/include/c++/4.8/bits/stl_algo.h:139:46: note:   ‘std::pair<sudoku::Symbol*, std::list<char>*>’ is not derived from ‘const std::vector<_Tp, _Alloc>’
       while (__first != __last && !(*__first == __val))
                                              ^
In file included from /usr/include/c++/4.8/list:63:0,
                 from ../src/Solver.h:12,
                 from ../src/Solver.cpp:8:
/usr/include/c++/4.8/bits/stl_list.h:276:5: note: template<class _Val> bool std::operator==(const std::_List_iterator<_Tp>&, const std::_List_const_iterator<_Val>&)
     operator==(const _List_iterator<_Val>& __x,
     ^
/usr/include/c++/4.8/bits/stl_list.h:276:5: note:   template argument deduction/substitution failed:
In file included from /usr/include/c++/4.8/algorithm:62:0,
                 from ../src/Solver.h:13,
                 from ../src/Solver.cpp:8:
/usr/include/c++/4.8/bits/stl_algo.h:139:46: note:   ‘std::pair<sudoku::Symbol*, std::list<char>*>’ is not derived from ‘const std::_List_iterator<_Tp>’
       while (__first != __last && !(*__first == __val))
                                              ^
In file included from /usr/include/c++/4.8/list:63:0,
                 from ../src/Solver.h:12,
                 from ../src/Solver.cpp:8:
/usr/include/c++/4.8/bits/stl_list.h:1602:5: note: template<class _Tp, class _Alloc> bool std::operator==(const std::list<_Tp, _Alloc>&, const std::list<_Tp, _Alloc>&)
     operator==(const list<_Tp, _Alloc>& __x, const list<_Tp, _Alloc>& __y)
     ^
/usr/include/c++/4.8/bits/stl_list.h:1602:5: note:   template argument deduction/substitution failed:
In file included from /usr/include/c++/4.8/algorithm:62:0,
                 from ../src/Solver.h:13,
                 from ../src/Solver.cpp:8:
/usr/include/c++/4.8/bits/stl_algo.h:139:46: note:   ‘std::pair<sudoku::Symbol*, std::list<char>*>’ is not derived from ‘const std::list<_Tp, _Alloc>’
       while (__first != __last && !(*__first == __val))
                                              ^
In file included from /usr/include/c++/4.8/iosfwd:40:0,
                 from /usr/include/c++/4.8/ios:38,
                 from /usr/include/c++/4.8/ostream:38,
                 from /usr/include/c++/4.8/iterator:64,
                 from ../src/Solver.h:14,
                 from ../src/Solver.cpp:8:
/usr/include/c++/4.8/bits/postypes.h:216:5: note: template<class _StateT> bool std::operator==(const std::fpos<_StateT>&, const std::fpos<_StateT>&)
     operator==(const fpos<_StateT>& __lhs, const fpos<_StateT>& __rhs)
     ^
/usr/include/c++/4.8/bits/postypes.h:216:5: note:   template argument deduction/substitution failed:
In file included from /usr/include/c++/4.8/algorithm:62:0,
                 from ../src/Solver.h:13,
                 from ../src/Solver.cpp:8:
/usr/include/c++/4.8/bits/stl_algo.h:139:46: note:   ‘std::pair<sudoku::Symbol*, std::list<char>*>’ is not derived from ‘const std::fpos<_StateT>’
       while (__first != __last && !(*__first == __val))
                                              ^
In file included from /usr/include/c++/4.8/string:52:0,
                 from /usr/include/c++/4.8/bits/locale_classes.h:40,
                 from /usr/include/c++/4.8/bits/ios_base.h:41,
                 from /usr/include/c++/4.8/ios:42,
                 from /usr/include/c++/4.8/ostream:38,
                 from /usr/include/c++/4.8/iterator:64,
                 from ../src/Solver.h:14,
                 from ../src/Solver.cpp:8:
/usr/include/c++/4.8/bits/basic_string.h:2486:5: note: template<class _CharT, class _Traits, class _Alloc> bool std::operator==(const std::basic_string<_CharT, _Traits, _Alloc>&, const std::basic_string<_CharT, _Traits, _Alloc>&)
     operator==(const basic_string<_CharT, _Traits, _Alloc>& __lhs,
     ^
/usr/include/c++/4.8/bits/basic_string.h:2486:5: note:   template argument deduction/substitution failed:
In file included from /usr/include/c++/4.8/algorithm:62:0,
                 from ../src/Solver.h:13,
                 from ../src/Solver.cpp:8:
/usr/include/c++/4.8/bits/stl_algo.h:139:46: note:   ‘std::pair<sudoku::Symbol*, std::list<char>*>’ is not derived from ‘const std::basic_string<_CharT, _Traits, _Alloc>’
       while (__first != __last && !(*__first == __val))
                                              ^
In file included from /usr/include/c++/4.8/string:52:0,
                 from /usr/include/c++/4.8/bits/locale_classes.h:40,
                 from /usr/include/c++/4.8/bits/ios_base.h:41,
                 from /usr/include/c++/4.8/ios:42,
                 from /usr/include/c++/4.8/ostream:38,
                 from /usr/include/c++/4.8/iterator:64,
                 from ../src/Solver.h:14,
                 from ../src/Solver.cpp:8:
/usr/include/c++/4.8/bits/basic_string.h:2493:5: note: template<class _CharT> typename __gnu_cxx::__enable_if<std::__is_char<_Tp>::__value, bool>::__type std::operator==(const std::basic_string<_CharT>&, const std::basic_string<_CharT>&)
     operator==(const basic_string<_CharT>& __lhs,
     ^
/usr/include/c++/4.8/bits/basic_string.h:2493:5: note:   template argument deduction/substitution failed:
In file included from /usr/include/c++/4.8/algorithm:62:0,
                 from ../src/Solver.h:13,
                 from ../src/Solver.cpp:8:
/usr/include/c++/4.8/bits/stl_algo.h:139:46: note:   ‘std::pair<sudoku::Symbol*, std::list<char>*>’ is not derived from ‘const std::basic_string<_CharT>’
       while (__first != __last && !(*__first == __val))
                                              ^
In file included from /usr/include/c++/4.8/string:52:0,
                 from /usr/include/c++/4.8/bits/locale_classes.h:40,
                 from /usr/include/c++/4.8/bits/ios_base.h:41,
                 from /usr/include/c++/4.8/ios:42,
                 from /usr/include/c++/4.8/ostream:38,
                 from /usr/include/c++/4.8/iterator:64,
                 from ../src/Solver.h:14,
                 from ../src/Solver.cpp:8:
/usr/include/c++/4.8/bits/basic_string.h:2507:5: note: template<class _CharT, class _Traits, class _Alloc> bool std::operator==(const _CharT*, const std::basic_string<_CharT, _Traits, _Alloc>&)
     operator==(const _CharT* __lhs,
     ^
/usr/include/c++/4.8/bits/basic_string.h:2507:5: note:   template argument deduction/substitution failed:
In file included from /usr/include/c++/4.8/algorithm:62:0,
                 from ../src/Solver.h:13,
                 from ../src/Solver.cpp:8:
/usr/include/c++/4.8/bits/stl_algo.h:139:46: note:   mismatched types ‘const _CharT*’ and ‘std::pair<sudoku::Symbol*, std::list<char>*>’
       while (__first != __last && !(*__first == __val))
                                              ^
In file included from /usr/include/c++/4.8/string:52:0,
                 from /usr/include/c++/4.8/bits/locale_classes.h:40,
                 from /usr/include/c++/4.8/bits/ios_base.h:41,
                 from /usr/include/c++/4.8/ios:42,
                 from /usr/include/c++/4.8/ostream:38,
                 from /usr/include/c++/4.8/iterator:64,
                 from ../src/Solver.h:14,
                 from ../src/Solver.cpp:8:
/usr/include/c++/4.8/bits/basic_string.h:2519:5: note: template<class _CharT, class _Traits, class _Alloc> bool std::operator==(const std::basic_string<_CharT, _Traits, _Alloc>&, const _CharT*)
     operator==(const basic_string<_CharT, _Traits, _Alloc>& __lhs,
     ^
/usr/include/c++/4.8/bits/basic_string.h:2519:5: note:   template argument deduction/substitution failed:
In file included from /usr/include/c++/4.8/algorithm:62:0,
                 from ../src/Solver.h:13,
                 from ../src/Solver.cpp:8:
/usr/include/c++/4.8/bits/stl_algo.h:139:46: note:   ‘std::pair<sudoku::Symbol*, std::list<char>*>’ is not derived from ‘const std::basic_string<_CharT, _Traits, _Alloc>’
       while (__first != __last && !(*__first == __val))
                                              ^
In file included from /usr/include/c++/4.8/bits/locale_facets.h:48:0,
                 from /usr/include/c++/4.8/bits/basic_ios.h:37,
                 from /usr/include/c++/4.8/ios:44,
                 from /usr/include/c++/4.8/ostream:38,
                 from /usr/include/c++/4.8/iterator:64,
                 from ../src/Solver.h:14,
                 from ../src/Solver.cpp:8:
/usr/include/c++/4.8/bits/streambuf_iterator.h:204:5: note: template<class _CharT, class _Traits> bool std::operator==(const std::istreambuf_iterator<_CharT, _Traits>&, const std::istreambuf_iterator<_CharT, _Traits>&)
     operator==(const istreambuf_iterator<_CharT, _Traits>& __a,
     ^
/usr/include/c++/4.8/bits/streambuf_iterator.h:204:5: note:   template argument deduction/substitution failed:
In file included from /usr/include/c++/4.8/algorithm:62:0,
                 from ../src/Solver.h:13,
                 from ../src/Solver.cpp:8:
/usr/include/c++/4.8/bits/stl_algo.h:139:46: note:   ‘std::pair<sudoku::Symbol*, std::list<char>*>’ is not derived from ‘const std::istreambuf_iterator<_CharT, _Traits>’
       while (__first != __last && !(*__first == __val))
                                              ^
In file included from /usr/include/c++/4.8/iterator:66:0,
                 from ../src/Solver.h:14,
                 from ../src/Solver.cpp:8:
/usr/include/c++/4.8/bits/stream_iterator.h:130:5: note: template<class _Tp, class _CharT, class _Traits, class _Dist> bool std::operator==(const std::istream_iterator<_Tp, _CharT, _Traits, _Dist>&, const std::istream_iterator<_Tp, _CharT, _Traits, _Dist>&)
     operator==(const istream_iterator<_Tp, _CharT, _Traits, _Dist>& __x,
     ^
/usr/include/c++/4.8/bits/stream_iterator.h:130:5: note:   template argument deduction/substitution failed:
In file included from /usr/include/c++/4.8/algorithm:62:0,
                 from ../src/Solver.h:13,
                 from ../src/Solver.cpp:8:
/usr/include/c++/4.8/bits/stl_algo.h:139:46: note:   ‘std::pair<sudoku::Symbol*, std::list<char>*>’ is not derived from ‘const std::istream_iterator<_Tp, _CharT, _Traits, _Dist>’
       while (__first != __last && !(*__first == __val))
                                              ^
In file included from /usr/include/c++/4.8/set:60:0,
                 from ../src/Sudoku.h:18,
                 from ../src/Solver.h:16,
                 from ../src/Solver.cpp:8:
/usr/include/c++/4.8/bits/stl_tree.h:310:5: note: template<class _Val> bool std::operator==(const std::_Rb_tree_iterator<_Tp>&, const std::_Rb_tree_const_iterator<_Val>&)
     operator==(const _Rb_tree_iterator<_Val>& __x,
     ^
/usr/include/c++/4.8/bits/stl_tree.h:310:5: note:   template argument deduction/substitution failed:
In file included from /usr/include/c++/4.8/algorithm:62:0,
                 from ../src/Solver.h:13,
                 from ../src/Solver.cpp:8:
/usr/include/c++/4.8/bits/stl_algo.h:139:46: note:   ‘std::pair<sudoku::Symbol*, std::list<char>*>’ is not derived from ‘const std::_Rb_tree_iterator<_Tp>’
       while (__first != __last && !(*__first == __val))
                                              ^
In file included from /usr/include/c++/4.8/set:60:0,
                 from ../src/Sudoku.h:18,
                 from ../src/Solver.h:16,
                 from ../src/Solver.cpp:8:
/usr/include/c++/4.8/bits/stl_tree.h:907:5: note: template<class _Key, class _Val, class _KeyOfValue, class _Compare, class _Alloc> bool std::operator==(const std::_Rb_tree<_Key, _Val, _KeyOfValue, _Compare, _Alloc>&, const std::_Rb_tree<_Key, _Val, _KeyOfValue, _Compare, _Alloc>&)
     operator==(const _Rb_tree<_Key, _Val, _KeyOfValue, _Compare, _Alloc>& __x,
     ^
/usr/include/c++/4.8/bits/stl_tree.h:907:5: note:   template argument deduction/substitution failed:
In file included from /usr/include/c++/4.8/algorithm:62:0,
                 from ../src/Solver.h:13,
                 from ../src/Solver.cpp:8:
/usr/include/c++/4.8/bits/stl_algo.h:139:46: note:   ‘std::pair<sudoku::Symbol*, std::list<char>*>’ is not derived from ‘const std::_Rb_tree<_Key, _Val, _KeyOfValue, _Compare, _Alloc>’
       while (__first != __last && !(*__first == __val))
                                              ^
In file included from /usr/include/c++/4.8/set:61:0,
                 from ../src/Sudoku.h:18,
                 from ../src/Solver.h:16,
                 from ../src/Solver.cpp:8:
/usr/include/c++/4.8/bits/stl_set.h:754:5: note: template<class _Key, class _Compare, class _Alloc> bool std::operator==(const std::set<_Key, _Compare, _Alloc>&, const std::set<_Key, _Compare, _Alloc>&)
     operator==(const set<_Key, _Compare, _Alloc>& __x,
     ^
/usr/include/c++/4.8/bits/stl_set.h:754:5: note:   template argument deduction/substitution failed:
In file included from /usr/include/c++/4.8/algorithm:62:0,
                 from ../src/Solver.h:13,
                 from ../src/Solver.cpp:8:
/usr/include/c++/4.8/bits/stl_algo.h:139:46: note:   ‘std::pair<sudoku::Symbol*, std::list<char>*>’ is not derived from ‘const std::set<_Key, _Compare, _Alloc>’
       while (__first != __last && !(*__first == __val))
                                              ^
In file included from /usr/include/c++/4.8/set:62:0,
                 from ../src/Sudoku.h:18,
                 from ../src/Solver.h:16,
                 from ../src/Solver.cpp:8:
/usr/include/c++/4.8/bits/stl_multiset.h:739:5: note: template<class _Key, class _Compare, class _Alloc> bool std::operator==(const std::multiset<_Key, _Compare, _Alloc>&, const std::multiset<_Key, _Compare, _Alloc>&)
     operator==(const multiset<_Key, _Compare, _Alloc>& __x,
     ^
/usr/include/c++/4.8/bits/stl_multiset.h:739:5: note:   template argument deduction/substitution failed:
In file included from /usr/include/c++/4.8/algorithm:62:0,
                 from ../src/Solver.h:13,
                 from ../src/Solver.cpp:8:
/usr/include/c++/4.8/bits/stl_algo.h:139:46: note:   ‘std::pair<sudoku::Symbol*, std::list<char>*>’ is not derived from ‘const std::multiset<_Key, _Compare, _Alloc>’
       while (__first != __last && !(*__first == __val))
                                              ^
In file included from /usr/include/x86_64-linux-gnu/c++/4.8/bits/c++allocator.h:33:0,
                 from /usr/include/c++/4.8/bits/allocator.h:46,
                 from /usr/include/c++/4.8/vector:61,
                 from ../src/Solver.h:11,
                 from ../src/Solver.cpp:8:
/usr/include/c++/4.8/ext/new_allocator.h:139:5: note: template<class _Tp> bool __gnu_cxx::operator==(const __gnu_cxx::new_allocator<_Tp>&, const __gnu_cxx::new_allocator<_Tp>&)
     operator==(const new_allocator<_Tp>&, const new_allocator<_Tp>&)
     ^
/usr/include/c++/4.8/ext/new_allocator.h:139:5: note:   template argument deduction/substitution failed:
In file included from /usr/include/c++/4.8/algorithm:62:0,
                 from ../src/Solver.h:13,
                 from ../src/Solver.cpp:8:
/usr/include/c++/4.8/bits/stl_algo.h:139:46: note:   ‘std::pair<sudoku::Symbol*, std::list<char>*>’ is not derived from ‘const __gnu_cxx::new_allocator<_Tp>’
       while (__first != __last && !(*__first == __val))
                                              ^
In file included from /usr/include/c++/4.8/bits/stl_algobase.h:67:0,
                 from /usr/include/c++/4.8/vector:60,
                 from ../src/Solver.h:11,
                 from ../src/Solver.cpp:8:
/usr/include/c++/4.8/bits/stl_iterator.h:811:5: note: template<class _Iterator, class _Container> bool __gnu_cxx::operator==(const __gnu_cxx::__normal_iterator<_Iterator, _Container>&, const __gnu_cxx::__normal_iterator<_Iterator, _Container>&)
     operator==(const __normal_iterator<_Iterator, _Container>& __lhs,
     ^
/usr/include/c++/4.8/bits/stl_iterator.h:811:5: note:   template argument deduction/substitution failed:
In file included from /usr/include/c++/4.8/algorithm:62:0,
                 from ../src/Solver.h:13,
                 from ../src/Solver.cpp:8:
/usr/include/c++/4.8/bits/stl_algo.h:139:46: note:   ‘std::pair<sudoku::Symbol*, std::list<char>*>’ is not derived from ‘const __gnu_cxx::__normal_iterator<_Iterator, _Container>’
       while (__first != __last && !(*__first == __val))
                                              ^
In file included from /usr/include/c++/4.8/bits/stl_algobase.h:67:0,
                 from /usr/include/c++/4.8/vector:60,
                 from ../src/Solver.h:11,
                 from ../src/Solver.cpp:8:
/usr/include/c++/4.8/bits/stl_iterator.h:805:5: note: template<class _IteratorL, class _IteratorR, class _Container> bool __gnu_cxx::operator==(const __gnu_cxx::__normal_iterator<_IteratorL, _Container>&, const __gnu_cxx::__normal_iterator<_IteratorR, _Container>&)
     operator==(const __normal_iterator<_IteratorL, _Container>& __lhs,
     ^
/usr/include/c++/4.8/bits/stl_iterator.h:805:5: note:   template argument deduction/substitution failed:
In file included from /usr/include/c++/4.8/algorithm:62:0,
                 from ../src/Solver.h:13,
                 from ../src/Solver.cpp:8:
/usr/include/c++/4.8/bits/stl_algo.h:139:46: note:   ‘std::pair<sudoku::Symbol*, std::list<char>*>’ is not derived from ‘const __gnu_cxx::__normal_iterator<_IteratorL, _Container>’
       while (__first != __last && !(*__first == __val))
                                              ^
make: *** [src/Solver.o] Error 1
19:30:19 **** Incremental Build of configuration Debug for project SudokuQlik ****
make all 
Building file: ../src/Solver.cpp
Invoking: GCC C++ Compiler
g++ -D_DEBUG=1 -O0 -g3 -Wall -c -fmessage-length=0 -MMD -MP -MF"src/Solver.d" -MT"src/Solver.d" -o "src/Solver.o" "../src/Solver.cpp"
../src/Solver.cpp: In member function ‘bool sudoku::BTSolver::update_symbols(sudoku::Symbol*, sudoku::Symbol**, unsigned char)’:
../src/Solver.cpp:287:114: error: invalid initialization of non-const reference of type ‘sudoku::rank_pair& {aka std::pair<sudoku::Symbol*, std::list<char>*>&}’ from an rvalue of type ‘std::_List_iterator<std::pair<sudoku::Symbol*, std::list<char>*> >’
                             rank_pair& rp= find(curRankList->begin(), curRankList->end(), SymbolFinder(curSymbol));
                                                                                                                  ^
../src/Solver.cpp:287:40: warning: unused variable ‘rp’ [-Wunused-variable]
                             rank_pair& rp= find(curRankList->begin(), curRankList->end(), SymbolFinder(curSymbol));
                                        ^
In file included from /usr/include/c++/4.8/algorithm:62:0,
                 from ../src/Solver.h:13,
                 from ../src/Solver.cpp:8:
/usr/include/c++/4.8/bits/stl_algo.h: In instantiation of ‘_InputIterator std::__find(_InputIterator, _InputIterator, const _Tp&, std::input_iterator_tag) [with _InputIterator = std::_List_iterator<std::pair<sudoku::Symbol*, std::list<char>*> >; _Tp = sudoku::SymbolFinder]’:
/usr/include/c++/4.8/bits/stl_algo.h:4441:45:   required from ‘_IIter std::find(_IIter, _IIter, const _Tp&) [with _IIter = std::_List_iterator<std::pair<sudoku::Symbol*, std::list<char>*> >; _Tp = sudoku::SymbolFinder]’
../src/Solver.cpp:287:114:   required from here
/usr/include/c++/4.8/bits/stl_algo.h:139:46: error: no match for ‘operator==’ (operand types are ‘std::pair<sudoku::Symbol*, std::list<char>*>’ and ‘const sudoku::SymbolFinder’)
       while (__first != __last && !(*__first == __val))
                                              ^
/usr/include/c++/4.8/bits/stl_algo.h:139:46: note: candidates are:
In file included from /usr/include/c++/4.8/bits/stl_algobase.h:64:0,
                 from /usr/include/c++/4.8/vector:60,
                 from ../src/Solver.h:11,
                 from ../src/Solver.cpp:8:
/usr/include/c++/4.8/bits/stl_pair.h:214:5: note: template<class _T1, class _T2> bool std::operator==(const std::pair<_T1, _T2>&, const std::pair<_T1, _T2>&)
     operator==(const pair<_T1, _T2>& __x, const pair<_T1, _T2>& __y)
     ^
/usr/include/c++/4.8/bits/stl_pair.h:214:5: note:   template argument deduction/substitution failed:
In file included from /usr/include/c++/4.8/algorithm:62:0,
                 from ../src/Solver.h:13,
                 from ../src/Solver.cpp:8:
/usr/include/c++/4.8/bits/stl_algo.h:139:46: note:   ‘const sudoku::SymbolFinder’ is not derived from ‘const std::pair<_T1, _T2>’
       while (__first != __last && !(*__first == __val))
                                              ^
In file included from /usr/include/c++/4.8/bits/stl_algobase.h:67:0,
                 from /usr/include/c++/4.8/vector:60,
                 from ../src/Solver.h:11,
                 from ../src/Solver.cpp:8:
/usr/include/c++/4.8/bits/stl_iterator.h:291:5: note: template<class _Iterator> bool std::operator==(const std::reverse_iterator<_Iterator>&, const std::reverse_iterator<_Iterator>&)
     operator==(const reverse_iterator<_Iterator>& __x,
     ^
/usr/include/c++/4.8/bits/stl_iterator.h:291:5: note:   template argument deduction/substitution failed:
In file included from /usr/include/c++/4.8/algorithm:62:0,
                 from ../src/Solver.h:13,
                 from ../src/Solver.cpp:8:
/usr/include/c++/4.8/bits/stl_algo.h:139:46: note:   ‘std::pair<sudoku::Symbol*, std::list<char>*>’ is not derived from ‘const std::reverse_iterator<_Iterator>’
       while (__first != __last && !(*__first == __val))
                                              ^
In file included from /usr/include/c++/4.8/bits/stl_algobase.h:67:0,
                 from /usr/include/c++/4.8/vector:60,
                 from ../src/Solver.h:11,
                 from ../src/Solver.cpp:8:
/usr/include/c++/4.8/bits/stl_iterator.h:341:5: note: template<class _IteratorL, class _IteratorR> bool std::operator==(const std::reverse_iterator<_Iterator>&, const std::reverse_iterator<_IteratorR>&)
     operator==(const reverse_iterator<_IteratorL>& __x,
     ^
/usr/include/c++/4.8/bits/stl_iterator.h:341:5: note:   template argument deduction/substitution failed:
In file included from /usr/include/c++/4.8/algorithm:62:0,
                 from ../src/Solver.h:13,
                 from ../src/Solver.cpp:8:
/usr/include/c++/4.8/bits/stl_algo.h:139:46: note:   ‘std::pair<sudoku::Symbol*, std::list<char>*>’ is not derived from ‘const std::reverse_iterator<_Iterator>’
       while (__first != __last && !(*__first == __val))
                                              ^
In file included from /usr/include/c++/4.8/vector:61:0,
                 from ../src/Solver.h:11,
                 from ../src/Solver.cpp:8:
/usr/include/c++/4.8/bits/allocator.h:128:5: note: template<class _T1, class _T2> bool std::operator==(const std::allocator<_Tp1>&, const std::allocator<_T2>&)
     operator==(const allocator<_T1>&, const allocator<_T2>&)
     ^
/usr/include/c++/4.8/bits/allocator.h:128:5: note:   template argument deduction/substitution failed:
In file included from /usr/include/c++/4.8/algorithm:62:0,
                 from ../src/Solver.h:13,
                 from ../src/Solver.cpp:8:
/usr/include/c++/4.8/bits/stl_algo.h:139:46: note:   ‘std::pair<sudoku::Symbol*, std::list<char>*>’ is not derived from ‘const std::allocator<_Tp1>’
       while (__first != __last && !(*__first == __val))
                                              ^
In file included from /usr/include/c++/4.8/vector:61:0,
                 from ../src/Solver.h:11,
                 from ../src/Solver.cpp:8:
/usr/include/c++/4.8/bits/allocator.h:133:5: note: template<class _Tp> bool std::operator==(const std::allocator<_Tp1>&, const std::allocator<_Tp1>&)
     operator==(const allocator<_Tp>&, const allocator<_Tp>&)
     ^
/usr/include/c++/4.8/bits/allocator.h:133:5: note:   template argument deduction/substitution failed:
In file included from /usr/include/c++/4.8/algorithm:62:0,
                 from ../src/Solver.h:13,
                 from ../src/Solver.cpp:8:
/usr/include/c++/4.8/bits/stl_algo.h:139:46: note:   ‘std::pair<sudoku::Symbol*, std::list<char>*>’ is not derived from ‘const std::allocator<_Tp1>’
       while (__first != __last && !(*__first == __val))
                                              ^
In file included from /usr/include/c++/4.8/vector:64:0,
                 from ../src/Solver.h:11,
                 from ../src/Solver.cpp:8:
/usr/include/c++/4.8/bits/stl_vector.h:1404:5: note: template<class _Tp, class _Alloc> bool std::operator==(const std::vector<_Tp, _Alloc>&, const std::vector<_Tp, _Alloc>&)
     operator==(const vector<_Tp, _Alloc>& __x, const vector<_Tp, _Alloc>& __y)
     ^
/usr/include/c++/4.8/bits/stl_vector.h:1404:5: note:   template argument deduction/substitution failed:
In file included from /usr/include/c++/4.8/algorithm:62:0,
                 from ../src/Solver.h:13,
                 from ../src/Solver.cpp:8:
/usr/include/c++/4.8/bits/stl_algo.h:139:46: note:   ‘std::pair<sudoku::Symbol*, std::list<char>*>’ is not derived from ‘const std::vector<_Tp, _Alloc>’
       while (__first != __last && !(*__first == __val))
                                              ^
In file included from /usr/include/c++/4.8/list:63:0,
                 from ../src/Solver.h:12,
                 from ../src/Solver.cpp:8:
/usr/include/c++/4.8/bits/stl_list.h:276:5: note: template<class _Val> bool std::operator==(const std::_List_iterator<_Tp>&, const std::_List_const_iterator<_Val>&)
     operator==(const _List_iterator<_Val>& __x,
     ^
/usr/include/c++/4.8/bits/stl_list.h:276:5: note:   template argument deduction/substitution failed:
In file included from /usr/include/c++/4.8/algorithm:62:0,
                 from ../src/Solver.h:13,
                 from ../src/Solver.cpp:8:
/usr/include/c++/4.8/bits/stl_algo.h:139:46: note:   ‘std::pair<sudoku::Symbol*, std::list<char>*>’ is not derived from ‘const std::_List_iterator<_Tp>’
       while (__first != __last && !(*__first == __val))
                                              ^
In file included from /usr/include/c++/4.8/list:63:0,
                 from ../src/Solver.h:12,
                 from ../src/Solver.cpp:8:
/usr/include/c++/4.8/bits/stl_list.h:1602:5: note: template<class _Tp, class _Alloc> bool std::operator==(const std::list<_Tp, _Alloc>&, const std::list<_Tp, _Alloc>&)
     operator==(const list<_Tp, _Alloc>& __x, const list<_Tp, _Alloc>& __y)
     ^
/usr/include/c++/4.8/bits/stl_list.h:1602:5: note:   template argument deduction/substitution failed:
In file included from /usr/include/c++/4.8/algorithm:62:0,
                 from ../src/Solver.h:13,
                 from ../src/Solver.cpp:8:
/usr/include/c++/4.8/bits/stl_algo.h:139:46: note:   ‘std::pair<sudoku::Symbol*, std::list<char>*>’ is not derived from ‘const std::list<_Tp, _Alloc>’
       while (__first != __last && !(*__first == __val))
                                              ^
In file included from /usr/include/c++/4.8/iosfwd:40:0,
                 from /usr/include/c++/4.8/ios:38,
                 from /usr/include/c++/4.8/ostream:38,
                 from /usr/include/c++/4.8/iterator:64,
                 from ../src/Solver.h:14,
                 from ../src/Solver.cpp:8:
/usr/include/c++/4.8/bits/postypes.h:216:5: note: template<class _StateT> bool std::operator==(const std::fpos<_StateT>&, const std::fpos<_StateT>&)
     operator==(const fpos<_StateT>& __lhs, const fpos<_StateT>& __rhs)
     ^
/usr/include/c++/4.8/bits/postypes.h:216:5: note:   template argument deduction/substitution failed:
In file included from /usr/include/c++/4.8/algorithm:62:0,
                 from ../src/Solver.h:13,
                 from ../src/Solver.cpp:8:
/usr/include/c++/4.8/bits/stl_algo.h:139:46: note:   ‘std::pair<sudoku::Symbol*, std::list<char>*>’ is not derived from ‘const std::fpos<_StateT>’
       while (__first != __last && !(*__first == __val))
                                              ^
In file included from /usr/include/c++/4.8/string:52:0,
                 from /usr/include/c++/4.8/bits/locale_classes.h:40,
                 from /usr/include/c++/4.8/bits/ios_base.h:41,
                 from /usr/include/c++/4.8/ios:42,
                 from /usr/include/c++/4.8/ostream:38,
                 from /usr/include/c++/4.8/iterator:64,
                 from ../src/Solver.h:14,
                 from ../src/Solver.cpp:8:
/usr/include/c++/4.8/bits/basic_string.h:2486:5: note: template<class _CharT, class _Traits, class _Alloc> bool std::operator==(const std::basic_string<_CharT, _Traits, _Alloc>&, const std::basic_string<_CharT, _Traits, _Alloc>&)
     operator==(const basic_string<_CharT, _Traits, _Alloc>& __lhs,
     ^
/usr/include/c++/4.8/bits/basic_string.h:2486:5: note:   template argument deduction/substitution failed:
In file included from /usr/include/c++/4.8/algorithm:62:0,
                 from ../src/Solver.h:13,
                 from ../src/Solver.cpp:8:
/usr/include/c++/4.8/bits/stl_algo.h:139:46: note:   ‘std::pair<sudoku::Symbol*, std::list<char>*>’ is not derived from ‘const std::basic_string<_CharT, _Traits, _Alloc>’
       while (__first != __last && !(*__first == __val))
                                              ^
In file included from /usr/include/c++/4.8/string:52:0,
                 from /usr/include/c++/4.8/bits/locale_classes.h:40,
                 from /usr/include/c++/4.8/bits/ios_base.h:41,
                 from /usr/include/c++/4.8/ios:42,
                 from /usr/include/c++/4.8/ostream:38,
                 from /usr/include/c++/4.8/iterator:64,
                 from ../src/Solver.h:14,
                 from ../src/Solver.cpp:8:
/usr/include/c++/4.8/bits/basic_string.h:2493:5: note: template<class _CharT> typename __gnu_cxx::__enable_if<std::__is_char<_Tp>::__value, bool>::__type std::operator==(const std::basic_string<_CharT>&, const std::basic_string<_CharT>&)
     operator==(const basic_string<_CharT>& __lhs,
     ^
/usr/include/c++/4.8/bits/basic_string.h:2493:5: note:   template argument deduction/substitution failed:
In file included from /usr/include/c++/4.8/algorithm:62:0,
                 from ../src/Solver.h:13,
                 from ../src/Solver.cpp:8:
/usr/include/c++/4.8/bits/stl_algo.h:139:46: note:   ‘std::pair<sudoku::Symbol*, std::list<char>*>’ is not derived from ‘const std::basic_string<_CharT>’
       while (__first != __last && !(*__first == __val))
                                              ^
In file included from /usr/include/c++/4.8/string:52:0,
                 from /usr/include/c++/4.8/bits/locale_classes.h:40,
                 from /usr/include/c++/4.8/bits/ios_base.h:41,
                 from /usr/include/c++/4.8/ios:42,
                 from /usr/include/c++/4.8/ostream:38,
                 from /usr/include/c++/4.8/iterator:64,
                 from ../src/Solver.h:14,
                 from ../src/Solver.cpp:8:
/usr/include/c++/4.8/bits/basic_string.h:2507:5: note: template<class _CharT, class _Traits, class _Alloc> bool std::operator==(const _CharT*, const std::basic_string<_CharT, _Traits, _Alloc>&)
     operator==(const _CharT* __lhs,
     ^
/usr/include/c++/4.8/bits/basic_string.h:2507:5: note:   template argument deduction/substitution failed:
In file included from /usr/include/c++/4.8/algorithm:62:0,
                 from ../src/Solver.h:13,
                 from ../src/Solver.cpp:8:
/usr/include/c++/4.8/bits/stl_algo.h:139:46: note:   mismatched types ‘const _CharT*’ and ‘std::pair<sudoku::Symbol*, std::list<char>*>’
       while (__first != __last && !(*__first == __val))
                                              ^
In file included from /usr/include/c++/4.8/string:52:0,
                 from /usr/include/c++/4.8/bits/locale_classes.h:40,
                 from /usr/include/c++/4.8/bits/ios_base.h:41,
                 from /usr/include/c++/4.8/ios:42,
                 from /usr/include/c++/4.8/ostream:38,
                 from /usr/include/c++/4.8/iterator:64,
                 from ../src/Solver.h:14,
                 from ../src/Solver.cpp:8:
/usr/include/c++/4.8/bits/basic_string.h:2519:5: note: template<class _CharT, class _Traits, class _Alloc> bool std::operator==(const std::basic_string<_CharT, _Traits, _Alloc>&, const _CharT*)
     operator==(const basic_string<_CharT, _Traits, _Alloc>& __lhs,
     ^
/usr/include/c++/4.8/bits/basic_string.h:2519:5: note:   template argument deduction/substitution failed:
In file included from /usr/include/c++/4.8/algorithm:62:0,
                 from ../src/Solver.h:13,
                 from ../src/Solver.cpp:8:
/usr/include/c++/4.8/bits/stl_algo.h:139:46: note:   ‘std::pair<sudoku::Symbol*, std::list<char>*>’ is not derived from ‘const std::basic_string<_CharT, _Traits, _Alloc>’
       while (__first != __last && !(*__first == __val))
                                              ^
In file included from /usr/include/c++/4.8/bits/locale_facets.h:48:0,
                 from /usr/include/c++/4.8/bits/basic_ios.h:37,
                 from /usr/include/c++/4.8/ios:44,
                 from /usr/include/c++/4.8/ostream:38,
                 from /usr/include/c++/4.8/iterator:64,
                 from ../src/Solver.h:14,
                 from ../src/Solver.cpp:8:
/usr/include/c++/4.8/bits/streambuf_iterator.h:204:5: note: template<class _CharT, class _Traits> bool std::operator==(const std::istreambuf_iterator<_CharT, _Traits>&, const std::istreambuf_iterator<_CharT, _Traits>&)
     operator==(const istreambuf_iterator<_CharT, _Traits>& __a,
     ^
/usr/include/c++/4.8/bits/streambuf_iterator.h:204:5: note:   template argument deduction/substitution failed:
In file included from /usr/include/c++/4.8/algorithm:62:0,
                 from ../src/Solver.h:13,
                 from ../src/Solver.cpp:8:
/usr/include/c++/4.8/bits/stl_algo.h:139:46: note:   ‘std::pair<sudoku::Symbol*, std::list<char>*>’ is not derived from ‘const std::istreambuf_iterator<_CharT, _Traits>’
       while (__first != __last && !(*__first == __val))
                                              ^
In file included from /usr/include/c++/4.8/iterator:66:0,
                 from ../src/Solver.h:14,
                 from ../src/Solver.cpp:8:
/usr/include/c++/4.8/bits/stream_iterator.h:130:5: note: template<class _Tp, class _CharT, class _Traits, class _Dist> bool std::operator==(const std::istream_iterator<_Tp, _CharT, _Traits, _Dist>&, const std::istream_iterator<_Tp, _CharT, _Traits, _Dist>&)
     operator==(const istream_iterator<_Tp, _CharT, _Traits, _Dist>& __x,
     ^
/usr/include/c++/4.8/bits/stream_iterator.h:130:5: note:   template argument deduction/substitution failed:
In file included from /usr/include/c++/4.8/algorithm:62:0,
                 from ../src/Solver.h:13,
                 from ../src/Solver.cpp:8:
/usr/include/c++/4.8/bits/stl_algo.h:139:46: note:   ‘std::pair<sudoku::Symbol*, std::list<char>*>’ is not derived from ‘const std::istream_iterator<_Tp, _CharT, _Traits, _Dist>’
       while (__first != __last && !(*__first == __val))
                                              ^
In file included from /usr/include/c++/4.8/set:60:0,
                 from ../src/Sudoku.h:18,
                 from ../src/Solver.h:16,
                 from ../src/Solver.cpp:8:
/usr/include/c++/4.8/bits/stl_tree.h:310:5: note: template<class _Val> bool std::operator==(const std::_Rb_tree_iterator<_Tp>&, const std::_Rb_tree_const_iterator<_Val>&)
     operator==(const _Rb_tree_iterator<_Val>& __x,
     ^
/usr/include/c++/4.8/bits/stl_tree.h:310:5: note:   template argument deduction/substitution failed:
In file included from /usr/include/c++/4.8/algorithm:62:0,
                 from ../src/Solver.h:13,
                 from ../src/Solver.cpp:8:
/usr/include/c++/4.8/bits/stl_algo.h:139:46: note:   ‘std::pair<sudoku::Symbol*, std::list<char>*>’ is not derived from ‘const std::_Rb_tree_iterator<_Tp>’
       while (__first != __last && !(*__first == __val))
                                              ^
In file included from /usr/include/c++/4.8/set:60:0,
                 from ../src/Sudoku.h:18,
                 from ../src/Solver.h:16,
                 from ../src/Solver.cpp:8:
/usr/include/c++/4.8/bits/stl_tree.h:907:5: note: template<class _Key, class _Val, class _KeyOfValue, class _Compare, class _Alloc> bool std::operator==(const std::_Rb_tree<_Key, _Val, _KeyOfValue, _Compare, _Alloc>&, const std::_Rb_tree<_Key, _Val, _KeyOfValue, _Compare, _Alloc>&)
     operator==(const _Rb_tree<_Key, _Val, _KeyOfValue, _Compare, _Alloc>& __x,
     ^
/usr/include/c++/4.8/bits/stl_tree.h:907:5: note:   template argument deduction/substitution failed:
In file included from /usr/include/c++/4.8/algorithm:62:0,
                 from ../src/Solver.h:13,
                 from ../src/Solver.cpp:8:
/usr/include/c++/4.8/bits/stl_algo.h:139:46: note:   ‘std::pair<sudoku::Symbol*, std::list<char>*>’ is not derived from ‘const std::_Rb_tree<_Key, _Val, _KeyOfValue, _Compare, _Alloc>’
       while (__first != __last && !(*__first == __val))
                                              ^
In file included from /usr/include/c++/4.8/set:61:0,
                 from ../src/Sudoku.h:18,
                 from ../src/Solver.h:16,
                 from ../src/Solver.cpp:8:
/usr/include/c++/4.8/bits/stl_set.h:754:5: note: template<class _Key, class _Compare, class _Alloc> bool std::operator==(const std::set<_Key, _Compare, _Alloc>&, const std::set<_Key, _Compare, _Alloc>&)
     operator==(const set<_Key, _Compare, _Alloc>& __x,
     ^
/usr/include/c++/4.8/bits/stl_set.h:754:5: note:   template argument deduction/substitution failed:
In file included from /usr/include/c++/4.8/algorithm:62:0,
                 from ../src/Solver.h:13,
                 from ../src/Solver.cpp:8:
/usr/include/c++/4.8/bits/stl_algo.h:139:46: note:   ‘std::pair<sudoku::Symbol*, std::list<char>*>’ is not derived from ‘const std::set<_Key, _Compare, _Alloc>’
       while (__first != __last && !(*__first == __val))
                                              ^
In file included from /usr/include/c++/4.8/set:62:0,
                 from ../src/Sudoku.h:18,
                 from ../src/Solver.h:16,
                 from ../src/Solver.cpp:8:
/usr/include/c++/4.8/bits/stl_multiset.h:739:5: note: template<class _Key, class _Compare, class _Alloc> bool std::operator==(const std::multiset<_Key, _Compare, _Alloc>&, const std::multiset<_Key, _Compare, _Alloc>&)
     operator==(const multiset<_Key, _Compare, _Alloc>& __x,
     ^
/usr/include/c++/4.8/bits/stl_multiset.h:739:5: note:   template argument deduction/substitution failed:
In file included from /usr/include/c++/4.8/algorithm:62:0,
                 from ../src/Solver.h:13,
                 from ../src/Solver.cpp:8:
/usr/include/c++/4.8/bits/stl_algo.h:139:46: note:   ‘std::pair<sudoku::Symbol*, std::list<char>*>’ is not derived from ‘const std::multiset<_Key, _Compare, _Alloc>’
       while (__first != __last && !(*__first == __val))
                                              ^
In file included from /usr/include/x86_64-linux-gnu/c++/4.8/bits/c++allocator.h:33:0,
                 from /usr/include/c++/4.8/bits/allocator.h:46,
                 from /usr/include/c++/4.8/vector:61,
                 from ../src/Solver.h:11,
                 from ../src/Solver.cpp:8:
/usr/include/c++/4.8/ext/new_allocator.h:139:5: note: template<class _Tp> bool __gnu_cxx::operator==(const __gnu_cxx::new_allocator<_Tp>&, const __gnu_cxx::new_allocator<_Tp>&)
     operator==(const new_allocator<_Tp>&, const new_allocator<_Tp>&)
     ^
/usr/include/c++/4.8/ext/new_allocator.h:139:5: note:   template argument deduction/substitution failed:
In file included from /usr/include/c++/4.8/algorithm:62:0,
                 from ../src/Solver.h:13,
                 from ../src/Solver.cpp:8:
/usr/include/c++/4.8/bits/stl_algo.h:139:46: note:   ‘std::pair<sudoku::Symbol*, std::list<char>*>’ is not derived from ‘const __gnu_cxx::new_allocator<_Tp>’
       while (__first != __last && !(*__first == __val))
                                              ^
In file included from /usr/include/c++/4.8/bits/stl_algobase.h:67:0,
                 from /usr/include/c++/4.8/vector:60,
                 from ../src/Solver.h:11,
                 from ../src/Solver.cpp:8:
/usr/include/c++/4.8/bits/stl_iterator.h:811:5: note: template<class _Iterator, class _Container> bool __gnu_cxx::operator==(const __gnu_cxx::__normal_iterator<_Iterator, _Container>&, const __gnu_cxx::__normal_iterator<_Iterator, _Container>&)
     operator==(const __normal_iterator<_Iterator, _Container>& __lhs,
     ^
/usr/include/c++/4.8/bits/stl_iterator.h:811:5: note:   template argument deduction/substitution failed:
In file included from /usr/include/c++/4.8/algorithm:62:0,
                 from ../src/Solver.h:13,
                 from ../src/Solver.cpp:8:
/usr/include/c++/4.8/bits/stl_algo.h:139:46: note:   ‘std::pair<sudoku::Symbol*, std::list<char>*>’ is not derived from ‘const __gnu_cxx::__normal_iterator<_Iterator, _Container>’
       while (__first != __last && !(*__first == __val))
                                              ^
In file included from /usr/include/c++/4.8/bits/stl_algobase.h:67:0,
                 from /usr/include/c++/4.8/vector:60,
                 from ../src/Solver.h:11,
                 from ../src/Solver.cpp:8:
/usr/include/c++/4.8/bits/stl_iterator.h:805:5: note: template<class _IteratorL, class _IteratorR, class _Container> bool __gnu_cxx::operator==(const __gnu_cxx::__normal_iterator<_IteratorL, _Container>&, const __gnu_cxx::__normal_iterator<_IteratorR, _Container>&)
     operator==(const __normal_iterator<_IteratorL, _Container>& __lhs,
     ^
/usr/include/c++/4.8/bits/stl_iterator.h:805:5: note:   template argument deduction/substitution failed:
In file included from /usr/include/c++/4.8/algorithm:62:0,
                 from ../src/Solver.h:13,
                 from ../src/Solver.cpp:8:
/usr/include/c++/4.8/bits/stl_algo.h:139:46: note:   ‘std::pair<sudoku::Symbol*, std::list<char>*>’ is not derived from ‘const __gnu_cxx::__normal_iterator<_IteratorL, _Container>’
       while (__first != __last && !(*__first == __val))
                                              ^
make: *** [src/Solver.o] Error 1
19:30:55 **** Incremental Build of configuration Debug for project SudokuQlik ****
make all 
Building file: ../src/Solver.cpp
Invoking: GCC C++ Compiler
g++ -D_DEBUG=1 -O0 -g3 -Wall -c -fmessage-length=0 -MMD -MP -MF"src/Solver.d" -MT"src/Solver.d" -o "src/Solver.o" "../src/Solver.cpp"
In file included from /usr/include/c++/4.8/algorithm:62:0,
                 from ../src/Solver.h:13,
                 from ../src/Solver.cpp:8:
/usr/include/c++/4.8/bits/stl_algo.h: In instantiation of ‘_InputIterator std::__find(_InputIterator, _InputIterator, const _Tp&, std::input_iterator_tag) [with _InputIterator = std::_List_iterator<std::pair<sudoku::Symbol*, std::list<char>*> >; _Tp = sudoku::SymbolFinder]’:
/usr/include/c++/4.8/bits/stl_algo.h:4441:45:   required from ‘_IIter std::find(_IIter, _IIter, const _Tp&) [with _IIter = std::_List_iterator<std::pair<sudoku::Symbol*, std::list<char>*> >; _Tp = sudoku::SymbolFinder]’
../src/Solver.cpp:287:126:   required from here
/usr/include/c++/4.8/bits/stl_algo.h:139:46: error: no match for ‘operator==’ (operand types are ‘std::pair<sudoku::Symbol*, std::list<char>*>’ and ‘const sudoku::SymbolFinder’)
       while (__first != __last && !(*__first == __val))
                                              ^
/usr/include/c++/4.8/bits/stl_algo.h:139:46: note: candidates are:
In file included from /usr/include/c++/4.8/bits/stl_algobase.h:64:0,
                 from /usr/include/c++/4.8/vector:60,
                 from ../src/Solver.h:11,
                 from ../src/Solver.cpp:8:
/usr/include/c++/4.8/bits/stl_pair.h:214:5: note: template<class _T1, class _T2> bool std::operator==(const std::pair<_T1, _T2>&, const std::pair<_T1, _T2>&)
     operator==(const pair<_T1, _T2>& __x, const pair<_T1, _T2>& __y)
     ^
/usr/include/c++/4.8/bits/stl_pair.h:214:5: note:   template argument deduction/substitution failed:
In file included from /usr/include/c++/4.8/algorithm:62:0,
                 from ../src/Solver.h:13,
                 from ../src/Solver.cpp:8:
/usr/include/c++/4.8/bits/stl_algo.h:139:46: note:   ‘const sudoku::SymbolFinder’ is not derived from ‘const std::pair<_T1, _T2>’
       while (__first != __last && !(*__first == __val))
                                              ^
In file included from /usr/include/c++/4.8/bits/stl_algobase.h:67:0,
                 from /usr/include/c++/4.8/vector:60,
                 from ../src/Solver.h:11,
                 from ../src/Solver.cpp:8:
/usr/include/c++/4.8/bits/stl_iterator.h:291:5: note: template<class _Iterator> bool std::operator==(const std::reverse_iterator<_Iterator>&, const std::reverse_iterator<_Iterator>&)
     operator==(const reverse_iterator<_Iterator>& __x,
     ^
/usr/include/c++/4.8/bits/stl_iterator.h:291:5: note:   template argument deduction/substitution failed:
In file included from /usr/include/c++/4.8/algorithm:62:0,
                 from ../src/Solver.h:13,
                 from ../src/Solver.cpp:8:
/usr/include/c++/4.8/bits/stl_algo.h:139:46: note:   ‘std::pair<sudoku::Symbol*, std::list<char>*>’ is not derived from ‘const std::reverse_iterator<_Iterator>’
       while (__first != __last && !(*__first == __val))
                                              ^
In file included from /usr/include/c++/4.8/bits/stl_algobase.h:67:0,
                 from /usr/include/c++/4.8/vector:60,
                 from ../src/Solver.h:11,
                 from ../src/Solver.cpp:8:
/usr/include/c++/4.8/bits/stl_iterator.h:341:5: note: template<class _IteratorL, class _IteratorR> bool std::operator==(const std::reverse_iterator<_Iterator>&, const std::reverse_iterator<_IteratorR>&)
     operator==(const reverse_iterator<_IteratorL>& __x,
     ^
/usr/include/c++/4.8/bits/stl_iterator.h:341:5: note:   template argument deduction/substitution failed:
In file included from /usr/include/c++/4.8/algorithm:62:0,
                 from ../src/Solver.h:13,
                 from ../src/Solver.cpp:8:
/usr/include/c++/4.8/bits/stl_algo.h:139:46: note:   ‘std::pair<sudoku::Symbol*, std::list<char>*>’ is not derived from ‘const std::reverse_iterator<_Iterator>’
       while (__first != __last && !(*__first == __val))
                                              ^
In file included from /usr/include/c++/4.8/vector:61:0,
                 from ../src/Solver.h:11,
                 from ../src/Solver.cpp:8:
/usr/include/c++/4.8/bits/allocator.h:128:5: note: template<class _T1, class _T2> bool std::operator==(const std::allocator<_Tp1>&, const std::allocator<_T2>&)
     operator==(const allocator<_T1>&, const allocator<_T2>&)
     ^
/usr/include/c++/4.8/bits/allocator.h:128:5: note:   template argument deduction/substitution failed:
In file included from /usr/include/c++/4.8/algorithm:62:0,
                 from ../src/Solver.h:13,
                 from ../src/Solver.cpp:8:
/usr/include/c++/4.8/bits/stl_algo.h:139:46: note:   ‘std::pair<sudoku::Symbol*, std::list<char>*>’ is not derived from ‘const std::allocator<_Tp1>’
       while (__first != __last && !(*__first == __val))
                                              ^
In file included from /usr/include/c++/4.8/vector:61:0,
                 from ../src/Solver.h:11,
                 from ../src/Solver.cpp:8:
/usr/include/c++/4.8/bits/allocator.h:133:5: note: template<class _Tp> bool std::operator==(const std::allocator<_Tp1>&, const std::allocator<_Tp1>&)
     operator==(const allocator<_Tp>&, const allocator<_Tp>&)
     ^
/usr/include/c++/4.8/bits/allocator.h:133:5: note:   template argument deduction/substitution failed:
In file included from /usr/include/c++/4.8/algorithm:62:0,
                 from ../src/Solver.h:13,
                 from ../src/Solver.cpp:8:
/usr/include/c++/4.8/bits/stl_algo.h:139:46: note:   ‘std::pair<sudoku::Symbol*, std::list<char>*>’ is not derived from ‘const std::allocator<_Tp1>’
       while (__first != __last && !(*__first == __val))
                                              ^
In file included from /usr/include/c++/4.8/vector:64:0,
                 from ../src/Solver.h:11,
                 from ../src/Solver.cpp:8:
/usr/include/c++/4.8/bits/stl_vector.h:1404:5: note: template<class _Tp, class _Alloc> bool std::operator==(const std::vector<_Tp, _Alloc>&, const std::vector<_Tp, _Alloc>&)
     operator==(const vector<_Tp, _Alloc>& __x, const vector<_Tp, _Alloc>& __y)
     ^
/usr/include/c++/4.8/bits/stl_vector.h:1404:5: note:   template argument deduction/substitution failed:
In file included from /usr/include/c++/4.8/algorithm:62:0,
                 from ../src/Solver.h:13,
                 from ../src/Solver.cpp:8:
/usr/include/c++/4.8/bits/stl_algo.h:139:46: note:   ‘std::pair<sudoku::Symbol*, std::list<char>*>’ is not derived from ‘const std::vector<_Tp, _Alloc>’
       while (__first != __last && !(*__first == __val))
                                              ^
In file included from /usr/include/c++/4.8/list:63:0,
                 from ../src/Solver.h:12,
                 from ../src/Solver.cpp:8:
/usr/include/c++/4.8/bits/stl_list.h:276:5: note: template<class _Val> bool std::operator==(const std::_List_iterator<_Tp>&, const std::_List_const_iterator<_Val>&)
     operator==(const _List_iterator<_Val>& __x,
     ^
/usr/include/c++/4.8/bits/stl_list.h:276:5: note:   template argument deduction/substitution failed:
In file included from /usr/include/c++/4.8/algorithm:62:0,
                 from ../src/Solver.h:13,
                 from ../src/Solver.cpp:8:
/usr/include/c++/4.8/bits/stl_algo.h:139:46: note:   ‘std::pair<sudoku::Symbol*, std::list<char>*>’ is not derived from ‘const std::_List_iterator<_Tp>’
       while (__first != __last && !(*__first == __val))
                                              ^
In file included from /usr/include/c++/4.8/list:63:0,
                 from ../src/Solver.h:12,
                 from ../src/Solver.cpp:8:
/usr/include/c++/4.8/bits/stl_list.h:1602:5: note: template<class _Tp, class _Alloc> bool std::operator==(const std::list<_Tp, _Alloc>&, const std::list<_Tp, _Alloc>&)
     operator==(const list<_Tp, _Alloc>& __x, const list<_Tp, _Alloc>& __y)
     ^
/usr/include/c++/4.8/bits/stl_list.h:1602:5: note:   template argument deduction/substitution failed:
In file included from /usr/include/c++/4.8/algorithm:62:0,
                 from ../src/Solver.h:13,
                 from ../src/Solver.cpp:8:
/usr/include/c++/4.8/bits/stl_algo.h:139:46: note:   ‘std::pair<sudoku::Symbol*, std::list<char>*>’ is not derived from ‘const std::list<_Tp, _Alloc>’
       while (__first != __last && !(*__first == __val))
                                              ^
In file included from /usr/include/c++/4.8/iosfwd:40:0,
                 from /usr/include/c++/4.8/ios:38,
                 from /usr/include/c++/4.8/ostream:38,
                 from /usr/include/c++/4.8/iterator:64,
                 from ../src/Solver.h:14,
                 from ../src/Solver.cpp:8:
/usr/include/c++/4.8/bits/postypes.h:216:5: note: template<class _StateT> bool std::operator==(const std::fpos<_StateT>&, const std::fpos<_StateT>&)
     operator==(const fpos<_StateT>& __lhs, const fpos<_StateT>& __rhs)
     ^
/usr/include/c++/4.8/bits/postypes.h:216:5: note:   template argument deduction/substitution failed:
In file included from /usr/include/c++/4.8/algorithm:62:0,
                 from ../src/Solver.h:13,
                 from ../src/Solver.cpp:8:
/usr/include/c++/4.8/bits/stl_algo.h:139:46: note:   ‘std::pair<sudoku::Symbol*, std::list<char>*>’ is not derived from ‘const std::fpos<_StateT>’
       while (__first != __last && !(*__first == __val))
                                              ^
In file included from /usr/include/c++/4.8/string:52:0,
                 from /usr/include/c++/4.8/bits/locale_classes.h:40,
                 from /usr/include/c++/4.8/bits/ios_base.h:41,
                 from /usr/include/c++/4.8/ios:42,
                 from /usr/include/c++/4.8/ostream:38,
                 from /usr/include/c++/4.8/iterator:64,
                 from ../src/Solver.h:14,
                 from ../src/Solver.cpp:8:
/usr/include/c++/4.8/bits/basic_string.h:2486:5: note: template<class _CharT, class _Traits, class _Alloc> bool std::operator==(const std::basic_string<_CharT, _Traits, _Alloc>&, const std::basic_string<_CharT, _Traits, _Alloc>&)
     operator==(const basic_string<_CharT, _Traits, _Alloc>& __lhs,
     ^
/usr/include/c++/4.8/bits/basic_string.h:2486:5: note:   template argument deduction/substitution failed:
In file included from /usr/include/c++/4.8/algorithm:62:0,
                 from ../src/Solver.h:13,
                 from ../src/Solver.cpp:8:
/usr/include/c++/4.8/bits/stl_algo.h:139:46: note:   ‘std::pair<sudoku::Symbol*, std::list<char>*>’ is not derived from ‘const std::basic_string<_CharT, _Traits, _Alloc>’
       while (__first != __last && !(*__first == __val))
                                              ^
In file included from /usr/include/c++/4.8/string:52:0,
                 from /usr/include/c++/4.8/bits/locale_classes.h:40,
                 from /usr/include/c++/4.8/bits/ios_base.h:41,
                 from /usr/include/c++/4.8/ios:42,
                 from /usr/include/c++/4.8/ostream:38,
                 from /usr/include/c++/4.8/iterator:64,
                 from ../src/Solver.h:14,
                 from ../src/Solver.cpp:8:
/usr/include/c++/4.8/bits/basic_string.h:2493:5: note: template<class _CharT> typename __gnu_cxx::__enable_if<std::__is_char<_Tp>::__value, bool>::__type std::operator==(const std::basic_string<_CharT>&, const std::basic_string<_CharT>&)
     operator==(const basic_string<_CharT>& __lhs,
     ^
/usr/include/c++/4.8/bits/basic_string.h:2493:5: note:   template argument deduction/substitution failed:
In file included from /usr/include/c++/4.8/algorithm:62:0,
                 from ../src/Solver.h:13,
                 from ../src/Solver.cpp:8:
/usr/include/c++/4.8/bits/stl_algo.h:139:46: note:   ‘std::pair<sudoku::Symbol*, std::list<char>*>’ is not derived from ‘const std::basic_string<_CharT>’
       while (__first != __last && !(*__first == __val))
                                              ^
In file included from /usr/include/c++/4.8/string:52:0,
                 from /usr/include/c++/4.8/bits/locale_classes.h:40,
                 from /usr/include/c++/4.8/bits/ios_base.h:41,
                 from /usr/include/c++/4.8/ios:42,
                 from /usr/include/c++/4.8/ostream:38,
                 from /usr/include/c++/4.8/iterator:64,
                 from ../src/Solver.h:14,
                 from ../src/Solver.cpp:8:
/usr/include/c++/4.8/bits/basic_string.h:2507:5: note: template<class _CharT, class _Traits, class _Alloc> bool std::operator==(const _CharT*, const std::basic_string<_CharT, _Traits, _Alloc>&)
     operator==(const _CharT* __lhs,
     ^
/usr/include/c++/4.8/bits/basic_string.h:2507:5: note:   template argument deduction/substitution failed:
In file included from /usr/include/c++/4.8/algorithm:62:0,
                 from ../src/Solver.h:13,
                 from ../src/Solver.cpp:8:
/usr/include/c++/4.8/bits/stl_algo.h:139:46: note:   mismatched types ‘const _CharT*’ and ‘std::pair<sudoku::Symbol*, std::list<char>*>’
       while (__first != __last && !(*__first == __val))
                                              ^
In file included from /usr/include/c++/4.8/string:52:0,
                 from /usr/include/c++/4.8/bits/locale_classes.h:40,
                 from /usr/include/c++/4.8/bits/ios_base.h:41,
                 from /usr/include/c++/4.8/ios:42,
                 from /usr/include/c++/4.8/ostream:38,
                 from /usr/include/c++/4.8/iterator:64,
                 from ../src/Solver.h:14,
                 from ../src/Solver.cpp:8:
/usr/include/c++/4.8/bits/basic_string.h:2519:5: note: template<class _CharT, class _Traits, class _Alloc> bool std::operator==(const std::basic_string<_CharT, _Traits, _Alloc>&, const _CharT*)
     operator==(const basic_string<_CharT, _Traits, _Alloc>& __lhs,
     ^
/usr/include/c++/4.8/bits/basic_string.h:2519:5: note:   template argument deduction/substitution failed:
In file included from /usr/include/c++/4.8/algorithm:62:0,
                 from ../src/Solver.h:13,
                 from ../src/Solver.cpp:8:
/usr/include/c++/4.8/bits/stl_algo.h:139:46: note:   ‘std::pair<sudoku::Symbol*, std::list<char>*>’ is not derived from ‘const std::basic_string<_CharT, _Traits, _Alloc>’
       while (__first != __last && !(*__first == __val))
                                              ^
In file included from /usr/include/c++/4.8/bits/locale_facets.h:48:0,
                 from /usr/include/c++/4.8/bits/basic_ios.h:37,
                 from /usr/include/c++/4.8/ios:44,
                 from /usr/include/c++/4.8/ostream:38,
                 from /usr/include/c++/4.8/iterator:64,
                 from ../src/Solver.h:14,
                 from ../src/Solver.cpp:8:
/usr/include/c++/4.8/bits/streambuf_iterator.h:204:5: note: template<class _CharT, class _Traits> bool std::operator==(const std::istreambuf_iterator<_CharT, _Traits>&, const std::istreambuf_iterator<_CharT, _Traits>&)
     operator==(const istreambuf_iterator<_CharT, _Traits>& __a,
     ^
/usr/include/c++/4.8/bits/streambuf_iterator.h:204:5: note:   template argument deduction/substitution failed:
In file included from /usr/include/c++/4.8/algorithm:62:0,
                 from ../src/Solver.h:13,
                 from ../src/Solver.cpp:8:
/usr/include/c++/4.8/bits/stl_algo.h:139:46: note:   ‘std::pair<sudoku::Symbol*, std::list<char>*>’ is not derived from ‘const std::istreambuf_iterator<_CharT, _Traits>’
       while (__first != __last && !(*__first == __val))
                                              ^
In file included from /usr/include/c++/4.8/iterator:66:0,
                 from ../src/Solver.h:14,
                 from ../src/Solver.cpp:8:
/usr/include/c++/4.8/bits/stream_iterator.h:130:5: note: template<class _Tp, class _CharT, class _Traits, class _Dist> bool std::operator==(const std::istream_iterator<_Tp, _CharT, _Traits, _Dist>&, const std::istream_iterator<_Tp, _CharT, _Traits, _Dist>&)
     operator==(const istream_iterator<_Tp, _CharT, _Traits, _Dist>& __x,
     ^
/usr/include/c++/4.8/bits/stream_iterator.h:130:5: note:   template argument deduction/substitution failed:
In file included from /usr/include/c++/4.8/algorithm:62:0,
                 from ../src/Solver.h:13,
                 from ../src/Solver.cpp:8:
/usr/include/c++/4.8/bits/stl_algo.h:139:46: note:   ‘std::pair<sudoku::Symbol*, std::list<char>*>’ is not derived from ‘const std::istream_iterator<_Tp, _CharT, _Traits, _Dist>’
       while (__first != __last && !(*__first == __val))
                                              ^
In file included from /usr/include/c++/4.8/set:60:0,
                 from ../src/Sudoku.h:18,
                 from ../src/Solver.h:16,
                 from ../src/Solver.cpp:8:
/usr/include/c++/4.8/bits/stl_tree.h:310:5: note: template<class _Val> bool std::operator==(const std::_Rb_tree_iterator<_Tp>&, const std::_Rb_tree_const_iterator<_Val>&)
     operator==(const _Rb_tree_iterator<_Val>& __x,
     ^
/usr/include/c++/4.8/bits/stl_tree.h:310:5: note:   template argument deduction/substitution failed:
In file included from /usr/include/c++/4.8/algorithm:62:0,
                 from ../src/Solver.h:13,
                 from ../src/Solver.cpp:8:
/usr/include/c++/4.8/bits/stl_algo.h:139:46: note:   ‘std::pair<sudoku::Symbol*, std::list<char>*>’ is not derived from ‘const std::_Rb_tree_iterator<_Tp>’
       while (__first != __last && !(*__first == __val))
                                              ^
In file included from /usr/include/c++/4.8/set:60:0,
                 from ../src/Sudoku.h:18,
                 from ../src/Solver.h:16,
                 from ../src/Solver.cpp:8:
/usr/include/c++/4.8/bits/stl_tree.h:907:5: note: template<class _Key, class _Val, class _KeyOfValue, class _Compare, class _Alloc> bool std::operator==(const std::_Rb_tree<_Key, _Val, _KeyOfValue, _Compare, _Alloc>&, const std::_Rb_tree<_Key, _Val, _KeyOfValue, _Compare, _Alloc>&)
     operator==(const _Rb_tree<_Key, _Val, _KeyOfValue, _Compare, _Alloc>& __x,
     ^
/usr/include/c++/4.8/bits/stl_tree.h:907:5: note:   template argument deduction/substitution failed:
In file included from /usr/include/c++/4.8/algorithm:62:0,
                 from ../src/Solver.h:13,
                 from ../src/Solver.cpp:8:
/usr/include/c++/4.8/bits/stl_algo.h:139:46: note:   ‘std::pair<sudoku::Symbol*, std::list<char>*>’ is not derived from ‘const std::_Rb_tree<_Key, _Val, _KeyOfValue, _Compare, _Alloc>’
       while (__first != __last && !(*__first == __val))
                                              ^
In file included from /usr/include/c++/4.8/set:61:0,
                 from ../src/Sudoku.h:18,
                 from ../src/Solver.h:16,
                 from ../src/Solver.cpp:8:
/usr/include/c++/4.8/bits/stl_set.h:754:5: note: template<class _Key, class _Compare, class _Alloc> bool std::operator==(const std::set<_Key, _Compare, _Alloc>&, const std::set<_Key, _Compare, _Alloc>&)
     operator==(const set<_Key, _Compare, _Alloc>& __x,
     ^
/usr/include/c++/4.8/bits/stl_set.h:754:5: note:   template argument deduction/substitution failed:
In file included from /usr/include/c++/4.8/algorithm:62:0,
                 from ../src/Solver.h:13,
                 from ../src/Solver.cpp:8:
/usr/include/c++/4.8/bits/stl_algo.h:139:46: note:   ‘std::pair<sudoku::Symbol*, std::list<char>*>’ is not derived from ‘const std::set<_Key, _Compare, _Alloc>’
       while (__first != __last && !(*__first == __val))
                                              ^
In file included from /usr/include/c++/4.8/set:62:0,
                 from ../src/Sudoku.h:18,
                 from ../src/Solver.h:16,
                 from ../src/Solver.cpp:8:
/usr/include/c++/4.8/bits/stl_multiset.h:739:5: note: template<class _Key, class _Compare, class _Alloc> bool std::operator==(const std::multiset<_Key, _Compare, _Alloc>&, const std::multiset<_Key, _Compare, _Alloc>&)
     operator==(const multiset<_Key, _Compare, _Alloc>& __x,
     ^
/usr/include/c++/4.8/bits/stl_multiset.h:739:5: note:   template argument deduction/substitution failed:
In file included from /usr/include/c++/4.8/algorithm:62:0,
                 from ../src/Solver.h:13,
                 from ../src/Solver.cpp:8:
/usr/include/c++/4.8/bits/stl_algo.h:139:46: note:   ‘std::pair<sudoku::Symbol*, std::list<char>*>’ is not derived from ‘const std::multiset<_Key, _Compare, _Alloc>’
       while (__first != __last && !(*__first == __val))
                                              ^
In file included from /usr/include/x86_64-linux-gnu/c++/4.8/bits/c++allocator.h:33:0,
                 from /usr/include/c++/4.8/bits/allocator.h:46,
                 from /usr/include/c++/4.8/vector:61,
                 from ../src/Solver.h:11,
                 from ../src/Solver.cpp:8:
/usr/include/c++/4.8/ext/new_allocator.h:139:5: note: template<class _Tp> bool __gnu_cxx::operator==(const __gnu_cxx::new_allocator<_Tp>&, const __gnu_cxx::new_allocator<_Tp>&)
     operator==(const new_allocator<_Tp>&, const new_allocator<_Tp>&)
     ^
/usr/include/c++/4.8/ext/new_allocator.h:139:5: note:   template argument deduction/substitution failed:
In file included from /usr/include/c++/4.8/algorithm:62:0,
                 from ../src/Solver.h:13,
                 from ../src/Solver.cpp:8:
/usr/include/c++/4.8/bits/stl_algo.h:139:46: note:   ‘std::pair<sudoku::Symbol*, std::list<char>*>’ is not derived from ‘const __gnu_cxx::new_allocator<_Tp>’
       while (__first != __last && !(*__first == __val))
                                              ^
In file included from /usr/include/c++/4.8/bits/stl_algobase.h:67:0,
                 from /usr/include/c++/4.8/vector:60,
                 from ../src/Solver.h:11,
                 from ../src/Solver.cpp:8:
/usr/include/c++/4.8/bits/stl_iterator.h:811:5: note: template<class _Iterator, class _Container> bool __gnu_cxx::operator==(const __gnu_cxx::__normal_iterator<_Iterator, _Container>&, const __gnu_cxx::__normal_iterator<_Iterator, _Container>&)
     operator==(const __normal_iterator<_Iterator, _Container>& __lhs,
     ^
/usr/include/c++/4.8/bits/stl_iterator.h:811:5: note:   template argument deduction/substitution failed:
In file included from /usr/include/c++/4.8/algorithm:62:0,
                 from ../src/Solver.h:13,
                 from ../src/Solver.cpp:8:
/usr/include/c++/4.8/bits/stl_algo.h:139:46: note:   ‘std::pair<sudoku::Symbol*, std::list<char>*>’ is not derived from ‘const __gnu_cxx::__normal_iterator<_Iterator, _Container>’
       while (__first != __last && !(*__first == __val))
                                              ^
In file included from /usr/include/c++/4.8/bits/stl_algobase.h:67:0,
                 from /usr/include/c++/4.8/vector:60,
                 from ../src/Solver.h:11,
                 from ../src/Solver.cpp:8:
/usr/include/c++/4.8/bits/stl_iterator.h:805:5: note: template<class _IteratorL, class _IteratorR, class _Container> bool __gnu_cxx::operator==(const __gnu_cxx::__normal_iterator<_IteratorL, _Container>&, const __gnu_cxx::__normal_iterator<_IteratorR, _Container>&)
     operator==(const __normal_iterator<_IteratorL, _Container>& __lhs,
     ^
/usr/include/c++/4.8/bits/stl_iterator.h:805:5: note:   template argument deduction/substitution failed:
In file included from /usr/include/c++/4.8/algorithm:62:0,
                 from ../src/Solver.h:13,
                 from ../src/Solver.cpp:8:
/usr/include/c++/4.8/bits/stl_algo.h:139:46: note:   ‘std::pair<sudoku::Symbol*, std::list<char>*>’ is not derived from ‘const __gnu_cxx::__normal_iterator<_IteratorL, _Container>’
       while (__first != __last && !(*__first == __val))
                                              ^
make: *** [src/Solver.o] Error 1
19:32:49 **** Incremental Build of configuration Debug for project SudokuQlik ****
make all 
Building file: ../src/Solver.cpp
Invoking: GCC C++ Compiler
g++ -D_DEBUG=1 -O0 -g3 -Wall -c -fmessage-length=0 -MMD -MP -MF"src/Solver.d" -MT"src/Solver.d" -o "src/Solver.o" "../src/Solver.cpp"
Finished building: ../src/Solver.cpp
 
Building target: SudokuQlik
Invoking: GCC C++ Linker
g++ -pthread -L-L/opt/boost/boost_1_57_0/stage/lib -o "SudokuQlik"  ./src/Solver.o ./src/Sudoku.o ./src/SudokuQlik.o   -lboost_system -lboost_thread
Finished building target: SudokuQlik
 
19:33:38 **** Incremental Build of configuration Debug for project SudokuQlik ****
make all 
Building file: ../src/Solver.cpp
Invoking: GCC C++ Compiler
g++ -D_DEBUG=1 -O0 -g3 -Wall -c -fmessage-length=0 -MMD -MP -MF"src/Solver.d" -MT"src/Solver.d" -o "src/Solver.o" "../src/Solver.cpp"
Finished building: ../src/Solver.cpp
 
Building target: SudokuQlik
Invoking: GCC C++ Linker
g++ -pthread -L-L/opt/boost/boost_1_57_0/stage/lib -o "SudokuQlik"  ./src/Solver.o ./src/Sudoku.o ./src/SudokuQlik.o   -lboost_system -lboost_thread
Finished building target: SudokuQlik
 
19:35:37 **** Incremental Build of configuration Debug for project SudokuQlik ****
make all 
Building file: ../src/Solver.cpp
Invoking: GCC C++ Compiler
g++ -D_DEBUG=1 -O0 -g3 -Wall -c -fmessage-length=0 -MMD -MP -MF"src/Solver.d" -MT"src/Solver.d" -o "src/Solver.o" "../src/Solver.cpp"
Finished building: ../src/Solver.cpp
 
Building target: SudokuQlik
Invoking: GCC C++ Linker
g++ -pthread -L-L/opt/boost/boost_1_57_0/stage/lib -o "SudokuQlik"  ./src/Solver.o ./src/Sudoku.o ./src/SudokuQlik.o   -lboost_system -lboost_thread
Finished building target: SudokuQlik
 
19:37:15 **** Incremental Build of configuration Debug for project SudokuQlik ****
make all 
Building file: ../src/Solver.cpp
Invoking: GCC C++ Compiler
g++ -D_DEBUG=1 -O0 -g3 -Wall -c -fmessage-length=0 -MMD -MP -MF"src/Solver.d" -MT"src/Solver.d" -o "src/Solver.o" "../src/Solver.cpp"
Finished building: ../src/Solver.cpp
 
Building target: SudokuQlik
Invoking: GCC C++ Linker
g++ -pthread -L-L/opt/boost/boost_1_57_0/stage/lib -o "SudokuQlik"  ./src/Solver.o ./src/Sudoku.o ./src/SudokuQlik.o   -lboost_system -lboost_thread
Finished building target: SudokuQlik
 
